Sun Oct 22 17:25:29 MDT 2023: Application Started
IOR-4.1.0+dev: MPI Coordinated Test of Parallel I/O
Began               : Sun Oct 22 17:25:33 2023
Command line        : /projects/ovis/darshanConnector/apps/rhel9.7/ior/src/ior -i 6 -b 2m -t 1m -s 6 -F -C -e -k -o /tmp/tmp.dJNPwjm8QH
Machine             : Linux n4
TestID              : 0
StartTime           : Sun Oct 22 17:25:33 2023
Path                : /tmp/tmp.dJNPwjm8QH.00000000
FS                  : 0.5 GiB   Used FS: 5.3%   Inodes: 15.7 Mi   Used Inodes: 0.0%

Options: 
api                 : POSIX
apiVersion          : 
test filename       : /tmp/tmp.dJNPwjm8QH
access              : file-per-process
type                : independent
segments            : 6
ordering in a file  : sequential
ordering inter file : constant task offset
task offset         : 1
nodes               : 1
tasks               : 36
clients per node    : 36
memoryBuffer        : CPU
dataAccess          : CPU
GPUDirect           : 0
repetitions         : 6
xfersize            : 1 MiB
blocksize           : 2 MiB
aggregate filesize  : 432 MiB

Results: 

access    bw(MiB/s)  IOPS       Latency(s)  block(KiB) xfer(KiB)  open(s)    wr/rd(s)   close(s)   total(s)   iter
------    ---------  ----       ----------  ---------- ---------  --------   --------   --------   --------   ----
write     48797      49913      0.004219    2048.00    1024.00    0.000344   0.008655   0.000680   0.008853   0   
read      59958      61094      0.003474    2048.00    1024.00    0.000147   0.007071   0.001199   0.007205   0   
write     49873      50651      0.004190    2048.00    1024.00    0.000245   0.008529   0.001061   0.008662   1   
read      57257      58230      0.003571    2048.00    1024.00    0.000183   0.007419   0.001418   0.007545   1   
write     47172      48031      0.004258    2048.00    1024.00    0.000302   0.008994   0.001416   0.009158   2   
read      57562      58544      0.003622    2048.00    1024.00    0.000213   0.007379   0.001479   0.007505   2   
write     47333      48144      0.004142    2048.00    1024.00    0.000275   0.008973   0.001272   0.009127   3   
read      57615      58559      0.003594    2048.00    1024.00    0.000158   0.007377   0.001441   0.007498   3   
write     47572      48490      0.004149    2048.00    1024.00    0.000270   0.008909   0.001411   0.009081   4   
read      56931      57830      0.003599    2048.00    1024.00    0.000174   0.007470   0.001560   0.007588   4   
write     47973      48874      0.004184    2048.00    1024.00    0.000277   0.008839   0.001215   0.009005   5   
read      56522      57516      0.003650    2048.00    1024.00    0.000159   0.007511   0.001584   0.007643   5   

Summary of all tests:
Operation   Max(MiB)   Min(MiB)  Mean(MiB)     StdDev   Max(OPs)   Min(OPs)  Mean(OPs)     StdDev    Mean(s) Stonewall(s) Stonewall(MiB) Test# #Tasks tPN reps fPP reord reordoff reordrand seed segcnt   blksiz    xsize aggs(MiB)   API RefNum
write       49873.09   47172.41   48120.13     946.16   49873.09   47172.41   48120.13     946.16    0.00898         NA            NA     0     36  36    6   1     1        1         0    0      6  2097152  1048576     432.0 POSIX      0
read        59958.28   56522.42   57640.89    1101.51   59958.28   56522.42   57640.89    1101.51    0.00750         NA            NA     0     36  36    6   1     1        1         0    0      6  2097152  1048576     432.0 POSIX      0
Finished            : Sun Oct 22 17:25:33 2023
Sun Oct 22 17:25:34 MDT 2023: Application Ended
The DiffOfTime = 4.548762534
