Fri Apr 19 21:54:03 MDT 2024: Application Started
IOR-4.1.0+dev: MPI Coordinated Test of Parallel I/O
Began               : Fri Apr 19 21:54:07 2024
Command line        : /projects/ovis/darshanConnector/apps/rhel9.7/ior/build/bin/ior -i 2 -b 16m -t 4m -s 32 -F -C -e -k -o /pscratch/user/iorTest/darshan
Machine             : Linux n1119
TestID              : 0
StartTime           : Fri Apr 19 21:54:07 2024
Path                : /pscratch/user/iorTest/darshan.00000000
FS                  : 18684.8 TiB   Used FS: 79.6%   Inodes: 6348.6 Mi   Used Inodes: 40.0%

Options: 
api                 : POSIX
apiVersion          : 
test filename       : /pscratch/user/iorTest/darshan
access              : file-per-process
type                : independent
segments            : 32
ordering in a file  : sequential
ordering inter file : constant task offset
task offset         : 1
nodes               : 1
tasks               : 36
clients per node    : 36
memoryBuffer        : CPU
dataAccess          : CPU
GPUDirect           : 0
repetitions         : 2
xfersize            : 4 MiB
blocksize           : 16 MiB
aggregate filesize  : 18 GiB

Results: 

access    bw(MiB/s)  IOPS       Latency(s)  block(KiB) xfer(KiB)  open(s)    wr/rd(s)   close(s)   total(s)   iter
------    ---------  ----       ----------  ---------- ---------  --------   --------   --------   --------   ----
write     7222       1808.42    0.396407    16384      4096       0.049625   2.55       1.18       2.55       0   
read      39185      9823       0.114969    16384      4096       0.003598   0.469120   0.088429   0.470388   0   
write     4491       1123.60    0.883033    16384      4096       0.046358   4.10       0.977625   4.10       1   
read      37104      9301       0.093568    16384      4096       0.003719   0.495454   0.128468   0.496770   1   

Summary of all tests:
Operation   Max(MiB)   Min(MiB)  Mean(MiB)     StdDev   Max(OPs)   Min(OPs)  Mean(OPs)     StdDev    Mean(s) Stonewall(s) Stonewall(MiB) Test# #Tasks tPN reps fPP reord reordoff reordrand seed segcnt   blksiz    xsize aggs(MiB)   API RefNum
write        7222.01    4491.33    5856.67    1365.34    1805.50    1122.83    1464.17     341.34    3.32805         NA            NA     0     36  36    2   1     1        1         0    0     32 16777216  4194304   18432.0 POSIX      0
read        39184.68   37103.68   38144.18    1040.50    9796.17    9275.92    9536.04     260.12    0.48358         NA            NA     0     36  36    2   1     1        1         0    0     32 16777216  4194304   18432.0 POSIX      0
Finished            : Fri Apr 19 21:54:16 2024
Fri Apr 19 21:54:17 MDT 2024: Application Ended
The DiffOfTime = 14.163417515
