Thu Apr 18 14:49:34 MDT 2024: Application Started
IOR-4.1.0+dev: MPI Coordinated Test of Parallel I/O
Began               : Thu Apr 18 14:49:38 2024
Command line        : /projects/ovis/darshanConnector/apps/rhel9.7/ior/build/bin/ior -b 16m -t 4m -s 32 -F -C -e -k -o /pscratch/user/iorTest/darshan
Machine             : Linux n20
TestID              : 0
StartTime           : Thu Apr 18 14:49:38 2024
Path                : /pscratch/user/iorTest/darshan.00000000
FS                  : 18684.8 TiB   Used FS: 79.4%   Inodes: 6393.5 Mi   Used Inodes: 39.7%

Options: 
api                 : POSIX
apiVersion          : 
test filename       : /pscratch/user/iorTest/darshan
access              : file-per-process
type                : independent
segments            : 32
ordering in a file  : sequential
ordering inter file : constant task offset
task offset         : 1
nodes               : 1
tasks               : 36
clients per node    : 36
memoryBuffer        : CPU
dataAccess          : CPU
GPUDirect           : 0
repetitions         : 1
xfersize            : 4 MiB
blocksize           : 16 MiB
aggregate filesize  : 18 GiB

Results: 

access    bw(MiB/s)  IOPS       Latency(s)  block(KiB) xfer(KiB)  open(s)    wr/rd(s)   close(s)   total(s)   iter
------    ---------  ----       ----------  ---------- ---------  --------   --------   --------   --------   ----
write     3249.41    812.75     0.556127    16384      4096       0.046819   5.67       4.14       5.67       0   
read      40215      10087      0.110706    16384      4096       0.003741   0.456827   0.097496   0.458334   0   

Summary of all tests:
Operation   Max(MiB)   Min(MiB)  Mean(MiB)     StdDev   Max(OPs)   Min(OPs)  Mean(OPs)     StdDev    Mean(s) Stonewall(s) Stonewall(MiB) Test# #Tasks tPN reps fPP reord reordoff reordrand seed segcnt   blksiz    xsize aggs(MiB)   API RefNum
write        3249.41    3249.41    3249.41       0.00     812.35     812.35     812.35       0.00    5.67242         NA            NA     0     36  36    1   1     1        1         0    0     32 16777216  4194304   18432.0 POSIX      0
read        40215.22   40215.22   40215.22       0.00   10053.80   10053.80   10053.80       0.00    0.45833         NA            NA     0     36  36    1   1     1        1         0    0     32 16777216  4194304   18432.0 POSIX      0
Finished            : Thu Apr 18 14:49:45 2024
Thu Apr 18 14:49:45 MDT 2024: Application Ended
The DiffOfTime = 10.708372084
