Thu Nov 30 23:49:52 MST 2023: memory stressor started
Thu Nov 30 23:49:52 MST 2023: Application Started
IOR-4.1.0+dev: MPI Coordinated Test of Parallel I/O
Began               : Thu Nov 30 23:50:32 2023
Command line        : /projects/ovis/darshanConnector/apps/rhel9.7/ior/build/bin/ior -b 8m -t 4m -s 1024 -F -C -e -k -o /pscratch/user/iorTest/darshan
Machine             : Linux n25
TestID              : 0
StartTime           : Thu Nov 30 23:50:32 2023
Path                : /pscratch/user/iorTest/darshan.00000000
FS                  : 18684.8 TiB   Used FS: 74.6%   Inodes: 6876.6 Mi   Used Inodes: 30.8%

Options: 
api                 : POSIX
apiVersion          : 
test filename       : /pscratch/user/iorTest/darshan
access              : file-per-process
type                : independent
segments            : 1024
ordering in a file  : sequential
ordering inter file : constant task offset
task offset         : 1
nodes               : 1
tasks               : 36
clients per node    : 36
memoryBuffer        : CPU
dataAccess          : CPU
GPUDirect           : 0
repetitions         : 1
xfersize            : 4 MiB
blocksize           : 8 MiB
aggregate filesize  : 288 GiB

Results: 

access    bw(MiB/s)  IOPS       Latency(s)  block(KiB) xfer(KiB)  open(s)    wr/rd(s)   close(s)   total(s)   iter
------    ---------  ----       ----------  ---------- ---------  --------   --------   --------   --------   ----
write     8805       2201.49    16.00       8192       4096       1.50       33.49      6.77       33.49      0   
read      4378       1094.65    32.04       8192       4096       0.003273   67.35      11.38      67.35      0   

Summary of all tests:
Operation   Max(MiB)   Min(MiB)  Mean(MiB)     StdDev   Max(OPs)   Min(OPs)  Mean(OPs)     StdDev    Mean(s) Stonewall(s) Stonewall(MiB) Test# #Tasks tPN reps fPP reord reordoff reordrand seed segcnt   blksiz    xsize aggs(MiB)   API RefNum
write        8805.26    8805.26    8805.26       0.00    2201.31    2201.31    2201.31       0.00   33.49272         NA            NA     0     36  36    1   1     1        1         0    0   1024  8388608  4194304  294912.0 POSIX      0
read         4378.49    4378.49    4378.49       0.00    1094.62    1094.62    1094.62       0.00   67.35476         NA            NA     0     36  36    1   1     1        1         0    0   1024  8388608  4194304  294912.0 POSIX      0
Finished            : Thu Nov 30 23:52:13 2023
Thu Nov 30 23:52:25 MST 2023: Application Ended
Thu Nov 30 23:52:26 MST 2023: Stressor Killed
The DiffOfTime = 153.852525342
