Thu Nov 30 15:13:12 MST 2023: cpu stressor started
Thu Nov 30 15:13:12 MST 2023: Application Started
IOR-4.1.0+dev: MPI Coordinated Test of Parallel I/O
Began               : Thu Nov 30 15:13:31 2023
Command line        : /projects/ovis/darshanConnector/apps/rhel9.7/ior/build/bin/ior -b 8m -t 4m -s 1024 -F -C -e -k -o /pscratch/user/iorTest/darshan
Machine             : Linux n17
TestID              : 0
StartTime           : Thu Nov 30 15:13:31 2023
Path                : /pscratch/user/iorTest/darshan.00000000
FS                  : 18684.8 TiB   Used FS: 74.5%   Inodes: 6884.8 Mi   Used Inodes: 30.8%

Options: 
api                 : POSIX
apiVersion          : 
test filename       : /pscratch/user/iorTest/darshan
access              : file-per-process
type                : independent
segments            : 1024
ordering in a file  : sequential
ordering inter file : constant task offset
task offset         : 1
nodes               : 1
tasks               : 36
clients per node    : 36
memoryBuffer        : CPU
dataAccess          : CPU
GPUDirect           : 0
repetitions         : 1
xfersize            : 4 MiB
blocksize           : 8 MiB
aggregate filesize  : 288 GiB

Results: 

access    bw(MiB/s)  IOPS       Latency(s)  block(KiB) xfer(KiB)  open(s)    wr/rd(s)   close(s)   total(s)   iter
------    ---------  ----       ----------  ---------- ---------  --------   --------   --------   --------   ----
write     348.90     87.23      422.28      8192       4096       0.706323   845.25     807.61     845.27     0   
read      453.35     113.40     325.07      8192       4096       0.003754   650.15     585.94     650.52     0   

Summary of all tests:
Operation   Max(MiB)   Min(MiB)  Mean(MiB)     StdDev   Max(OPs)   Min(OPs)  Mean(OPs)     StdDev    Mean(s) Stonewall(s) Stonewall(MiB) Test# #Tasks tPN reps fPP reord reordoff reordrand seed segcnt   blksiz    xsize aggs(MiB)   API RefNum
write         348.90     348.90     348.90       0.00      87.22      87.22      87.22       0.00  845.26847         NA            NA     0     36  36    1   1     1        1         0    0   1024  8388608  4194304  294912.0 POSIX      0
read          453.35     453.35     453.35       0.00     113.34     113.34     113.34       0.00  650.51975         NA            NA     0     36  36    1   1     1        1         0    0   1024  8388608  4194304  294912.0 POSIX      0
Finished            : Thu Nov 30 15:38:28 2023
Thu Nov 30 15:38:47 MST 2023: Application Ended
Thu Nov 30 15:38:49 MST 2023: Stressor Killed
The DiffOfTime = 1537.306094009
