Thu Nov 30 17:19:05 MST 2023: memory stressor started
Thu Nov 30 17:19:06 MST 2023: Application Started
IOR-4.1.0+dev: MPI Coordinated Test of Parallel I/O
Began               : Thu Nov 30 17:19:52 2023
Command line        : /projects/ovis/darshanConnector/apps/rhel9.7/ior/build/bin/ior -b 8m -t 4m -s 1024 -F -C -e -k -o /pscratch/spwalto/iorTest/darshan
Machine             : Linux ec35
TestID              : 0
StartTime           : Thu Nov 30 17:19:52 2023
Path                : /pscratch/spwalto/iorTest/darshan.00000000
FS                  : 18684.8 TiB   Used FS: 74.5%   Inodes: 6883.7 Mi   Used Inodes: 30.8%

Options: 
api                 : POSIX
apiVersion          : 
test filename       : /pscratch/spwalto/iorTest/darshan
access              : file-per-process
type                : independent
segments            : 1024
ordering in a file  : sequential
ordering inter file : constant task offset
task offset         : 1
nodes               : 1
tasks               : 36
clients per node    : 36
memoryBuffer        : CPU
dataAccess          : CPU
GPUDirect           : 0
repetitions         : 1
xfersize            : 4 MiB
blocksize           : 8 MiB
aggregate filesize  : 288 GiB

Results: 

access    bw(MiB/s)  IOPS       Latency(s)  block(KiB) xfer(KiB)  open(s)    wr/rd(s)   close(s)   total(s)   iter
------    ---------  ----       ----------  ---------- ---------  --------   --------   --------   --------   ----
write     72.89      18.22      2022.59     8192       4096       0.862986   4046       4019       4046       0   
read      84.22      21.06      1750.72     8192       4096       0.006596   3501.44    3449.49    3501.65    0   

Summary of all tests:
Operation   Max(MiB)   Min(MiB)  Mean(MiB)     StdDev   Max(OPs)   Min(OPs)  Mean(OPs)     StdDev    Mean(s) Stonewall(s) Stonewall(MiB) Test# #Tasks tPN reps fPP reord reordoff reordrand seed segcnt   blksiz    xsize aggs(MiB)   API RefNum
write          72.89      72.89      72.89       0.00      18.22      18.22      18.22       0.00 4046.03574         NA            NA     0     36  36    1   1     1        1         0    0   1024  8388608  4194304  294912.0 POSIX      0
read           84.22      84.22      84.22       0.00      21.06      21.06      21.06       0.00 3501.65462         NA            NA     0     36  36    1   1     1        1         0    0   1024  8388608  4194304  294912.0 POSIX      0
Finished            : Thu Nov 30 19:25:46 2023
Thu Nov 30 19:26:04 MST 2023: Application Ended
Thu Nov 30 19:26:10 MST 2023: Stressor Killed
The DiffOfTime = 7624.449570949
