Thu Nov 30 23:53:52 MST 2023: cpu-cache stressor started
Thu Nov 30 23:53:53 MST 2023: Application Started
IOR-4.1.0+dev: MPI Coordinated Test of Parallel I/O
Began               : Thu Nov 30 23:54:00 2023
Command line        : /projects/ovis/darshanConnector/apps/rhel9.7/ior/build/bin/ior -b 8m -t 4m -s 1024 -F -C -e -k -o /pscratch/spwalto/iorTest/darshan
Machine             : Linux ec29
TestID              : 0
StartTime           : Thu Nov 30 23:54:00 2023
Path                : /pscratch/spwalto/iorTest/darshan.00000000
FS                  : 18684.8 TiB   Used FS: 74.6%   Inodes: 6876.5 Mi   Used Inodes: 30.8%

Options: 
api                 : POSIX
apiVersion          : 
test filename       : /pscratch/spwalto/iorTest/darshan
access              : file-per-process
type                : independent
segments            : 1024
ordering in a file  : sequential
ordering inter file : constant task offset
task offset         : 1
nodes               : 1
tasks               : 36
clients per node    : 36
memoryBuffer        : CPU
dataAccess          : CPU
GPUDirect           : 0
repetitions         : 1
xfersize            : 4 MiB
blocksize           : 8 MiB
aggregate filesize  : 288 GiB

Results: 

access    bw(MiB/s)  IOPS       Latency(s)  block(KiB) xfer(KiB)  open(s)    wr/rd(s)   close(s)   total(s)   iter
------    ---------  ----       ----------  ---------- ---------  --------   --------   --------   --------   ----
write     8077       2019.50    18.09       8192       4096       0.333731   36.51      11.06      36.51      0   
read      4530       1132.40    2.13        8192       4096       0.003077   65.11      60.84      65.11      0   

Summary of all tests:
Operation   Max(MiB)   Min(MiB)  Mean(MiB)     StdDev   Max(OPs)   Min(OPs)  Mean(OPs)     StdDev    Mean(s) Stonewall(s) Stonewall(MiB) Test# #Tasks tPN reps fPP reord reordoff reordrand seed segcnt   blksiz    xsize aggs(MiB)   API RefNum
write        8077.39    8077.39    8077.39       0.00    2019.35    2019.35    2019.35       0.00   36.51079         NA            NA     0     36  36    1   1     1        1         0    0   1024  8388608  4194304  294912.0 POSIX      0
read         4529.52    4529.52    4529.52       0.00    1132.38    1132.38    1132.38       0.00   65.10884         NA            NA     0     36  36    1   1     1        1         0    0   1024  8388608  4194304  294912.0 POSIX      0
Finished            : Thu Nov 30 23:55:42 2023
Thu Nov 30 23:55:55 MST 2023: Application Ended
Thu Nov 30 23:55:56 MST 2023: Stressor Killed
The DiffOfTime = 123.019938893
