Thu Dec  7 22:36:26 MST 2023: memory stressor started
Thu Dec  7 22:36:26 MST 2023: Application Started
IOR-4.1.0+dev: MPI Coordinated Test of Parallel I/O
Began               : Thu Dec  7 22:37:12 2023
Command line        : /projects/ovis/darshanConnector/apps/rhel9.7/ior/build/bin/ior -b 8m -t 4m -s 1024 -F -C -e -k -o /pscratch/user/iorTest/darshan
Machine             : Linux n15
TestID              : 0
StartTime           : Thu Dec  7 22:37:12 2023
Path                : /pscratch/user/iorTest/darshan.00000000
FS                  : 18684.8 TiB   Used FS: 68.6%   Inodes: 7371.3 Mi   Used Inodes: 29.1%

Options: 
api                 : POSIX
apiVersion          : 
test filename       : /pscratch/user/iorTest/darshan
access              : file-per-process
type                : independent
segments            : 1024
ordering in a file  : sequential
ordering inter file : constant task offset
task offset         : 1
nodes               : 1
tasks               : 36
clients per node    : 36
memoryBuffer        : CPU
dataAccess          : CPU
GPUDirect           : 0
repetitions         : 1
xfersize            : 4 MiB
blocksize           : 8 MiB
aggregate filesize  : 288 GiB

Results: 

access    bw(MiB/s)  IOPS       Latency(s)  block(KiB) xfer(KiB)  open(s)    wr/rd(s)   close(s)   total(s)   iter
------    ---------  ----       ----------  ---------- ---------  --------   --------   --------   --------   ----
write     71.61      17.90      17.58       8192       4096       0.222200   4118       4088       4118       0   
read      79.54      19.89      55.04       8192       4096       0.106179   3708       3603       3708       0   

Summary of all tests:
Operation   Max(MiB)   Min(MiB)  Mean(MiB)     StdDev   Max(OPs)   Min(OPs)  Mean(OPs)     StdDev    Mean(s) Stonewall(s) Stonewall(MiB) Test# #Tasks tPN reps fPP reord reordoff reordrand seed segcnt   blksiz    xsize aggs(MiB)   API RefNum
write          71.61      71.61      71.61       0.00      17.90      17.90      17.90       0.00 4118.44151         NA            NA     0     36  36    1   1     1        1         0    0   1024  8388608  4194304  294912.0 POSIX      0
read           79.54      79.54      79.54       0.00      19.89      19.89      19.89       0.00 3707.61005         NA            NA     0     36  36    1   1     1        1         0    0   1024  8388608  4194304  294912.0 POSIX      0
Finished            : Fri Dec  8 00:47:42 2023
Fri Dec  8 00:47:59 MST 2023: Application Ended
The DiffOfTime = 7893.503224396
