Thu Dec  7 14:59:03 MST 2023: cpu stressor started
Thu Dec  7 14:59:03 MST 2023: Application Started
IOR-4.1.0+dev: MPI Coordinated Test of Parallel I/O
Began               : Thu Dec  7 14:59:19 2023
Command line        : /projects/ovis/darshanConnector/apps/rhel9.7/ior/build/bin/ior -b 8m -t 4m -s 1024 -F -C -e -k -o /pscratch/user/iorTest/darshan
Machine             : Linux n8
TestID              : 0
StartTime           : Thu Dec  7 14:59:19 2023
Path                : /pscratch/user/iorTest/darshan.00000000
FS                  : 18684.8 TiB   Used FS: 68.6%   Inodes: 7377.0 Mi   Used Inodes: 29.0%

Options: 
api                 : POSIX
apiVersion          : 
test filename       : /pscratch/user/iorTest/darshan
access              : file-per-process
type                : independent
segments            : 1024
ordering in a file  : sequential
ordering inter file : constant task offset
task offset         : 1
nodes               : 1
tasks               : 36
clients per node    : 36
memoryBuffer        : CPU
dataAccess          : CPU
GPUDirect           : 0
repetitions         : 1
xfersize            : 4 MiB
blocksize           : 8 MiB
aggregate filesize  : 288 GiB

Results: 

access    bw(MiB/s)  IOPS       Latency(s)  block(KiB) xfer(KiB)  open(s)    wr/rd(s)   close(s)   total(s)   iter
------    ---------  ----       ----------  ---------- ---------  --------   --------   --------   --------   ----
write     363.70     90.93      16.86       8192       4096       0.184499   810.86     781.28     810.87     0   
read      355.01     88.79      147.99      8192       4096       0.068118   830.37     725.50     830.73     0   

Summary of all tests:
Operation   Max(MiB)   Min(MiB)  Mean(MiB)     StdDev   Max(OPs)   Min(OPs)  Mean(OPs)     StdDev    Mean(s) Stonewall(s) Stonewall(MiB) Test# #Tasks tPN reps fPP reord reordoff reordrand seed segcnt   blksiz    xsize aggs(MiB)   API RefNum
write         363.70     363.70     363.70       0.00      90.92      90.92      90.92       0.00  810.87357         NA            NA     0     36  36    1   1     1        1         0    0   1024  8388608  4194304  294912.0 POSIX      0
read          355.01     355.01     355.01       0.00      88.75      88.75      88.75       0.00  830.72534         NA            NA     0     36  36    1   1     1        1         0    0   1024  8388608  4194304  294912.0 POSIX      0
Finished            : Thu Dec  7 15:26:41 2023
Thu Dec  7 15:26:59 MST 2023: Application Ended
The DiffOfTime = 1676.557963950
