Fri Dec  8 12:35:04 MST 2023: Application Started
IOR-4.1.0+dev: MPI Coordinated Test of Parallel I/O
Began               : Fri Dec  8 12:35:07 2023
Command line        : /projects/ovis/darshanConnector/apps/rhel9.7/ior/build/bin/ior -b 8m -t 4m -s 1024 -F -C -e -k -o /pscratch/user/iorTest/darshan
Machine             : Linux n19
TestID              : 0
StartTime           : Fri Dec  8 12:35:07 2023
Path                : /pscratch/user/iorTest/darshan.00000000
FS                  : 18684.8 TiB   Used FS: 68.6%   Inodes: 7362.9 Mi   Used Inodes: 29.1%

Options: 
api                 : POSIX
apiVersion          : 
test filename       : /pscratch/user/iorTest/darshan
access              : file-per-process
type                : independent
segments            : 1024
ordering in a file  : sequential
ordering inter file : constant task offset
task offset         : 1
nodes               : 1
tasks               : 36
clients per node    : 36
memoryBuffer        : CPU
dataAccess          : CPU
GPUDirect           : 0
repetitions         : 1
xfersize            : 4 MiB
blocksize           : 8 MiB
aggregate filesize  : 288 GiB

Results: 

access    bw(MiB/s)  IOPS       Latency(s)  block(KiB) xfer(KiB)  open(s)    wr/rd(s)   close(s)   total(s)   iter
------    ---------  ----       ----------  ---------- ---------  --------   --------   --------   --------   ----
write     8664       2166.21    15.41       8192       4096       0.040507   34.04      7.97       34.04      0   
read      3872       967.99     36.38       8192       4096       0.003154   76.17      16.28      76.17      0   

Summary of all tests:
Operation   Max(MiB)   Min(MiB)  Mean(MiB)     StdDev   Max(OPs)   Min(OPs)  Mean(OPs)     StdDev    Mean(s) Stonewall(s) Stonewall(MiB) Test# #Tasks tPN reps fPP reord reordoff reordrand seed segcnt   blksiz    xsize aggs(MiB)   API RefNum
write        8663.93    8663.93    8663.93       0.00    2165.98    2165.98    2165.98       0.00   34.03904         NA            NA     0     36  36    1   1     1        1         0    0   1024  8388608  4194304  294912.0 POSIX      0
read         3871.87    3871.87    3871.87       0.00     967.97     967.97     967.97       0.00   76.16794         NA            NA     0     36  36    1   1     1        1         0    0   1024  8388608  4194304  294912.0 POSIX      0
Finished            : Fri Dec  8 12:36:57 2023
Fri Dec  8 12:37:10 MST 2023: Application Ended
The DiffOfTime = 126.678390372
