Fri Dec  8 12:37:46 MST 2023: Application Started
IOR-4.1.0+dev: MPI Coordinated Test of Parallel I/O
Began               : Fri Dec  8 12:37:50 2023
Command line        : /projects/ovis/darshanConnector/apps/rhel9.7/ior/build/bin/ior -b 8m -t 4m -s 1024 -F -C -e -k -o /pscratch/user/iorTest/darshan
Machine             : Linux n19
TestID              : 0
StartTime           : Fri Dec  8 12:37:50 2023
Path                : /pscratch/user/iorTest/darshan.00000000
FS                  : 18684.8 TiB   Used FS: 68.6%   Inodes: 7362.8 Mi   Used Inodes: 29.1%

Options: 
api                 : POSIX
apiVersion          : 
test filename       : /pscratch/user/iorTest/darshan
access              : file-per-process
type                : independent
segments            : 1024
ordering in a file  : sequential
ordering inter file : constant task offset
task offset         : 1
nodes               : 1
tasks               : 36
clients per node    : 36
memoryBuffer        : CPU
dataAccess          : CPU
GPUDirect           : 0
repetitions         : 1
xfersize            : 4 MiB
blocksize           : 8 MiB
aggregate filesize  : 288 GiB

Results: 

access    bw(MiB/s)  IOPS       Latency(s)  block(KiB) xfer(KiB)  open(s)    wr/rd(s)   close(s)   total(s)   iter
------    ---------  ----       ----------  ---------- ---------  --------   --------   --------   --------   ----
write     9088       2272.17    15.10       8192       4096       0.035328   32.45      7.82       32.45      0   
read      4418       1104.53    29.79       8192       4096       0.003276   66.75      36.08      66.75      0   

Summary of all tests:
Operation   Max(MiB)   Min(MiB)  Mean(MiB)     StdDev   Max(OPs)   Min(OPs)  Mean(OPs)     StdDev    Mean(s) Stonewall(s) Stonewall(MiB) Test# #Tasks tPN reps fPP reord reordoff reordrand seed segcnt   blksiz    xsize aggs(MiB)   API RefNum
write        9088.10    9088.10    9088.10       0.00    2272.02    2272.02    2272.02       0.00   32.45036         NA            NA     0     36  36    1   1     1        1         0    0   1024  8388608  4194304  294912.0 POSIX      0
read         4418.01    4418.01    4418.01       0.00    1104.50    1104.50    1104.50       0.00   66.75216         NA            NA     0     36  36    1   1     1        1         0    0   1024  8388608  4194304  294912.0 POSIX      0
Finished            : Fri Dec  8 12:39:29 2023
Fri Dec  8 12:39:41 MST 2023: Application Ended
The DiffOfTime = 115.462820384
