stress-ng: debug: [162691] 72 processors online, 72 processors configured
stress-ng: info:  [162691] defaulting to a 86400 second run per stressor
stress-ng: info:  [162691] dispatching hogs: 4 af-alg, 4 atomic, 4 bsearch, 4 context, 4 cpu, 4 cpu-online, 4 crypt, 4 fp-error, 4 getrandom, 4 heapsort, 4 hsearch, 4 longjmp, 4 lsearch, 4 matrix, 4 mergesort, 4 nop, 4 numa, 4 opcode, 4 qsort, 4 rdrand, 4 str, 4 stream, 4 tsc, 4 tsearch, 4 vecmath, 4 wcs, 4 zlib
stress-ng: debug: [162691] cache allocate: default cache size: 46080K
stress-ng: debug: [162691] starting stressors
stress-ng: debug: [162707] stress-ng-crypt: started [162707] (instance 0)
stress-ng: debug: [162706] stress-ng-cpu-online: started [162706] (instance 0)
stress-ng: debug: [162705] stress-ng-cpu: started [162705] (instance 0)
stress-ng: info:  [162706] stress-ng-cpu-online: need root privilege to run this stressor
stress-ng: debug: [162706] stress-ng-cpu-online: exited [162706] (instance 0)
stress-ng: debug: [162708] stress-ng-fp-error: started [162708] (instance 0)
stress-ng: debug: [162709] stress-ng-getrandom: started [162709] (instance 0)
stress-ng: debug: [162704] stress-ng-context: started [162704] (instance 0)
stress-ng: debug: [162710] stress-ng-heapsort: started [162710] (instance 0)
stress-ng: debug: [162711] stress-ng-hsearch: started [162711] (instance 0)
stress-ng: debug: [162703] stress-ng-bsearch: started [162703] (instance 0)
stress-ng: debug: [162712] stress-ng-longjmp: started [162712] (instance 0)
stress-ng: debug: [162713] stress-ng-lsearch: started [162713] (instance 0)
stress-ng: debug: [162714] stress-ng-matrix: started [162714] (instance 0)
stress-ng: debug: [162715] stress-ng-mergesort: started [162715] (instance 0)
stress-ng: debug: [162717] stress-ng-numa: started [162717] (instance 0)
stress-ng: debug: [162716] stress-ng-nop: started [162716] (instance 0)
stress-ng: info:  [162717] stress-ng-numa: system has 2 of a maximum 1024 memory NUMA nodes
stress-ng: debug: [162702] stress-ng-atomic: started [162702] (instance 0)
stress-ng: debug: [162719] stress-ng-qsort: started [162719] (instance 0)
stress-ng: debug: [162721] stress-ng-str: started [162721] (instance 0)
stress-ng: debug: [162724] stress-ng-tsearch: started [162724] (instance 0)
stress-ng: debug: [162718] stress-ng-opcode: started [162718] (instance 0)
stress-ng: debug: [162726] stress-ng-wcs: started [162726] (instance 0)
stress-ng: debug: [162720] stress-ng-rdrand: started [162720] (instance 0)
stress-ng: debug: [162722] stress-ng-stream: started [162722] (instance 0)
stress-ng: debug: [162725] stress-ng-vecmath: started [162725] (instance 0)
stress-ng: debug: [162723] stress-ng-tsc: started [162723] (instance 0)
stress-ng: debug: [162723] stress-ng-tsc: exited [162723] (instance 0)
stress-ng: debug: [162720] stress-ng-rdrand: exited [162720] (instance 0)
stress-ng: debug: [162727] stress-ng-zlib: started [162727] (instance 0)
stress-ng: debug: [162701] stress-ng-af-alg: started [162701] (instance 0)
stress-ng: debug: [162735] stress-ng-cpu-online: started [162735] (instance 1)
stress-ng: debug: [162737] stress-ng-fp-error: started [162737] (instance 1)
stress-ng: debug: [162731] stress-ng-atomic: started [162731] (instance 1)
stress-ng: debug: [162739] stress-ng-heapsort: started [162739] (instance 1)
stress-ng: debug: [162738] stress-ng-getrandom: started [162738] (instance 1)
stress-ng: debug: [162732] stress-ng-bsearch: started [162732] (instance 1)
stress-ng: debug: [162733] stress-ng-context: started [162733] (instance 1)
stress-ng: debug: [162734] stress-ng-cpu: started [162734] (instance 1)
stress-ng: debug: [162736] stress-ng-crypt: started [162736] (instance 1)
stress-ng: debug: [162735] stress-ng-cpu-online: exited [162735] (instance 1)
stress-ng: debug: [162740] stress-ng-hsearch: started [162740] (instance 1)
stress-ng: debug: [162730] stress-ng-af-alg: started [162730] (instance 1)
stress-ng: debug: [162784] stress-ng-lsearch: started [162784] (instance 1)
stress-ng: debug: [162787] stress-ng-matrix: started [162787] (instance 1)
stress-ng: debug: [162789] stress-ng-mergesort: started [162789] (instance 1)
stress-ng: debug: [162771] stress-ng-longjmp: started [162771] (instance 1)
stress-ng: debug: [162843] stress-ng-nop: started [162843] (instance 1)
stress-ng: debug: [162844] stress-ng-numa: started [162844] (instance 1)
stress-ng: debug: [162845] stress-ng-opcode: started [162845] (instance 1)
stress-ng: debug: [162849] stress-ng-qsort: started [162849] (instance 1)
stress-ng: debug: [162850] stress-ng-rdrand: started [162850] (instance 1)
stress-ng: debug: [162850] stress-ng-rdrand: exited [162850] (instance 1)
stress-ng: debug: [162864] stress-ng-atomic: started [162864] (instance 2)
stress-ng: debug: [162863] stress-ng-af-alg: started [162863] (instance 2)
stress-ng: debug: [162856] stress-ng-str: started [162856] (instance 1)
stress-ng: debug: [162857] stress-ng-stream: started [162857] (instance 1)
stress-ng: debug: [162858] stress-ng-tsc: started [162858] (instance 1)
stress-ng: debug: [162859] stress-ng-tsearch: started [162859] (instance 1)
stress-ng: debug: [162862] stress-ng-zlib: started [162862] (instance 1)
stress-ng: debug: [162861] stress-ng-wcs: started [162861] (instance 1)
stress-ng: debug: [162860] stress-ng-vecmath: started [162860] (instance 1)
stress-ng: debug: [162858] stress-ng-tsc: exited [162858] (instance 1)
stress-ng: debug: [162865] stress-ng-bsearch: started [162865] (instance 2)
stress-ng: debug: [162876] stress-ng-getrandom: started [162876] (instance 2)
stress-ng: debug: [162875] stress-ng-fp-error: started [162875] (instance 2)
stress-ng: debug: [162873] stress-ng-cpu-online: started [162873] (instance 2)
stress-ng: debug: [162874] stress-ng-crypt: started [162874] (instance 2)
stress-ng: debug: [162878] stress-ng-hsearch: started [162878] (instance 2)
stress-ng: debug: [162872] stress-ng-cpu: started [162872] (instance 2)
stress-ng: debug: [162877] stress-ng-heapsort: started [162877] (instance 2)
stress-ng: debug: [162879] stress-ng-longjmp: started [162879] (instance 2)
stress-ng: debug: [162873] stress-ng-cpu-online: exited [162873] (instance 2)
stress-ng: info:  [162722] stress-ng-stream: stressor loosely based on a variant of the STREAM benchmark code
stress-ng: info:  [162722] stress-ng-stream: do NOT submit any of these results to the STREAM benchmark results
stress-ng: info:  [162722] stress-ng-stream: Using CPU cache size of 46080K
stress-ng: debug: [162880] stress-ng-lsearch: started [162880] (instance 2)
stress-ng: debug: [162871] stress-ng-context: started [162871] (instance 2)
stress-ng: debug: [162893] stress-ng-opcode: started [162893] (instance 2)
stress-ng: debug: [162894] stress-ng-qsort: started [162894] (instance 2)
stress-ng: debug: [162896] stress-ng-str: started [162896] (instance 2)
stress-ng: debug: [162892] stress-ng-numa: started [162892] (instance 2)
stress-ng: debug: [162890] stress-ng-mergesort: started [162890] (instance 2)
stress-ng: debug: [162891] stress-ng-nop: started [162891] (instance 2)
stress-ng: debug: [162895] stress-ng-rdrand: started [162895] (instance 2)
stress-ng: debug: [162895] stress-ng-rdrand: exited [162895] (instance 2)
stress-ng: debug: [162897] stress-ng-stream: started [162897] (instance 2)
stress-ng: debug: [162889] stress-ng-matrix: started [162889] (instance 2)
stress-ng: debug: [162907] stress-ng-atomic: started [162907] (instance 3)
stress-ng: debug: [162904] stress-ng-wcs: started [162904] (instance 2)
stress-ng: debug: [162903] stress-ng-vecmath: started [162903] (instance 2)
stress-ng: debug: [162905] stress-ng-zlib: started [162905] (instance 2)
stress-ng: debug: [162906] stress-ng-af-alg: started [162906] (instance 3)
stress-ng: debug: [162908] stress-ng-bsearch: started [162908] (instance 3)
stress-ng: debug: [162902] stress-ng-tsearch: started [162902] (instance 2)
stress-ng: debug: [162909] stress-ng-context: started [162909] (instance 3)
stress-ng: debug: [162901] stress-ng-tsc: started [162901] (instance 2)
stress-ng: debug: [162901] stress-ng-tsc: exited [162901] (instance 2)
stress-ng: debug: [162918] stress-ng-fp-error: started [162918] (instance 3)
stress-ng: debug: [162916] stress-ng-cpu-online: started [162916] (instance 3)
stress-ng: debug: [162917] stress-ng-crypt: started [162917] (instance 3)
stress-ng: debug: [162919] stress-ng-getrandom: started [162919] (instance 3)
stress-ng: debug: [162916] stress-ng-cpu-online: exited [162916] (instance 3)
stress-ng: debug: [162920] stress-ng-heapsort: started [162920] (instance 3)
stress-ng: debug: [163080] stress-ng-longjmp: started [163080] (instance 3)
stress-ng: debug: [162915] stress-ng-cpu: started [162915] (instance 3)
stress-ng: debug: [163081] stress-ng-lsearch: started [163081] (instance 3)
stress-ng: debug: [163082] stress-ng-matrix: started [163082] (instance 3)
stress-ng: debug: [163083] stress-ng-mergesort: started [163083] (instance 3)
stress-ng: debug: [163079] stress-ng-hsearch: started [163079] (instance 3)
stress-ng: debug: [163105] stress-ng-tsc: started [163105] (instance 3)
stress-ng: debug: [163100] stress-ng-opcode: started [163100] (instance 3)
stress-ng: debug: [163102] stress-ng-rdrand: started [163102] (instance 3)
stress-ng: debug: [163104] stress-ng-stream: started [163104] (instance 3)
stress-ng: debug: [163101] stress-ng-qsort: started [163101] (instance 3)
stress-ng: debug: [163103] stress-ng-str: started [163103] (instance 3)
stress-ng: debug: [163099] stress-ng-numa: started [163099] (instance 3)
stress-ng: debug: [163098] stress-ng-nop: started [163098] (instance 3)
stress-ng: debug: [163106] stress-ng-tsearch: started [163106] (instance 3)
stress-ng: debug: [163102] stress-ng-rdrand: exited [163102] (instance 3)
stress-ng: debug: [163105] stress-ng-tsc: exited [163105] (instance 3)
stress-ng: debug: [163107] stress-ng-vecmath: started [163107] (instance 3)
stress-ng: debug: [162691] 108 stressors spawned
stress-ng: debug: [163114] stress-ng-zlib: started [163114] (instance 3)
stress-ng: debug: [163113] stress-ng-wcs: started [163113] (instance 3)
stress-ng: fail:  [162715] stress-ng-mergesort: mergesort failed: 22 (Invalid argument)
stress-ng: fail:  [162715] stress-ng-mergesort: mergesort failed: 22 (Invalid argument)
stress-ng: fail:  [162715] stress-ng-mergesort: mergesort failed: 22 (Invalid argument)
stress-ng: fail:  [162789] stress-ng-mergesort: mergesort failed: 22 (Invalid argument)
stress-ng: fail:  [162715] stress-ng-mergesort: mergesort failed: 22 (Invalid argument)
stress-ng: fail:  [162789] stress-ng-mergesort: mergesort failed: 22 (Invalid argument)
stress-ng: fail:  [162715] stress-ng-mergesort: mergesort failed: 22 (Invalid argument)
info: 5 failures reached, aborting stress process
stress-ng: debug: [162715] stress-ng-mergesort: exited [162715] (instance 0)
stress-ng: fail:  [162789] stress-ng-mergesort: mergesort failed: 22 (Invalid argument)
stress-ng: fail:  [162890] stress-ng-mergesort: mergesort failed: 22 (Invalid argument)
stress-ng: fail:  [162789] stress-ng-mergesort: mergesort failed: 22 (Invalid argument)
stress-ng: fail:  [162890] stress-ng-mergesort: mergesort failed: 22 (Invalid argument)
stress-ng: fail:  [162789] stress-ng-mergesort: mergesort failed: 22 (Invalid argument)
info: 5 failures reached, aborting stress process
stress-ng: debug: [162789] stress-ng-mergesort: exited [162789] (instance 1)
stress-ng: fail:  [163083] stress-ng-mergesort: mergesort failed: 22 (Invalid argument)
stress-ng: fail:  [162890] stress-ng-mergesort: mergesort failed: 22 (Invalid argument)
stress-ng: fail:  [163083] stress-ng-mergesort: mergesort failed: 22 (Invalid argument)
stress-ng: fail:  [162890] stress-ng-mergesort: mergesort failed: 22 (Invalid argument)
stress-ng: fail:  [163083] stress-ng-mergesort: mergesort failed: 22 (Invalid argument)
stress-ng: fail:  [162890] stress-ng-mergesort: mergesort failed: 22 (Invalid argument)
info: 5 failures reached, aborting stress process
stress-ng: debug: [162890] stress-ng-mergesort: exited [162890] (instance 2)
stress-ng: fail:  [163083] stress-ng-mergesort: mergesort failed: 22 (Invalid argument)
stress-ng: fail:  [163083] stress-ng-mergesort: mergesort failed: 22 (Invalid argument)
info: 5 failures reached, aborting stress process
stress-ng: debug: [163083] stress-ng-mergesort: exited [163083] (instance 3)
