stress-ng: debug: [136573] 72 processors online, 72 processors configured
stress-ng: info:  [136573] defaulting to a 86400 second run per stressor
stress-ng: info:  [136573] dispatching hogs: 4 af-alg, 4 atomic, 4 bsearch, 4 context, 4 cpu, 4 cpu-online, 4 crypt, 4 fp-error, 4 getrandom, 4 heapsort, 4 hsearch, 4 longjmp, 4 lsearch, 4 matrix, 4 mergesort, 4 nop, 4 numa, 4 opcode, 4 qsort, 4 rdrand, 4 str, 4 stream, 4 tsc, 4 tsearch, 4 vecmath, 4 wcs, 4 zlib
stress-ng: debug: [136573] cache allocate: default cache size: 46080K
stress-ng: debug: [136573] starting stressors
stress-ng: debug: [136588] stress-ng-cpu-online: started [136588] (instance 0)
stress-ng: debug: [136589] stress-ng-crypt: started [136589] (instance 0)
stress-ng: debug: [136587] stress-ng-cpu: started [136587] (instance 0)
stress-ng: info:  [136588] stress-ng-cpu-online: need root privilege to run this stressor
stress-ng: debug: [136588] stress-ng-cpu-online: exited [136588] (instance 0)
stress-ng: debug: [136590] stress-ng-fp-error: started [136590] (instance 0)
stress-ng: debug: [136586] stress-ng-context: started [136586] (instance 0)
stress-ng: debug: [136591] stress-ng-getrandom: started [136591] (instance 0)
stress-ng: debug: [136592] stress-ng-heapsort: started [136592] (instance 0)
stress-ng: debug: [136585] stress-ng-bsearch: started [136585] (instance 0)
stress-ng: debug: [136593] stress-ng-hsearch: started [136593] (instance 0)
stress-ng: debug: [136594] stress-ng-longjmp: started [136594] (instance 0)
stress-ng: debug: [136595] stress-ng-lsearch: started [136595] (instance 0)
stress-ng: debug: [136596] stress-ng-matrix: started [136596] (instance 0)
stress-ng: debug: [136584] stress-ng-atomic: started [136584] (instance 0)
stress-ng: debug: [136597] stress-ng-mergesort: started [136597] (instance 0)
stress-ng: debug: [136600] stress-ng-opcode: started [136600] (instance 0)
stress-ng: debug: [136601] stress-ng-qsort: started [136601] (instance 0)
stress-ng: debug: [136603] stress-ng-str: started [136603] (instance 0)
stress-ng: debug: [136599] stress-ng-numa: started [136599] (instance 0)
stress-ng: debug: [136598] stress-ng-nop: started [136598] (instance 0)
stress-ng: debug: [136602] stress-ng-rdrand: started [136602] (instance 0)
stress-ng: debug: [136604] stress-ng-stream: started [136604] (instance 0)
stress-ng: debug: [136605] stress-ng-tsc: started [136605] (instance 0)
stress-ng: debug: [136602] stress-ng-rdrand: exited [136602] (instance 0)
stress-ng: debug: [136605] stress-ng-tsc: exited [136605] (instance 0)
stress-ng: info:  [136599] stress-ng-numa: system has 2 of a maximum 1024 memory NUMA nodes
stress-ng: debug: [136606] stress-ng-tsearch: started [136606] (instance 0)
stress-ng: debug: [136583] stress-ng-af-alg: started [136583] (instance 0)
stress-ng: debug: [136609] stress-ng-wcs: started [136609] (instance 0)
stress-ng: debug: [136612] stress-ng-atomic: started [136612] (instance 1)
stress-ng: debug: [136613] stress-ng-bsearch: started [136613] (instance 1)
stress-ng: debug: [136611] stress-ng-af-alg: started [136611] (instance 1)
stress-ng: debug: [136614] stress-ng-context: started [136614] (instance 1)
stress-ng: debug: [136610] stress-ng-zlib: started [136610] (instance 0)
stress-ng: debug: [136615] stress-ng-cpu: started [136615] (instance 1)
stress-ng: debug: [136616] stress-ng-cpu-online: started [136616] (instance 1)
stress-ng: debug: [136617] stress-ng-crypt: started [136617] (instance 1)
stress-ng: debug: [136616] stress-ng-cpu-online: exited [136616] (instance 1)
stress-ng: debug: [136618] stress-ng-fp-error: started [136618] (instance 1)
stress-ng: debug: [136608] stress-ng-vecmath: started [136608] (instance 0)
stress-ng: debug: [136648] stress-ng-mergesort: started [136648] (instance 1)
stress-ng: debug: [136645] stress-ng-longjmp: started [136645] (instance 1)
stress-ng: debug: [136644] stress-ng-hsearch: started [136644] (instance 1)
stress-ng: debug: [136646] stress-ng-lsearch: started [136646] (instance 1)
stress-ng: debug: [136647] stress-ng-matrix: started [136647] (instance 1)
stress-ng: debug: [136643] stress-ng-heapsort: started [136643] (instance 1)
stress-ng: debug: [136649] stress-ng-nop: started [136649] (instance 1)
stress-ng: debug: [136650] stress-ng-numa: started [136650] (instance 1)
stress-ng: debug: [136651] stress-ng-opcode: started [136651] (instance 1)
stress-ng: debug: [136642] stress-ng-getrandom: started [136642] (instance 1)
stress-ng: debug: [136739] stress-ng-str: started [136739] (instance 1)
stress-ng: debug: [136740] stress-ng-stream: started [136740] (instance 1)
stress-ng: debug: [136741] stress-ng-tsc: started [136741] (instance 1)
stress-ng: debug: [136742] stress-ng-tsearch: started [136742] (instance 1)
stress-ng: debug: [136745] stress-ng-zlib: started [136745] (instance 1)
stress-ng: debug: [136738] stress-ng-rdrand: started [136738] (instance 1)
stress-ng: debug: [136744] stress-ng-wcs: started [136744] (instance 1)
stress-ng: debug: [136743] stress-ng-vecmath: started [136743] (instance 1)
stress-ng: debug: [136741] stress-ng-tsc: exited [136741] (instance 1)
stress-ng: debug: [136746] stress-ng-af-alg: started [136746] (instance 2)
stress-ng: debug: [136738] stress-ng-rdrand: exited [136738] (instance 1)
stress-ng: debug: [136747] stress-ng-atomic: started [136747] (instance 2)
stress-ng: debug: [136737] stress-ng-qsort: started [136737] (instance 1)
stress-ng: debug: [136761] stress-ng-getrandom: started [136761] (instance 2)
stress-ng: debug: [136760] stress-ng-fp-error: started [136760] (instance 2)
stress-ng: debug: [136756] stress-ng-context: started [136756] (instance 2)
stress-ng: debug: [136758] stress-ng-cpu-online: started [136758] (instance 2)
stress-ng: debug: [136759] stress-ng-crypt: started [136759] (instance 2)
stress-ng: debug: [136757] stress-ng-cpu: started [136757] (instance 2)
stress-ng: debug: [136762] stress-ng-heapsort: started [136762] (instance 2)
stress-ng: debug: [136763] stress-ng-hsearch: started [136763] (instance 2)
stress-ng: debug: [136758] stress-ng-cpu-online: exited [136758] (instance 2)
stress-ng: debug: [136764] stress-ng-longjmp: started [136764] (instance 2)
stress-ng: debug: [136755] stress-ng-bsearch: started [136755] (instance 2)
stress-ng: info:  [136604] stress-ng-stream: stressor loosely based on a variant of the STREAM benchmark code
stress-ng: info:  [136604] stress-ng-stream: do NOT submit any of these results to the STREAM benchmark results
stress-ng: info:  [136604] stress-ng-stream: Using CPU cache size of 46080K
stress-ng: debug: [136775] stress-ng-qsort: started [136775] (instance 2)
stress-ng: debug: [136770] stress-ng-matrix: started [136770] (instance 2)
stress-ng: debug: [136776] stress-ng-rdrand: started [136776] (instance 2)
stress-ng: debug: [136774] stress-ng-opcode: started [136774] (instance 2)
stress-ng: debug: [136772] stress-ng-nop: started [136772] (instance 2)
stress-ng: debug: [136771] stress-ng-mergesort: started [136771] (instance 2)
stress-ng: debug: [136773] stress-ng-numa: started [136773] (instance 2)
stress-ng: debug: [136777] stress-ng-str: started [136777] (instance 2)
stress-ng: debug: [136776] stress-ng-rdrand: exited [136776] (instance 2)
stress-ng: debug: [136769] stress-ng-lsearch: started [136769] (instance 2)
stress-ng: debug: [136789] stress-ng-zlib: started [136789] (instance 2)
stress-ng: debug: [136786] stress-ng-tsearch: started [136786] (instance 2)
stress-ng: debug: [136785] stress-ng-tsc: started [136785] (instance 2)
stress-ng: debug: [136787] stress-ng-vecmath: started [136787] (instance 2)
stress-ng: debug: [136788] stress-ng-wcs: started [136788] (instance 2)
stress-ng: debug: [136791] stress-ng-atomic: started [136791] (instance 3)
stress-ng: debug: [136790] stress-ng-af-alg: started [136790] (instance 3)
stress-ng: debug: [136792] stress-ng-bsearch: started [136792] (instance 3)
stress-ng: debug: [136785] stress-ng-tsc: exited [136785] (instance 2)
stress-ng: debug: [136784] stress-ng-stream: started [136784] (instance 2)
stress-ng: debug: [136793] stress-ng-context: started [136793] (instance 3)
stress-ng: debug: [136837] stress-ng-crypt: started [136837] (instance 3)
stress-ng: debug: [136838] stress-ng-fp-error: started [136838] (instance 3)
stress-ng: debug: [136836] stress-ng-cpu-online: started [136836] (instance 3)
stress-ng: debug: [136839] stress-ng-getrandom: started [136839] (instance 3)
stress-ng: debug: [136836] stress-ng-cpu-online: exited [136836] (instance 3)
stress-ng: debug: [136845] stress-ng-heapsort: started [136845] (instance 3)
stress-ng: debug: [136835] stress-ng-cpu: started [136835] (instance 3)
stress-ng: debug: [136853] stress-ng-hsearch: started [136853] (instance 3)
stress-ng: debug: [136854] stress-ng-longjmp: started [136854] (instance 3)
stress-ng: debug: [136855] stress-ng-lsearch: started [136855] (instance 3)
stress-ng: debug: [136860] stress-ng-mergesort: started [136860] (instance 3)
stress-ng: debug: [136861] stress-ng-nop: started [136861] (instance 3)
stress-ng: debug: [136859] stress-ng-matrix: started [136859] (instance 3)
stress-ng: debug: [136864] stress-ng-numa: started [136864] (instance 3)
stress-ng: debug: [136865] stress-ng-opcode: started [136865] (instance 3)
stress-ng: debug: [136867] stress-ng-qsort: started [136867] (instance 3)
stress-ng: debug: [136869] stress-ng-str: started [136869] (instance 3)
stress-ng: debug: [136868] stress-ng-rdrand: started [136868] (instance 3)
stress-ng: debug: [136870] stress-ng-stream: started [136870] (instance 3)
stress-ng: debug: [136868] stress-ng-rdrand: exited [136868] (instance 3)
stress-ng: debug: [136881] stress-ng-zlib: started [136881] (instance 3)
stress-ng: debug: [136878] stress-ng-tsearch: started [136878] (instance 3)
stress-ng: debug: [136880] stress-ng-wcs: started [136880] (instance 3)
stress-ng: debug: [136879] stress-ng-vecmath: started [136879] (instance 3)
stress-ng: debug: [136877] stress-ng-tsc: started [136877] (instance 3)
stress-ng: debug: [136877] stress-ng-tsc: exited [136877] (instance 3)
stress-ng: debug: [136573] 108 stressors spawned
stress-ng: fail:  [136597] stress-ng-mergesort: mergesort failed: 22 (Invalid argument)
stress-ng: fail:  [136597] stress-ng-mergesort: mergesort failed: 22 (Invalid argument)
stress-ng: fail:  [136597] stress-ng-mergesort: mergesort failed: 22 (Invalid argument)
stress-ng: fail:  [136648] stress-ng-mergesort: mergesort failed: 22 (Invalid argument)
stress-ng: fail:  [136597] stress-ng-mergesort: mergesort failed: 22 (Invalid argument)
stress-ng: fail:  [136648] stress-ng-mergesort: mergesort failed: 22 (Invalid argument)
stress-ng: fail:  [136648] stress-ng-mergesort: mergesort failed: 22 (Invalid argument)
stress-ng: fail:  [136597] stress-ng-mergesort: mergesort failed: 22 (Invalid argument)
info: 5 failures reached, aborting stress process
stress-ng: debug: [136597] stress-ng-mergesort: exited [136597] (instance 0)
stress-ng: fail:  [136771] stress-ng-mergesort: mergesort failed: 22 (Invalid argument)
stress-ng: fail:  [136648] stress-ng-mergesort: mergesort failed: 22 (Invalid argument)
stress-ng: fail:  [136771] stress-ng-mergesort: mergesort failed: 22 (Invalid argument)
stress-ng: fail:  [136648] stress-ng-mergesort: mergesort failed: 22 (Invalid argument)
info: 5 failures reached, aborting stress process
stress-ng: debug: [136648] stress-ng-mergesort: exited [136648] (instance 1)
stress-ng: fail:  [136771] stress-ng-mergesort: mergesort failed: 22 (Invalid argument)
stress-ng: fail:  [136860] stress-ng-mergesort: mergesort failed: 22 (Invalid argument)
stress-ng: fail:  [136771] stress-ng-mergesort: mergesort failed: 22 (Invalid argument)
stress-ng: fail:  [136860] stress-ng-mergesort: mergesort failed: 22 (Invalid argument)
stress-ng: fail:  [136771] stress-ng-mergesort: mergesort failed: 22 (Invalid argument)
info: 5 failures reached, aborting stress process
stress-ng: debug: [136771] stress-ng-mergesort: exited [136771] (instance 2)
stress-ng: fail:  [136860] stress-ng-mergesort: mergesort failed: 22 (Invalid argument)
stress-ng: fail:  [136860] stress-ng-mergesort: mergesort failed: 22 (Invalid argument)
stress-ng: fail:  [136860] stress-ng-mergesort: mergesort failed: 22 (Invalid argument)
info: 5 failures reached, aborting stress process
stress-ng: debug: [136860] stress-ng-mergesort: exited [136860] (instance 3)
