stress-ng: debug: [256387] 72 processors online, 72 processors configured
stress-ng: info:  [256387] defaulting to a 86400 second run per stressor
stress-ng: info:  [256387] dispatching hogs: 4 af-alg, 4 atomic, 4 bsearch, 4 context, 4 cpu, 4 cpu-online, 4 crypt, 4 fp-error, 4 getrandom, 4 heapsort, 4 hsearch, 4 longjmp, 4 lsearch, 4 matrix, 4 mergesort, 4 nop, 4 numa, 4 opcode, 4 qsort, 4 rdrand, 4 str, 4 stream, 4 tsc, 4 tsearch, 4 vecmath, 4 wcs, 4 zlib
stress-ng: debug: [256387] cache allocate: default cache size: 46080K
stress-ng: debug: [256387] starting stressors
stress-ng: debug: [256400] stress-ng-cpu: started [256400] (instance 0)
stress-ng: debug: [256401] stress-ng-cpu-online: started [256401] (instance 0)
stress-ng: debug: [256399] stress-ng-context: started [256399] (instance 0)
stress-ng: info:  [256401] stress-ng-cpu-online: need root privilege to run this stressor
stress-ng: debug: [256401] stress-ng-cpu-online: exited [256401] (instance 0)
stress-ng: debug: [256402] stress-ng-crypt: started [256402] (instance 0)
stress-ng: debug: [256403] stress-ng-fp-error: started [256403] (instance 0)
stress-ng: debug: [256398] stress-ng-bsearch: started [256398] (instance 0)
stress-ng: debug: [256404] stress-ng-getrandom: started [256404] (instance 0)
stress-ng: debug: [256405] stress-ng-heapsort: started [256405] (instance 0)
stress-ng: debug: [256406] stress-ng-hsearch: started [256406] (instance 0)
stress-ng: debug: [256397] stress-ng-atomic: started [256397] (instance 0)
stress-ng: debug: [256407] stress-ng-longjmp: started [256407] (instance 0)
stress-ng: debug: [256396] stress-ng-af-alg: started [256396] (instance 0)
stress-ng: debug: [256409] stress-ng-matrix: started [256409] (instance 0)
stress-ng: debug: [256411] stress-ng-nop: started [256411] (instance 0)
stress-ng: debug: [256413] stress-ng-opcode: started [256413] (instance 0)
stress-ng: debug: [256414] stress-ng-qsort: started [256414] (instance 0)
stress-ng: debug: [256416] stress-ng-str: started [256416] (instance 0)
stress-ng: debug: [256412] stress-ng-numa: started [256412] (instance 0)
stress-ng: debug: [256410] stress-ng-mergesort: started [256410] (instance 0)
stress-ng: debug: [256415] stress-ng-rdrand: started [256415] (instance 0)
stress-ng: debug: [256417] stress-ng-stream: started [256417] (instance 0)
stress-ng: debug: [256418] stress-ng-tsc: started [256418] (instance 0)
stress-ng: debug: [256415] stress-ng-rdrand: exited [256415] (instance 0)
stress-ng: info:  [256412] stress-ng-numa: system has 2 of a maximum 1024 memory NUMA nodes
stress-ng: debug: [256418] stress-ng-tsc: exited [256418] (instance 0)
stress-ng: debug: [256419] stress-ng-tsearch: started [256419] (instance 0)
stress-ng: debug: [256408] stress-ng-lsearch: started [256408] (instance 0)
stress-ng: debug: [256452] stress-ng-wcs: started [256452] (instance 0)
stress-ng: debug: [256453] stress-ng-zlib: started [256453] (instance 0)
stress-ng: debug: [256456] stress-ng-bsearch: started [256456] (instance 1)
stress-ng: debug: [256457] stress-ng-context: started [256457] (instance 1)
stress-ng: debug: [256455] stress-ng-atomic: started [256455] (instance 1)
stress-ng: debug: [256458] stress-ng-cpu: started [256458] (instance 1)
stress-ng: debug: [256454] stress-ng-af-alg: started [256454] (instance 1)
stress-ng: debug: [256451] stress-ng-vecmath: started [256451] (instance 0)
stress-ng: debug: [256487] stress-ng-fp-error: started [256487] (instance 1)
stress-ng: debug: [256489] stress-ng-heapsort: started [256489] (instance 1)
stress-ng: debug: [256492] stress-ng-lsearch: started [256492] (instance 1)
stress-ng: debug: [256491] stress-ng-longjmp: started [256491] (instance 1)
stress-ng: debug: [256485] stress-ng-cpu-online: started [256485] (instance 1)
stress-ng: debug: [256486] stress-ng-crypt: started [256486] (instance 1)
stress-ng: debug: [256488] stress-ng-getrandom: started [256488] (instance 1)
stress-ng: debug: [256490] stress-ng-hsearch: started [256490] (instance 1)
stress-ng: debug: [256485] stress-ng-cpu-online: exited [256485] (instance 1)
stress-ng: debug: [256628] stress-ng-matrix: started [256628] (instance 1)
stress-ng: debug: [256629] stress-ng-mergesort: started [256629] (instance 1)
stress-ng: debug: [256630] stress-ng-nop: started [256630] (instance 1)
stress-ng: debug: [256689] stress-ng-opcode: started [256689] (instance 1)
stress-ng: debug: [256690] stress-ng-qsort: started [256690] (instance 1)
stress-ng: debug: [256746] stress-ng-tsearch: started [256746] (instance 1)
stress-ng: debug: [256745] stress-ng-tsc: started [256745] (instance 1)
stress-ng: debug: [256733] stress-ng-str: started [256733] (instance 1)
stress-ng: debug: [256735] stress-ng-stream: started [256735] (instance 1)
stress-ng: debug: [256732] stress-ng-rdrand: started [256732] (instance 1)
stress-ng: debug: [256747] stress-ng-vecmath: started [256747] (instance 1)
stress-ng: debug: [256745] stress-ng-tsc: exited [256745] (instance 1)
stress-ng: debug: [256732] stress-ng-rdrand: exited [256732] (instance 1)
stress-ng: debug: [256748] stress-ng-wcs: started [256748] (instance 1)
stress-ng: debug: [256749] stress-ng-zlib: started [256749] (instance 1)
stress-ng: debug: [256750] stress-ng-af-alg: started [256750] (instance 2)
stress-ng: debug: [256751] stress-ng-atomic: started [256751] (instance 2)
stress-ng: debug: [256752] stress-ng-bsearch: started [256752] (instance 2)
stress-ng: debug: [256688] stress-ng-numa: started [256688] (instance 1)
stress-ng: debug: [256761] stress-ng-context: started [256761] (instance 2)
stress-ng: debug: [256930] stress-ng-cpu-online: started [256930] (instance 2)
stress-ng: debug: [256931] stress-ng-crypt: started [256931] (instance 2)
stress-ng: debug: [256930] stress-ng-cpu-online: exited [256930] (instance 2)
stress-ng: debug: [256979] stress-ng-getrandom: started [256979] (instance 2)
stress-ng: debug: [256986] stress-ng-heapsort: started [256986] (instance 2)
stress-ng: debug: [256976] stress-ng-fp-error: started [256976] (instance 2)
stress-ng: debug: [257051] stress-ng-hsearch: started [257051] (instance 2)
stress-ng: debug: [257052] stress-ng-longjmp: started [257052] (instance 2)
stress-ng: debug: [257053] stress-ng-lsearch: started [257053] (instance 2)
stress-ng: debug: [256929] stress-ng-cpu: started [256929] (instance 2)
stress-ng: debug: [257055] stress-ng-matrix: started [257055] (instance 2)
stress-ng: debug: [257059] stress-ng-opcode: started [257059] (instance 2)
stress-ng: debug: [257057] stress-ng-nop: started [257057] (instance 2)
stress-ng: debug: [257058] stress-ng-numa: started [257058] (instance 2)
stress-ng: debug: [257056] stress-ng-mergesort: started [257056] (instance 2)
stress-ng: debug: [257061] stress-ng-qsort: started [257061] (instance 2)
stress-ng: info:  [256417] stress-ng-stream: stressor loosely based on a variant of the STREAM benchmark code
stress-ng: info:  [256417] stress-ng-stream: do NOT submit any of these results to the STREAM benchmark results
stress-ng: info:  [256417] stress-ng-stream: Using CPU cache size of 46080K
stress-ng: debug: [257139] stress-ng-str: started [257139] (instance 2)
stress-ng: debug: [257144] stress-ng-tsc: started [257144] (instance 2)
stress-ng: debug: [257145] stress-ng-tsearch: started [257145] (instance 2)
stress-ng: debug: [257143] stress-ng-stream: started [257143] (instance 2)
stress-ng: debug: [257138] stress-ng-rdrand: started [257138] (instance 2)
stress-ng: debug: [257144] stress-ng-tsc: exited [257144] (instance 2)
stress-ng: debug: [257138] stress-ng-rdrand: exited [257138] (instance 2)
stress-ng: debug: [257149] stress-ng-vecmath: started [257149] (instance 2)
stress-ng: debug: [257150] stress-ng-wcs: started [257150] (instance 2)
stress-ng: debug: [257153] stress-ng-zlib: started [257153] (instance 2)
stress-ng: debug: [257154] stress-ng-af-alg: started [257154] (instance 3)
stress-ng: debug: [257157] stress-ng-context: started [257157] (instance 3)
stress-ng: debug: [257156] stress-ng-bsearch: started [257156] (instance 3)
stress-ng: debug: [257155] stress-ng-atomic: started [257155] (instance 3)
stress-ng: debug: [257158] stress-ng-cpu: started [257158] (instance 3)
stress-ng: debug: [257166] stress-ng-crypt: started [257166] (instance 3)
stress-ng: debug: [257165] stress-ng-cpu-online: started [257165] (instance 3)
stress-ng: debug: [257165] stress-ng-cpu-online: exited [257165] (instance 3)
stress-ng: debug: [257169] stress-ng-fp-error: started [257169] (instance 3)
stress-ng: debug: [257170] stress-ng-getrandom: started [257170] (instance 3)
stress-ng: debug: [257176] stress-ng-heapsort: started [257176] (instance 3)
stress-ng: debug: [257178] stress-ng-longjmp: started [257178] (instance 3)
stress-ng: debug: [257177] stress-ng-hsearch: started [257177] (instance 3)
stress-ng: debug: [257180] stress-ng-lsearch: started [257180] (instance 3)
stress-ng: debug: [257181] stress-ng-matrix: started [257181] (instance 3)
stress-ng: debug: [257191] stress-ng-nop: started [257191] (instance 3)
stress-ng: debug: [257190] stress-ng-mergesort: started [257190] (instance 3)
stress-ng: debug: [257196] stress-ng-numa: started [257196] (instance 3)
stress-ng: debug: [257197] stress-ng-opcode: started [257197] (instance 3)
stress-ng: debug: [257198] stress-ng-qsort: started [257198] (instance 3)
stress-ng: debug: [257199] stress-ng-rdrand: started [257199] (instance 3)
stress-ng: debug: [257199] stress-ng-rdrand: exited [257199] (instance 3)
stress-ng: debug: [256387] 108 stressors spawned
stress-ng: debug: [257366] stress-ng-vecmath: started [257366] (instance 3)
stress-ng: debug: [257365] stress-ng-tsearch: started [257365] (instance 3)
stress-ng: debug: [257363] stress-ng-stream: started [257363] (instance 3)
stress-ng: debug: [257364] stress-ng-tsc: started [257364] (instance 3)
stress-ng: debug: [257368] stress-ng-zlib: started [257368] (instance 3)
stress-ng: debug: [257367] stress-ng-wcs: started [257367] (instance 3)
stress-ng: debug: [257364] stress-ng-tsc: exited [257364] (instance 3)
stress-ng: debug: [257362] stress-ng-str: started [257362] (instance 3)
stress-ng: fail:  [256410] stress-ng-mergesort: mergesort failed: 22 (Invalid argument)
stress-ng: fail:  [256410] stress-ng-mergesort: mergesort failed: 22 (Invalid argument)
stress-ng: fail:  [256629] stress-ng-mergesort: mergesort failed: 22 (Invalid argument)
stress-ng: fail:  [256410] stress-ng-mergesort: mergesort failed: 22 (Invalid argument)
stress-ng: fail:  [256629] stress-ng-mergesort: mergesort failed: 22 (Invalid argument)
stress-ng: fail:  [256410] stress-ng-mergesort: mergesort failed: 22 (Invalid argument)
stress-ng: fail:  [257056] stress-ng-mergesort: mergesort failed: 22 (Invalid argument)
stress-ng: fail:  [256629] stress-ng-mergesort: mergesort failed: 22 (Invalid argument)
stress-ng: fail:  [256410] stress-ng-mergesort: mergesort failed: 22 (Invalid argument)
info: 5 failures reached, aborting stress process
stress-ng: debug: [256410] stress-ng-mergesort: exited [256410] (instance 0)
stress-ng: fail:  [256629] stress-ng-mergesort: mergesort failed: 22 (Invalid argument)
stress-ng: fail:  [257056] stress-ng-mergesort: mergesort failed: 22 (Invalid argument)
stress-ng: fail:  [256629] stress-ng-mergesort: mergesort failed: 22 (Invalid argument)
info: 5 failures reached, aborting stress process
stress-ng: debug: [256629] stress-ng-mergesort: exited [256629] (instance 1)
stress-ng: fail:  [257056] stress-ng-mergesort: mergesort failed: 22 (Invalid argument)
stress-ng: fail:  [257190] stress-ng-mergesort: mergesort failed: 22 (Invalid argument)
stress-ng: fail:  [257056] stress-ng-mergesort: mergesort failed: 22 (Invalid argument)
stress-ng: fail:  [257190] stress-ng-mergesort: mergesort failed: 22 (Invalid argument)
stress-ng: fail:  [257056] stress-ng-mergesort: mergesort failed: 22 (Invalid argument)
info: 5 failures reached, aborting stress process
stress-ng: debug: [257056] stress-ng-mergesort: exited [257056] (instance 2)
stress-ng: fail:  [257190] stress-ng-mergesort: mergesort failed: 22 (Invalid argument)
stress-ng: fail:  [257190] stress-ng-mergesort: mergesort failed: 22 (Invalid argument)
stress-ng: fail:  [257190] stress-ng-mergesort: mergesort failed: 22 (Invalid argument)
info: 5 failures reached, aborting stress process
stress-ng: debug: [257190] stress-ng-mergesort: exited [257190] (instance 3)
