stress-ng: debug: [220270] 72 processors online, 72 processors configured
stress-ng: info:  [220270] defaulting to a 86400 second run per stressor
stress-ng: info:  [220270] dispatching hogs: 4 atomic, 4 bsearch, 4 context, 4 full, 4 heapsort, 4 hsearch, 4 lockbus, 4 lsearch, 4 malloc, 4 matrix, 4 membarrier, 4 memcpy, 4 memfd, 4 mergesort, 4 mincore, 4 null, 4 numa, 4 oom-pipe, 4 pipe, 4 qsort, 4 remap, 4 resources, 4 rmap, 4 stack, 4 stackmmap, 4 str, 4 stream, 4 tlb-shootdown, 4 tmpfs, 4 tsearch, 4 vm, 4 vm-rw, 4 wcs, 4 zero, 4 zlib
stress-ng: debug: [220270] cache allocate: default cache size: 46080K
stress-ng: debug: [220270] starting stressors
stress-ng: debug: [220286] stress-ng-lockbus: started [220286] (instance 0)
stress-ng: debug: [220285] stress-ng-hsearch: started [220285] (instance 0)
stress-ng: debug: [220284] stress-ng-heapsort: started [220284] (instance 0)
stress-ng: debug: [220287] stress-ng-lsearch: started [220287] (instance 0)
stress-ng: debug: [220283] stress-ng-full: started [220283] (instance 0)
stress-ng: debug: [220288] stress-ng-malloc: started [220288] (instance 0)
stress-ng: debug: [220289] stress-ng-matrix: started [220289] (instance 0)
stress-ng: debug: [220282] stress-ng-context: started [220282] (instance 0)
stress-ng: debug: [220290] stress-ng-membarrier: started [220290] (instance 0)
stress-ng: debug: [220291] stress-ng-memcpy: started [220291] (instance 0)
stress-ng: info:  [220290] stress-ng-membarrier: this stressor is not implemented on this system: x86_64 Linux 3.10.0-1160.95.1.1chaos.ch6.x86_64
stress-ng: debug: [220290] stress-ng-membarrier: exited [220290] (instance 0)
stress-ng: debug: [220292] stress-ng-memfd: started [220292] (instance 0)
stress-ng: debug: [220294] stress-ng-mincore: started [220294] (instance 0)
stress-ng: debug: [220296] stress-ng-numa: started [220296] (instance 0)
stress-ng: debug: [220297] stress-ng-oom-pipe: started [220297] (instance 0)
stress-ng: debug: [220299] stress-ng-qsort: started [220299] (instance 0)
stress-ng: debug: [220295] stress-ng-null: started [220295] (instance 0)
stress-ng: debug: [220293] stress-ng-mergesort: started [220293] (instance 0)
stress-ng: debug: [220298] stress-ng-pipe: started [220298] (instance 0)
stress-ng: debug: [220300] stress-ng-remap: started [220300] (instance 0)
stress-ng: debug: [220281] stress-ng-bsearch: started [220281] (instance 0)
stress-ng: info:  [220296] stress-ng-numa: system has 2 of a maximum 1024 memory NUMA nodes
stress-ng: debug: [220301] stress-ng-resources: started [220301] (instance 0)
stress-ng: debug: [220280] stress-ng-atomic: started [220280] (instance 0)
stress-ng: debug: [220316] stress-ng-stack: started [220316] (instance 0)
stress-ng: debug: [220322] stress-ng-tsearch: started [220322] (instance 0)
stress-ng: debug: [220319] stress-ng-stream: started [220319] (instance 0)
stress-ng: debug: [220318] stress-ng-str: started [220318] (instance 0)
stress-ng: debug: [220320] stress-ng-tlb-shootdown: started [220320] (instance 0)
stress-ng: debug: [220321] stress-ng-tmpfs: started [220321] (instance 0)
stress-ng: debug: [220317] stress-ng-stackmmap: started [220317] (instance 0)
stress-ng: debug: [220315] stress-ng-rmap: started [220315] (instance 0)
stress-ng: debug: [220323] stress-ng-vm: started [220323] (instance 0)
stress-ng: debug: [220324] stress-ng-vm-rw: started [220324] (instance 0)
stress-ng: error: [220321] stress-ng-tmpfs: cannot find writeable free space on a tmpfs filesystem
stress-ng: debug: [220321] stress-ng-tmpfs: exited [220321] (instance 0)
stress-ng: debug: [220372] stress-ng-context: started [220372] (instance 1)
stress-ng: debug: [220373] stress-ng-full: started [220373] (instance 1)
stress-ng: debug: [220371] stress-ng-bsearch: started [220371] (instance 1)
stress-ng: debug: [220369] stress-ng-zlib: started [220369] (instance 0)
stress-ng: debug: [220368] stress-ng-zero: started [220368] (instance 0)
stress-ng: debug: [220370] stress-ng-atomic: started [220370] (instance 1)
stress-ng: debug: [220374] stress-ng-heapsort: started [220374] (instance 1)
stress-ng: debug: [220367] stress-ng-wcs: started [220367] (instance 0)
stress-ng: debug: [220475] stress-ng-memcpy: started [220475] (instance 1)
stress-ng: debug: [220472] stress-ng-malloc: started [220472] (instance 1)
stress-ng: debug: [220474] stress-ng-membarrier: started [220474] (instance 1)
stress-ng: debug: [220470] stress-ng-lockbus: started [220470] (instance 1)
stress-ng: debug: [220476] stress-ng-memfd: started [220476] (instance 1)
stress-ng: debug: [220473] stress-ng-matrix: started [220473] (instance 1)
stress-ng: debug: [220471] stress-ng-lsearch: started [220471] (instance 1)
stress-ng: debug: [220477] stress-ng-mergesort: started [220477] (instance 1)
stress-ng: info:  [220474] stress-ng-membarrier: this stressor is not implemented on this system: x86_64 Linux 3.10.0-1160.95.1.1chaos.ch6.x86_64
stress-ng: debug: [220474] stress-ng-membarrier: exited [220474] (instance 1)
stress-ng: debug: [220469] stress-ng-hsearch: started [220469] (instance 1)
stress-ng: debug: [220492] stress-ng-numa: started [220492] (instance 1)
stress-ng: debug: [220495] stress-ng-qsort: started [220495] (instance 1)
stress-ng: debug: [220497] stress-ng-resources: started [220497] (instance 1)
stress-ng: debug: [220491] stress-ng-null: started [220491] (instance 1)
stress-ng: debug: [220494] stress-ng-pipe: started [220494] (instance 1)
stress-ng: debug: [220496] stress-ng-remap: started [220496] (instance 1)
stress-ng: debug: [220493] stress-ng-oom-pipe: started [220493] (instance 1)
stress-ng: debug: [220498] stress-ng-rmap: started [220498] (instance 1)
stress-ng: debug: [220499] stress-ng-stack: started [220499] (instance 1)
stress-ng: debug: [220490] stress-ng-mincore: started [220490] (instance 1)
stress-ng: debug: [220535] stress-ng-vm: started [220535] (instance 1)
stress-ng: debug: [220533] stress-ng-tmpfs: started [220533] (instance 1)
stress-ng: debug: [220530] stress-ng-str: started [220530] (instance 1)
stress-ng: debug: [220536] stress-ng-vm-rw: started [220536] (instance 1)
stress-ng: debug: [220531] stress-ng-stream: started [220531] (instance 1)
stress-ng: debug: [220534] stress-ng-tsearch: started [220534] (instance 1)
stress-ng: debug: [220532] stress-ng-tlb-shootdown: started [220532] (instance 1)
stress-ng: debug: [220537] stress-ng-wcs: started [220537] (instance 1)
stress-ng: debug: [220529] stress-ng-stackmmap: started [220529] (instance 1)
stress-ng: error: [220533] stress-ng-tmpfs: cannot find writeable free space on a tmpfs filesystem
stress-ng: debug: [220533] stress-ng-tmpfs: exited [220533] (instance 1)
stress-ng: debug: [220607] stress-ng-full: started [220607] (instance 2)
stress-ng: debug: [220604] stress-ng-atomic: started [220604] (instance 2)
stress-ng: debug: [220602] stress-ng-zero: started [220602] (instance 1)
stress-ng: debug: [220606] stress-ng-context: started [220606] (instance 2)
stress-ng: debug: [220603] stress-ng-zlib: started [220603] (instance 1)
stress-ng: debug: [220605] stress-ng-bsearch: started [220605] (instance 2)
stress-ng: debug: [220608] stress-ng-heapsort: started [220608] (instance 2)
stress-ng: debug: [220609] stress-ng-hsearch: started [220609] (instance 2)
stress-ng: info:  [220319] stress-ng-stream: stressor loosely based on a variant of the STREAM benchmark code
stress-ng: info:  [220319] stress-ng-stream: do NOT submit any of these results to the STREAM benchmark results
stress-ng: info:  [220319] stress-ng-stream: Using CPU cache size of 46080K
stress-ng: debug: [220657] stress-ng-malloc: started [220657] (instance 2)
stress-ng: debug: [220655] stress-ng-lockbus: started [220655] (instance 2)
stress-ng: debug: [220656] stress-ng-lsearch: started [220656] (instance 2)
stress-ng: debug: [220660] stress-ng-matrix: started [220660] (instance 2)
stress-ng: debug: [220687] stress-ng-mincore: started [220687] (instance 2)
stress-ng: debug: [220688] stress-ng-null: started [220688] (instance 2)
stress-ng: debug: [220686] stress-ng-mergesort: started [220686] (instance 2)
stress-ng: debug: [220691] stress-ng-pipe: started [220691] (instance 2)
stress-ng: debug: [220689] stress-ng-numa: started [220689] (instance 2)
stress-ng: debug: [220684] stress-ng-memcpy: started [220684] (instance 2)
stress-ng: debug: [220690] stress-ng-oom-pipe: started [220690] (instance 2)
stress-ng: debug: [220685] stress-ng-memfd: started [220685] (instance 2)
stress-ng: debug: [220683] stress-ng-membarrier: started [220683] (instance 2)
stress-ng: info:  [220683] stress-ng-membarrier: this stressor is not implemented on this system: x86_64 Linux 3.10.0-1160.95.1.1chaos.ch6.x86_64
stress-ng: debug: [220683] stress-ng-membarrier: exited [220683] (instance 2)
stress-ng: debug: [220702] stress-ng-remap: started [220702] (instance 2)
stress-ng: debug: [220701] stress-ng-qsort: started [220701] (instance 2)
stress-ng: debug: [220703] stress-ng-resources: started [220703] (instance 2)
stress-ng: debug: [220704] stress-ng-rmap: started [220704] (instance 2)
stress-ng: debug: [220705] stress-ng-stack: started [220705] (instance 2)
stress-ng: debug: [220706] stress-ng-stackmmap: started [220706] (instance 2)
stress-ng: debug: [220707] stress-ng-str: started [220707] (instance 2)
stress-ng: debug: [220790] stress-ng-tlb-shootdown: started [220790] (instance 2)
stress-ng: debug: [220792] stress-ng-tsearch: started [220792] (instance 2)
stress-ng: debug: [220793] stress-ng-vm: started [220793] (instance 2)
stress-ng: debug: [220794] stress-ng-vm-rw: started [220794] (instance 2)
stress-ng: debug: [220791] stress-ng-tmpfs: started [220791] (instance 2)
stress-ng: debug: [220795] stress-ng-wcs: started [220795] (instance 2)
stress-ng: debug: [220796] stress-ng-zero: started [220796] (instance 2)
stress-ng: debug: [220797] stress-ng-zlib: started [220797] (instance 2)
stress-ng: debug: [220789] stress-ng-stream: started [220789] (instance 2)
stress-ng: error: [220791] stress-ng-tmpfs: cannot find writeable free space on a tmpfs filesystem
stress-ng: debug: [220791] stress-ng-tmpfs: exited [220791] (instance 2)
stress-ng: debug: [220837] stress-ng-hsearch: started [220837] (instance 3)
stress-ng: debug: [220838] stress-ng-lockbus: started [220838] (instance 3)
stress-ng: debug: [220835] stress-ng-full: started [220835] (instance 3)
stress-ng: debug: [220836] stress-ng-heapsort: started [220836] (instance 3)
stress-ng: debug: [220834] stress-ng-context: started [220834] (instance 3)
stress-ng: debug: [220833] stress-ng-bsearch: started [220833] (instance 3)
stress-ng: debug: [220839] stress-ng-lsearch: started [220839] (instance 3)
stress-ng: debug: [220832] stress-ng-atomic: started [220832] (instance 3)
stress-ng: debug: [220903] stress-ng-matrix: started [220903] (instance 3)
stress-ng: debug: [220907] stress-ng-mergesort: started [220907] (instance 3)
stress-ng: debug: [220908] stress-ng-mincore: started [220908] (instance 3)
stress-ng: debug: [220904] stress-ng-membarrier: started [220904] (instance 3)
stress-ng: debug: [220906] stress-ng-memfd: started [220906] (instance 3)
stress-ng: debug: [220909] stress-ng-null: started [220909] (instance 3)
stress-ng: debug: [220905] stress-ng-memcpy: started [220905] (instance 3)
stress-ng: info:  [220904] stress-ng-membarrier: this stressor is not implemented on this system: x86_64 Linux 3.10.0-1160.95.1.1chaos.ch6.x86_64
stress-ng: debug: [220910] stress-ng-numa: started [220910] (instance 3)
stress-ng: debug: [220904] stress-ng-membarrier: exited [220904] (instance 3)
stress-ng: debug: [220902] stress-ng-malloc: started [220902] (instance 3)
stress-ng: fail:  [220293] stress-ng-mergesort: mergesort failed: 22 (Invalid argument)
stress-ng: debug: [220949] stress-ng-qsort: started [220949] (instance 3)
stress-ng: debug: [220953] stress-ng-stack: started [220953] (instance 3)
stress-ng: debug: [220948] stress-ng-pipe: started [220948] (instance 3)
stress-ng: debug: [220950] stress-ng-remap: started [220950] (instance 3)
stress-ng: debug: [220952] stress-ng-rmap: started [220952] (instance 3)
stress-ng: debug: [220951] stress-ng-resources: started [220951] (instance 3)
stress-ng: debug: [220954] stress-ng-stackmmap: started [220954] (instance 3)
stress-ng: debug: [220955] stress-ng-str: started [220955] (instance 3)
stress-ng: debug: [220947] stress-ng-oom-pipe: started [220947] (instance 3)
stress-ng: fail:  [220293] stress-ng-mergesort: mergesort failed: 22 (Invalid argument)
stress-ng: debug: [221023] stress-ng-vm: started [221023] (instance 3)
stress-ng: debug: [221025] stress-ng-wcs: started [221025] (instance 3)
stress-ng: debug: [221021] stress-ng-tmpfs: started [221021] (instance 3)
stress-ng: debug: [221024] stress-ng-vm-rw: started [221024] (instance 3)
stress-ng: debug: [221020] stress-ng-tlb-shootdown: started [221020] (instance 3)
stress-ng: debug: [221022] stress-ng-tsearch: started [221022] (instance 3)
stress-ng: debug: [220270] 140 stressors spawned
stress-ng: debug: [221019] stress-ng-stream: started [221019] (instance 3)
stress-ng: error: [221021] stress-ng-tmpfs: cannot find writeable free space on a tmpfs filesystem
stress-ng: debug: [221021] stress-ng-tmpfs: exited [221021] (instance 3)
stress-ng: debug: [221083] stress-ng-zlib: started [221083] (instance 3)
stress-ng: debug: [221082] stress-ng-zero: started [221082] (instance 3)
stress-ng: fail:  [220293] stress-ng-mergesort: mergesort failed: 22 (Invalid argument)
stress-ng: fail:  [220477] stress-ng-mergesort: mergesort failed: 22 (Invalid argument)
stress-ng: fail:  [220293] stress-ng-mergesort: mergesort failed: 22 (Invalid argument)
stress-ng: fail:  [220477] stress-ng-mergesort: mergesort failed: 22 (Invalid argument)
stress-ng: fail:  [220293] stress-ng-mergesort: mergesort failed: 22 (Invalid argument)
info: 5 failures reached, aborting stress process
stress-ng: debug: [220293] stress-ng-mergesort: exited [220293] (instance 0)
stress-ng: fail:  [220477] stress-ng-mergesort: mergesort failed: 22 (Invalid argument)
stress-ng: fail:  [220477] stress-ng-mergesort: mergesort failed: 22 (Invalid argument)
stress-ng: fail:  [220477] stress-ng-mergesort: mergesort failed: 22 (Invalid argument)
info: 5 failures reached, aborting stress process
stress-ng: debug: [220477] stress-ng-mergesort: exited [220477] (instance 1)
stress-ng: fail:  [220686] stress-ng-mergesort: mergesort failed: 22 (Invalid argument)
stress-ng: fail:  [220686] stress-ng-mergesort: mergesort failed: 22 (Invalid argument)
stress-ng: fail:  [220686] stress-ng-mergesort: mergesort failed: 22 (Invalid argument)
stress-ng: fail:  [220686] stress-ng-mergesort: mergesort failed: 22 (Invalid argument)
stress-ng: fail:  [220907] stress-ng-mergesort: mergesort failed: 22 (Invalid argument)
stress-ng: fail:  [220686] stress-ng-mergesort: mergesort failed: 22 (Invalid argument)
info: 5 failures reached, aborting stress process
stress-ng: fail:  [220907] stress-ng-mergesort: mergesort failed: 22 (Invalid argument)
stress-ng: debug: [220686] stress-ng-mergesort: exited [220686] (instance 2)
stress-ng: fail:  [220907] stress-ng-mergesort: mergesort failed: 22 (Invalid argument)
stress-ng: fail:  [220907] stress-ng-mergesort: mergesort failed: 22 (Invalid argument)
stress-ng: fail:  [220907] stress-ng-mergesort: mergesort failed: 22 (Invalid argument)
info: 5 failures reached, aborting stress process
stress-ng: debug: [220907] stress-ng-mergesort: exited [220907] (instance 3)
