stress-ng: debug: [199772] 72 processors online, 72 processors configured
stress-ng: info:  [199772] defaulting to a 86400 second run per stressor
stress-ng: info:  [199772] dispatching hogs: 4 bsearch, 4 cache, 4 heapsort, 4 hsearch, 4 icache, 4 lockbus, 4 lsearch, 4 malloc, 4 matrix, 4 membarrier, 4 memcpy, 4 mergesort, 4 qsort, 4 str, 4 stream, 4 tsearch, 4 vecmath, 4 wcs, 4 zlib
stress-ng: debug: [199772] cache allocate: default cache size: 46080K
stress-ng: debug: [199772] starting stressors
stress-ng: debug: [199787] stress-ng-lsearch: started [199787] (instance 0)
stress-ng: debug: [199786] stress-ng-lockbus: started [199786] (instance 0)
stress-ng: debug: [199785] stress-ng-icache: started [199785] (instance 0)
stress-ng: debug: [199788] stress-ng-malloc: started [199788] (instance 0)
stress-ng: debug: [199784] stress-ng-hsearch: started [199784] (instance 0)
stress-ng: debug: [199789] stress-ng-matrix: started [199789] (instance 0)
stress-ng: debug: [199790] stress-ng-membarrier: started [199790] (instance 0)
stress-ng: debug: [199783] stress-ng-heapsort: started [199783] (instance 0)
stress-ng: info:  [199790] stress-ng-membarrier: this stressor is not implemented on this system: x86_64 Linux 3.10.0-1160.95.1.1chaos.ch6.x86_64
stress-ng: debug: [199790] stress-ng-membarrier: exited [199790] (instance 0)
stress-ng: debug: [199791] stress-ng-memcpy: started [199791] (instance 0)
stress-ng: debug: [199792] stress-ng-mergesort: started [199792] (instance 0)
stress-ng: debug: [199793] stress-ng-qsort: started [199793] (instance 0)
stress-ng: debug: [199794] stress-ng-str: started [199794] (instance 0)
stress-ng: debug: [199795] stress-ng-stream: started [199795] (instance 0)
stress-ng: debug: [199797] stress-ng-vecmath: started [199797] (instance 0)
stress-ng: debug: [199798] stress-ng-wcs: started [199798] (instance 0)
stress-ng: debug: [199800] stress-ng-bsearch: started [199800] (instance 1)
stress-ng: debug: [199796] stress-ng-tsearch: started [199796] (instance 0)
stress-ng: debug: [199799] stress-ng-zlib: started [199799] (instance 0)
stress-ng: debug: [199782] stress-ng-cache: started [199782] (instance 0)
stress-ng: debug: [199782] stress-ng-cache: using cache buffer size of 46080K
stress-ng: debug: [199806] stress-ng-icache: started [199806] (instance 1)
stress-ng: debug: [199809] stress-ng-malloc: started [199809] (instance 1)
stress-ng: debug: [199810] stress-ng-matrix: started [199810] (instance 1)
stress-ng: debug: [199808] stress-ng-lsearch: started [199808] (instance 1)
stress-ng: debug: [199811] stress-ng-membarrier: started [199811] (instance 1)
stress-ng: debug: [199802] stress-ng-cache: started [199802] (instance 1)
stress-ng: debug: [199803] stress-ng-heapsort: started [199803] (instance 1)
stress-ng: debug: [199807] stress-ng-lockbus: started [199807] (instance 1)
stress-ng: debug: [199805] stress-ng-hsearch: started [199805] (instance 1)
stress-ng: info:  [199811] stress-ng-membarrier: this stressor is not implemented on this system: x86_64 Linux 3.10.0-1160.95.1.1chaos.ch6.x86_64
stress-ng: debug: [199811] stress-ng-membarrier: exited [199811] (instance 1)
stress-ng: debug: [199812] stress-ng-memcpy: started [199812] (instance 1)
stress-ng: debug: [199813] stress-ng-mergesort: started [199813] (instance 1)
stress-ng: debug: [199781] stress-ng-bsearch: started [199781] (instance 0)
stress-ng: debug: [199819] stress-ng-str: started [199819] (instance 1)
stress-ng: debug: [199821] stress-ng-tsearch: started [199821] (instance 1)
stress-ng: debug: [199824] stress-ng-zlib: started [199824] (instance 1)
stress-ng: debug: [199823] stress-ng-wcs: started [199823] (instance 1)
stress-ng: debug: [199822] stress-ng-vecmath: started [199822] (instance 1)
stress-ng: debug: [199820] stress-ng-stream: started [199820] (instance 1)
stress-ng: debug: [199825] stress-ng-bsearch: started [199825] (instance 2)
stress-ng: debug: [199827] stress-ng-cache: started [199827] (instance 2)
stress-ng: debug: [199818] stress-ng-qsort: started [199818] (instance 1)
stress-ng: debug: [199828] stress-ng-heapsort: started [199828] (instance 2)
stress-ng: debug: [199829] stress-ng-hsearch: started [199829] (instance 2)
stress-ng: debug: [199830] stress-ng-icache: started [199830] (instance 2)
stress-ng: debug: [199831] stress-ng-lockbus: started [199831] (instance 2)
stress-ng: debug: [199832] stress-ng-lsearch: started [199832] (instance 2)
stress-ng: debug: [199833] stress-ng-malloc: started [199833] (instance 2)
stress-ng: debug: [199835] stress-ng-matrix: started [199835] (instance 2)
stress-ng: debug: [199836] stress-ng-membarrier: started [199836] (instance 2)
stress-ng: info:  [199836] stress-ng-membarrier: this stressor is not implemented on this system: x86_64 Linux 3.10.0-1160.95.1.1chaos.ch6.x86_64
stress-ng: debug: [199836] stress-ng-membarrier: exited [199836] (instance 2)
stress-ng: debug: [199837] stress-ng-memcpy: started [199837] (instance 2)
stress-ng: debug: [199844] stress-ng-vecmath: started [199844] (instance 2)
stress-ng: debug: [199843] stress-ng-tsearch: started [199843] (instance 2)
stress-ng: debug: [199845] stress-ng-wcs: started [199845] (instance 2)
stress-ng: debug: [199842] stress-ng-stream: started [199842] (instance 2)
stress-ng: debug: [199841] stress-ng-str: started [199841] (instance 2)
stress-ng: debug: [199846] stress-ng-zlib: started [199846] (instance 2)
stress-ng: debug: [199840] stress-ng-qsort: started [199840] (instance 2)
stress-ng: debug: [199847] stress-ng-bsearch: started [199847] (instance 3)
stress-ng: info:  [199795] stress-ng-stream: stressor loosely based on a variant of the STREAM benchmark code
stress-ng: info:  [199795] stress-ng-stream: do NOT submit any of these results to the STREAM benchmark results
stress-ng: info:  [199795] stress-ng-stream: Using CPU cache size of 46080K
stress-ng: debug: [199871] stress-ng-malloc: started [199871] (instance 3)
stress-ng: debug: [199866] stress-ng-heapsort: started [199866] (instance 3)
stress-ng: debug: [199872] stress-ng-matrix: started [199872] (instance 3)
stress-ng: debug: [199870] stress-ng-lsearch: started [199870] (instance 3)
stress-ng: debug: [199868] stress-ng-icache: started [199868] (instance 3)
stress-ng: debug: [199867] stress-ng-hsearch: started [199867] (instance 3)
stress-ng: debug: [199869] stress-ng-lockbus: started [199869] (instance 3)
stress-ng: debug: [199873] stress-ng-membarrier: started [199873] (instance 3)
stress-ng: debug: [199839] stress-ng-mergesort: started [199839] (instance 2)
stress-ng: info:  [199873] stress-ng-membarrier: this stressor is not implemented on this system: x86_64 Linux 3.10.0-1160.95.1.1chaos.ch6.x86_64
stress-ng: debug: [199873] stress-ng-membarrier: exited [199873] (instance 3)
stress-ng: debug: [199772] 76 stressors spawned
stress-ng: debug: [199865] stress-ng-cache: started [199865] (instance 3)
stress-ng: debug: [199955] stress-ng-vecmath: started [199955] (instance 3)
stress-ng: debug: [199954] stress-ng-tsearch: started [199954] (instance 3)
stress-ng: debug: [199951] stress-ng-qsort: started [199951] (instance 3)
stress-ng: debug: [199956] stress-ng-wcs: started [199956] (instance 3)
stress-ng: debug: [199950] stress-ng-mergesort: started [199950] (instance 3)
stress-ng: debug: [199953] stress-ng-stream: started [199953] (instance 3)
stress-ng: debug: [199952] stress-ng-str: started [199952] (instance 3)
stress-ng: debug: [199957] stress-ng-zlib: started [199957] (instance 3)
stress-ng: debug: [199949] stress-ng-memcpy: started [199949] (instance 3)
stress-ng: fail:  [199792] stress-ng-mergesort: mergesort failed: 22 (Invalid argument)
stress-ng: fail:  [199813] stress-ng-mergesort: mergesort failed: 22 (Invalid argument)
stress-ng: fail:  [199792] stress-ng-mergesort: mergesort failed: 22 (Invalid argument)
stress-ng: fail:  [199813] stress-ng-mergesort: mergesort failed: 22 (Invalid argument)
stress-ng: fail:  [199792] stress-ng-mergesort: mergesort failed: 22 (Invalid argument)
stress-ng: fail:  [199792] stress-ng-mergesort: mergesort failed: 22 (Invalid argument)
stress-ng: fail:  [199813] stress-ng-mergesort: mergesort failed: 22 (Invalid argument)
stress-ng: fail:  [199813] stress-ng-mergesort: mergesort failed: 22 (Invalid argument)
stress-ng: fail:  [199792] stress-ng-mergesort: mergesort failed: 22 (Invalid argument)
info: 5 failures reached, aborting stress process
stress-ng: debug: [199792] stress-ng-mergesort: exited [199792] (instance 0)
stress-ng: fail:  [199839] stress-ng-mergesort: mergesort failed: 22 (Invalid argument)
stress-ng: fail:  [199813] stress-ng-mergesort: mergesort failed: 22 (Invalid argument)
info: 5 failures reached, aborting stress process
stress-ng: debug: [199813] stress-ng-mergesort: exited [199813] (instance 1)
stress-ng: fail:  [199839] stress-ng-mergesort: mergesort failed: 22 (Invalid argument)
stress-ng: fail:  [199950] stress-ng-mergesort: mergesort failed: 22 (Invalid argument)
stress-ng: fail:  [199950] stress-ng-mergesort: mergesort failed: 22 (Invalid argument)
stress-ng: fail:  [199839] stress-ng-mergesort: mergesort failed: 22 (Invalid argument)
stress-ng: fail:  [199839] stress-ng-mergesort: mergesort failed: 22 (Invalid argument)
stress-ng: fail:  [199950] stress-ng-mergesort: mergesort failed: 22 (Invalid argument)
stress-ng: fail:  [199839] stress-ng-mergesort: mergesort failed: 22 (Invalid argument)
info: 5 failures reached, aborting stress process
stress-ng: debug: [199839] stress-ng-mergesort: exited [199839] (instance 2)
stress-ng: fail:  [199950] stress-ng-mergesort: mergesort failed: 22 (Invalid argument)
stress-ng: fail:  [199950] stress-ng-mergesort: mergesort failed: 22 (Invalid argument)
info: 5 failures reached, aborting stress process
stress-ng: debug: [199950] stress-ng-mergesort: exited [199950] (instance 3)
