stress-ng: debug: [199465] 72 processors online, 72 processors configured
stress-ng: info:  [199465] defaulting to a 86400 second run per stressor
stress-ng: info:  [199465] dispatching hogs: 4 atomic, 4 bsearch, 4 context, 4 full, 4 heapsort, 4 hsearch, 4 lockbus, 4 lsearch, 4 malloc, 4 matrix, 4 membarrier, 4 memcpy, 4 memfd, 4 mergesort, 4 mincore, 4 null, 4 numa, 4 oom-pipe, 4 pipe, 4 qsort, 4 remap, 4 resources, 4 rmap, 4 stack, 4 stackmmap, 4 str, 4 stream, 4 tlb-shootdown, 4 tmpfs, 4 tsearch, 4 vm, 4 vm-rw, 4 wcs, 4 zero, 4 zlib
stress-ng: debug: [199465] cache allocate: default cache size: 46080K
stress-ng: debug: [199465] starting stressors
stress-ng: debug: [199480] stress-ng-hsearch: started [199480] (instance 0)
stress-ng: debug: [199481] stress-ng-lockbus: started [199481] (instance 0)
stress-ng: debug: [199479] stress-ng-heapsort: started [199479] (instance 0)
stress-ng: debug: [199482] stress-ng-lsearch: started [199482] (instance 0)
stress-ng: debug: [199478] stress-ng-full: started [199478] (instance 0)
stress-ng: debug: [199483] stress-ng-malloc: started [199483] (instance 0)
stress-ng: debug: [199484] stress-ng-matrix: started [199484] (instance 0)
stress-ng: debug: [199477] stress-ng-context: started [199477] (instance 0)
stress-ng: debug: [199485] stress-ng-membarrier: started [199485] (instance 0)
stress-ng: debug: [199486] stress-ng-memcpy: started [199486] (instance 0)
stress-ng: info:  [199485] stress-ng-membarrier: this stressor is not implemented on this system: x86_64 Linux 3.10.0-1160.95.1.1chaos.ch6.x86_64
stress-ng: debug: [199485] stress-ng-membarrier: exited [199485] (instance 0)
stress-ng: debug: [199487] stress-ng-memfd: started [199487] (instance 0)
stress-ng: debug: [199489] stress-ng-mincore: started [199489] (instance 0)
stress-ng: debug: [199491] stress-ng-numa: started [199491] (instance 0)
stress-ng: debug: [199490] stress-ng-null: started [199490] (instance 0)
stress-ng: debug: [199488] stress-ng-mergesort: started [199488] (instance 0)
stress-ng: debug: [199476] stress-ng-bsearch: started [199476] (instance 0)
stress-ng: info:  [199491] stress-ng-numa: system has 2 of a maximum 1024 memory NUMA nodes
stress-ng: debug: [199493] stress-ng-oom-pipe: started [199493] (instance 0)
stress-ng: debug: [199495] stress-ng-qsort: started [199495] (instance 0)
stress-ng: debug: [199498] stress-ng-rmap: started [199498] (instance 0)
stress-ng: debug: [199494] stress-ng-pipe: started [199494] (instance 0)
stress-ng: debug: [199496] stress-ng-remap: started [199496] (instance 0)
stress-ng: debug: [199497] stress-ng-resources: started [199497] (instance 0)
stress-ng: debug: [199475] stress-ng-atomic: started [199475] (instance 0)
stress-ng: debug: [199503] stress-ng-stream: started [199503] (instance 0)
stress-ng: debug: [199504] stress-ng-tlb-shootdown: started [199504] (instance 0)
stress-ng: debug: [199502] stress-ng-str: started [199502] (instance 0)
stress-ng: debug: [199505] stress-ng-tmpfs: started [199505] (instance 0)
stress-ng: debug: [199500] stress-ng-stack: started [199500] (instance 0)
stress-ng: debug: [199501] stress-ng-stackmmap: started [199501] (instance 0)
stress-ng: debug: [199506] stress-ng-tsearch: started [199506] (instance 0)
stress-ng: debug: [199507] stress-ng-vm: started [199507] (instance 0)
stress-ng: error: [199505] stress-ng-tmpfs: cannot find writeable free space on a tmpfs filesystem
stress-ng: debug: [199505] stress-ng-tmpfs: exited [199505] (instance 0)
stress-ng: debug: [199546] stress-ng-atomic: started [199546] (instance 1)
stress-ng: debug: [199545] stress-ng-zlib: started [199545] (instance 0)
stress-ng: debug: [199542] stress-ng-vm-rw: started [199542] (instance 0)
stress-ng: debug: [199547] stress-ng-bsearch: started [199547] (instance 1)
stress-ng: debug: [199544] stress-ng-zero: started [199544] (instance 0)
stress-ng: debug: [199548] stress-ng-context: started [199548] (instance 1)
stress-ng: debug: [199543] stress-ng-wcs: started [199543] (instance 0)
stress-ng: debug: [199549] stress-ng-full: started [199549] (instance 1)
stress-ng: debug: [199656] stress-ng-lockbus: started [199656] (instance 1)
stress-ng: debug: [199659] stress-ng-matrix: started [199659] (instance 1)
stress-ng: debug: [199658] stress-ng-malloc: started [199658] (instance 1)
stress-ng: debug: [199655] stress-ng-hsearch: started [199655] (instance 1)
stress-ng: debug: [199660] stress-ng-membarrier: started [199660] (instance 1)
stress-ng: debug: [199661] stress-ng-memcpy: started [199661] (instance 1)
stress-ng: debug: [199657] stress-ng-lsearch: started [199657] (instance 1)
stress-ng: debug: [199662] stress-ng-memfd: started [199662] (instance 1)
stress-ng: info:  [199660] stress-ng-membarrier: this stressor is not implemented on this system: x86_64 Linux 3.10.0-1160.95.1.1chaos.ch6.x86_64
stress-ng: debug: [199660] stress-ng-membarrier: exited [199660] (instance 1)
stress-ng: debug: [199663] stress-ng-mergesort: started [199663] (instance 1)
stress-ng: debug: [199654] stress-ng-heapsort: started [199654] (instance 1)
stress-ng: debug: [199682] stress-ng-pipe: started [199682] (instance 1)
stress-ng: debug: [199679] stress-ng-null: started [199679] (instance 1)
stress-ng: debug: [199684] stress-ng-remap: started [199684] (instance 1)
stress-ng: debug: [199681] stress-ng-oom-pipe: started [199681] (instance 1)
stress-ng: debug: [199680] stress-ng-numa: started [199680] (instance 1)
stress-ng: debug: [199683] stress-ng-qsort: started [199683] (instance 1)
stress-ng: debug: [199685] stress-ng-resources: started [199685] (instance 1)
stress-ng: debug: [199678] stress-ng-mincore: started [199678] (instance 1)
stress-ng: debug: [199756] stress-ng-tsearch: started [199756] (instance 1)
stress-ng: debug: [199753] stress-ng-stream: started [199753] (instance 1)
stress-ng: debug: [199751] stress-ng-stackmmap: started [199751] (instance 1)
stress-ng: debug: [199754] stress-ng-tlb-shootdown: started [199754] (instance 1)
stress-ng: debug: [199755] stress-ng-tmpfs: started [199755] (instance 1)
stress-ng: debug: [199752] stress-ng-str: started [199752] (instance 1)
stress-ng: debug: [199750] stress-ng-stack: started [199750] (instance 1)
stress-ng: debug: [199757] stress-ng-vm: started [199757] (instance 1)
stress-ng: debug: [199749] stress-ng-rmap: started [199749] (instance 1)
stress-ng: error: [199755] stress-ng-tmpfs: cannot find writeable free space on a tmpfs filesystem
stress-ng: debug: [199755] stress-ng-tmpfs: exited [199755] (instance 1)
stress-ng: debug: [199786] stress-ng-context: started [199786] (instance 2)
stress-ng: debug: [199783] stress-ng-zlib: started [199783] (instance 1)
stress-ng: debug: [199782] stress-ng-zero: started [199782] (instance 1)
stress-ng: debug: [199781] stress-ng-wcs: started [199781] (instance 1)
stress-ng: debug: [199784] stress-ng-atomic: started [199784] (instance 2)
stress-ng: debug: [199787] stress-ng-full: started [199787] (instance 2)
stress-ng: debug: [199785] stress-ng-bsearch: started [199785] (instance 2)
stress-ng: debug: [199788] stress-ng-heapsort: started [199788] (instance 2)
stress-ng: debug: [199780] stress-ng-vm-rw: started [199780] (instance 1)
stress-ng: debug: [199853] stress-ng-memcpy: started [199853] (instance 2)
stress-ng: debug: [199854] stress-ng-memfd: started [199854] (instance 2)
stress-ng: debug: [199851] stress-ng-matrix: started [199851] (instance 2)
stress-ng: debug: [199852] stress-ng-membarrier: started [199852] (instance 2)
stress-ng: debug: [199849] stress-ng-lsearch: started [199849] (instance 2)
stress-ng: debug: [199850] stress-ng-malloc: started [199850] (instance 2)
stress-ng: debug: [199848] stress-ng-lockbus: started [199848] (instance 2)
stress-ng: info:  [199852] stress-ng-membarrier: this stressor is not implemented on this system: x86_64 Linux 3.10.0-1160.95.1.1chaos.ch6.x86_64
stress-ng: debug: [199852] stress-ng-membarrier: exited [199852] (instance 2)
stress-ng: debug: [199855] stress-ng-mergesort: started [199855] (instance 2)
stress-ng: debug: [199847] stress-ng-hsearch: started [199847] (instance 2)
stress-ng: debug: [199897] stress-ng-numa: started [199897] (instance 2)
stress-ng: debug: [199898] stress-ng-oom-pipe: started [199898] (instance 2)
stress-ng: debug: [199899] stress-ng-pipe: started [199899] (instance 2)
stress-ng: debug: [199896] stress-ng-null: started [199896] (instance 2)
stress-ng: debug: [199900] stress-ng-qsort: started [199900] (instance 2)
stress-ng: debug: [199902] stress-ng-resources: started [199902] (instance 2)
stress-ng: debug: [199901] stress-ng-remap: started [199901] (instance 2)
stress-ng: debug: [199895] stress-ng-mincore: started [199895] (instance 2)
stress-ng: debug: [199952] stress-ng-rmap: started [199952] (instance 2)
stress-ng: debug: [199953] stress-ng-stack: started [199953] (instance 2)
stress-ng: debug: [199954] stress-ng-stackmmap: started [199954] (instance 2)
stress-ng: debug: [199955] stress-ng-str: started [199955] (instance 2)
stress-ng: debug: [199956] stress-ng-stream: started [199956] (instance 2)
stress-ng: debug: [199957] stress-ng-tlb-shootdown: started [199957] (instance 2)
stress-ng: debug: [199958] stress-ng-tmpfs: started [199958] (instance 2)
stress-ng: debug: [199959] stress-ng-tsearch: started [199959] (instance 2)
stress-ng: error: [199958] stress-ng-tmpfs: cannot find writeable free space on a tmpfs filesystem
stress-ng: debug: [199958] stress-ng-tmpfs: exited [199958] (instance 2)
stress-ng: info:  [199503] stress-ng-stream: stressor loosely based on a variant of the STREAM benchmark code
stress-ng: info:  [199503] stress-ng-stream: do NOT submit any of these results to the STREAM benchmark results
stress-ng: info:  [199503] stress-ng-stream: Using CPU cache size of 46080K
stress-ng: debug: [200007] stress-ng-wcs: started [200007] (instance 2)
stress-ng: debug: [200006] stress-ng-vm-rw: started [200006] (instance 2)
stress-ng: debug: [200009] stress-ng-zlib: started [200009] (instance 2)
stress-ng: debug: [200011] stress-ng-bsearch: started [200011] (instance 3)
stress-ng: debug: [200008] stress-ng-zero: started [200008] (instance 2)
stress-ng: debug: [200010] stress-ng-atomic: started [200010] (instance 3)
stress-ng: debug: [200012] stress-ng-context: started [200012] (instance 3)
stress-ng: debug: [200013] stress-ng-full: started [200013] (instance 3)
stress-ng: debug: [200063] stress-ng-lsearch: started [200063] (instance 3)
stress-ng: debug: [200061] stress-ng-hsearch: started [200061] (instance 3)
stress-ng: debug: [200062] stress-ng-lockbus: started [200062] (instance 3)
stress-ng: debug: [200005] stress-ng-vm: started [200005] (instance 2)
stress-ng: debug: [200060] stress-ng-heapsort: started [200060] (instance 3)
stress-ng: debug: [200079] stress-ng-membarrier: started [200079] (instance 3)
stress-ng: debug: [200080] stress-ng-memcpy: started [200080] (instance 3)
stress-ng: debug: [200082] stress-ng-mergesort: started [200082] (instance 3)
stress-ng: debug: [200078] stress-ng-matrix: started [200078] (instance 3)
stress-ng: debug: [200077] stress-ng-malloc: started [200077] (instance 3)
stress-ng: debug: [200081] stress-ng-memfd: started [200081] (instance 3)
stress-ng: debug: [200083] stress-ng-mincore: started [200083] (instance 3)
stress-ng: info:  [200079] stress-ng-membarrier: this stressor is not implemented on this system: x86_64 Linux 3.10.0-1160.95.1.1chaos.ch6.x86_64
stress-ng: debug: [200079] stress-ng-membarrier: exited [200079] (instance 3)
stress-ng: fail:  [199488] stress-ng-mergesort: mergesort failed: 22 (Invalid argument)
stress-ng: debug: [200137] stress-ng-oom-pipe: started [200137] (instance 3)
stress-ng: debug: [200139] stress-ng-qsort: started [200139] (instance 3)
stress-ng: debug: [200136] stress-ng-numa: started [200136] (instance 3)
stress-ng: debug: [200141] stress-ng-resources: started [200141] (instance 3)
stress-ng: debug: [200140] stress-ng-remap: started [200140] (instance 3)
stress-ng: debug: [200138] stress-ng-pipe: started [200138] (instance 3)
stress-ng: debug: [200142] stress-ng-rmap: started [200142] (instance 3)
stress-ng: debug: [200135] stress-ng-null: started [200135] (instance 3)
stress-ng: fail:  [199488] stress-ng-mergesort: mergesort failed: 22 (Invalid argument)
stress-ng: debug: [199465] 140 stressors spawned
stress-ng: debug: [200200] stress-ng-tlb-shootdown: started [200200] (instance 3)
stress-ng: debug: [200197] stress-ng-stackmmap: started [200197] (instance 3)
stress-ng: debug: [200199] stress-ng-stream: started [200199] (instance 3)
stress-ng: debug: [200198] stress-ng-str: started [200198] (instance 3)
stress-ng: debug: [200201] stress-ng-tmpfs: started [200201] (instance 3)
stress-ng: debug: [200196] stress-ng-stack: started [200196] (instance 3)
stress-ng: error: [200201] stress-ng-tmpfs: cannot find writeable free space on a tmpfs filesystem
stress-ng: debug: [200201] stress-ng-tmpfs: exited [200201] (instance 3)
stress-ng: debug: [200240] stress-ng-tsearch: started [200240] (instance 3)
stress-ng: debug: [200243] stress-ng-wcs: started [200243] (instance 3)
stress-ng: debug: [200241] stress-ng-vm: started [200241] (instance 3)
stress-ng: debug: [200245] stress-ng-zlib: started [200245] (instance 3)
stress-ng: debug: [200244] stress-ng-zero: started [200244] (instance 3)
stress-ng: debug: [200242] stress-ng-vm-rw: started [200242] (instance 3)
stress-ng: fail:  [199488] stress-ng-mergesort: mergesort failed: 22 (Invalid argument)
stress-ng: fail:  [199488] stress-ng-mergesort: mergesort failed: 22 (Invalid argument)
stress-ng: fail:  [199663] stress-ng-mergesort: mergesort failed: 22 (Invalid argument)
stress-ng: fail:  [199488] stress-ng-mergesort: mergesort failed: 22 (Invalid argument)
info: 5 failures reached, aborting stress process
stress-ng: fail:  [199663] stress-ng-mergesort: mergesort failed: 22 (Invalid argument)
stress-ng: debug: [199488] stress-ng-mergesort: exited [199488] (instance 0)
stress-ng: fail:  [199663] stress-ng-mergesort: mergesort failed: 22 (Invalid argument)
stress-ng: fail:  [199663] stress-ng-mergesort: mergesort failed: 22 (Invalid argument)
stress-ng: fail:  [199855] stress-ng-mergesort: mergesort failed: 22 (Invalid argument)
stress-ng: fail:  [199663] stress-ng-mergesort: mergesort failed: 22 (Invalid argument)
info: 5 failures reached, aborting stress process
stress-ng: debug: [199663] stress-ng-mergesort: exited [199663] (instance 1)
stress-ng: fail:  [199855] stress-ng-mergesort: mergesort failed: 22 (Invalid argument)
stress-ng: fail:  [199855] stress-ng-mergesort: mergesort failed: 22 (Invalid argument)
stress-ng: fail:  [199855] stress-ng-mergesort: mergesort failed: 22 (Invalid argument)
stress-ng: fail:  [199855] stress-ng-mergesort: mergesort failed: 22 (Invalid argument)
info: 5 failures reached, aborting stress process
stress-ng: fail:  [200082] stress-ng-mergesort: mergesort failed: 22 (Invalid argument)
stress-ng: fail:  [200082] stress-ng-mergesort: mergesort failed: 22 (Invalid argument)
stress-ng: debug: [199855] stress-ng-mergesort: exited [199855] (instance 2)
stress-ng: fail:  [200082] stress-ng-mergesort: mergesort failed: 22 (Invalid argument)
stress-ng: fail:  [200082] stress-ng-mergesort: mergesort failed: 22 (Invalid argument)
stress-ng: fail:  [200082] stress-ng-mergesort: mergesort failed: 22 (Invalid argument)
info: 5 failures reached, aborting stress process
stress-ng: debug: [200082] stress-ng-mergesort: exited [200082] (instance 3)
