stress-ng: debug: [86616] 72 processors online, 72 processors configured
stress-ng: info:  [86616] defaulting to a 86400 second run per stressor
stress-ng: info:  [86616] dispatching hogs: 4 atomic, 4 bsearch, 4 context, 4 full, 4 heapsort, 4 hsearch, 4 lockbus, 4 lsearch, 4 malloc, 4 matrix, 4 membarrier, 4 memcpy, 4 memfd, 4 mergesort, 4 mincore, 4 null, 4 numa, 4 oom-pipe, 4 pipe, 4 qsort, 4 remap, 4 resources, 4 rmap, 4 stack, 4 stackmmap, 4 str, 4 stream, 4 tlb-shootdown, 4 tmpfs, 4 tsearch, 4 vm, 4 vm-rw, 4 wcs, 4 zero, 4 zlib
stress-ng: debug: [86616] cache allocate: default cache size: 46080K
stress-ng: debug: [86616] starting stressors
stress-ng: debug: [86632] stress-ng-lockbus: started [86632] (instance 0)
stress-ng: debug: [86631] stress-ng-hsearch: started [86631] (instance 0)
stress-ng: debug: [86630] stress-ng-heapsort: started [86630] (instance 0)
stress-ng: debug: [86633] stress-ng-lsearch: started [86633] (instance 0)
stress-ng: debug: [86629] stress-ng-full: started [86629] (instance 0)
stress-ng: debug: [86634] stress-ng-malloc: started [86634] (instance 0)
stress-ng: debug: [86635] stress-ng-matrix: started [86635] (instance 0)
stress-ng: debug: [86628] stress-ng-context: started [86628] (instance 0)
stress-ng: debug: [86636] stress-ng-membarrier: started [86636] (instance 0)
stress-ng: debug: [86637] stress-ng-memcpy: started [86637] (instance 0)
stress-ng: info:  [86636] stress-ng-membarrier: this stressor is not implemented on this system: x86_64 Linux 3.10.0-1160.95.1.1chaos.ch6.x86_64
stress-ng: debug: [86636] stress-ng-membarrier: exited [86636] (instance 0)
stress-ng: debug: [86638] stress-ng-memfd: started [86638] (instance 0)
stress-ng: debug: [86639] stress-ng-mergesort: started [86639] (instance 0)
stress-ng: debug: [86640] stress-ng-mincore: started [86640] (instance 0)
stress-ng: debug: [86642] stress-ng-numa: started [86642] (instance 0)
stress-ng: debug: [86643] stress-ng-oom-pipe: started [86643] (instance 0)
stress-ng: debug: [86645] stress-ng-qsort: started [86645] (instance 0)
stress-ng: debug: [86641] stress-ng-null: started [86641] (instance 0)
stress-ng: debug: [86644] stress-ng-pipe: started [86644] (instance 0)
stress-ng: debug: [86646] stress-ng-remap: started [86646] (instance 0)
stress-ng: debug: [86627] stress-ng-bsearch: started [86627] (instance 0)
stress-ng: debug: [86647] stress-ng-resources: started [86647] (instance 0)
stress-ng: info:  [86642] stress-ng-numa: system has 2 of a maximum 1024 memory NUMA nodes
stress-ng: debug: [86648] stress-ng-rmap: started [86648] (instance 0)
stress-ng: debug: [86626] stress-ng-atomic: started [86626] (instance 0)
stress-ng: debug: [86668] stress-ng-tsearch: started [86668] (instance 0)
stress-ng: debug: [86665] stress-ng-stream: started [86665] (instance 0)
stress-ng: debug: [86664] stress-ng-str: started [86664] (instance 0)
stress-ng: debug: [86666] stress-ng-tlb-shootdown: started [86666] (instance 0)
stress-ng: debug: [86670] stress-ng-vm-rw: started [86670] (instance 0)
stress-ng: debug: [86667] stress-ng-tmpfs: started [86667] (instance 0)
stress-ng: debug: [86663] stress-ng-stackmmap: started [86663] (instance 0)
stress-ng: debug: [86669] stress-ng-vm: started [86669] (instance 0)
stress-ng: debug: [86662] stress-ng-stack: started [86662] (instance 0)
stress-ng: debug: [86703] stress-ng-zlib: started [86703] (instance 0)
stress-ng: debug: [86702] stress-ng-zero: started [86702] (instance 0)
stress-ng: error: [86667] stress-ng-tmpfs: cannot find writeable free space on a tmpfs filesystem
stress-ng: debug: [86667] stress-ng-tmpfs: exited [86667] (instance 0)
stress-ng: debug: [86704] stress-ng-atomic: started [86704] (instance 1)
stress-ng: debug: [86701] stress-ng-wcs: started [86701] (instance 0)
stress-ng: debug: [86705] stress-ng-bsearch: started [86705] (instance 1)
stress-ng: debug: [86735] stress-ng-hsearch: started [86735] (instance 1)
stress-ng: debug: [86738] stress-ng-malloc: started [86738] (instance 1)
stress-ng: debug: [86737] stress-ng-lsearch: started [86737] (instance 1)
stress-ng: debug: [86734] stress-ng-heapsort: started [86734] (instance 1)
stress-ng: debug: [86733] stress-ng-full: started [86733] (instance 1)
stress-ng: debug: [86736] stress-ng-lockbus: started [86736] (instance 1)
stress-ng: debug: [86739] stress-ng-matrix: started [86739] (instance 1)
stress-ng: debug: [86740] stress-ng-membarrier: started [86740] (instance 1)
stress-ng: info:  [86740] stress-ng-membarrier: this stressor is not implemented on this system: x86_64 Linux 3.10.0-1160.95.1.1chaos.ch6.x86_64
stress-ng: debug: [86740] stress-ng-membarrier: exited [86740] (instance 1)
stress-ng: debug: [86732] stress-ng-context: started [86732] (instance 1)
stress-ng: debug: [86759] stress-ng-mincore: started [86759] (instance 1)
stress-ng: debug: [86764] stress-ng-oom-pipe: started [86764] (instance 1)
stress-ng: debug: [86757] stress-ng-memfd: started [86757] (instance 1)
stress-ng: debug: [86758] stress-ng-mergesort: started [86758] (instance 1)
stress-ng: debug: [86762] stress-ng-numa: started [86762] (instance 1)
stress-ng: debug: [86766] stress-ng-pipe: started [86766] (instance 1)
stress-ng: debug: [86761] stress-ng-null: started [86761] (instance 1)
stress-ng: debug: [86755] stress-ng-memcpy: started [86755] (instance 1)
stress-ng: debug: [86880] stress-ng-stream: started [86880] (instance 1)
stress-ng: debug: [86878] stress-ng-stackmmap: started [86878] (instance 1)
stress-ng: debug: [86879] stress-ng-str: started [86879] (instance 1)
stress-ng: debug: [86875] stress-ng-resources: started [86875] (instance 1)
stress-ng: debug: [86877] stress-ng-stack: started [86877] (instance 1)
stress-ng: debug: [86874] stress-ng-remap: started [86874] (instance 1)
stress-ng: debug: [86876] stress-ng-rmap: started [86876] (instance 1)
stress-ng: debug: [86873] stress-ng-qsort: started [86873] (instance 1)
stress-ng: info:  [86665] stress-ng-stream: stressor loosely based on a variant of the STREAM benchmark code
stress-ng: info:  [86665] stress-ng-stream: do NOT submit any of these results to the STREAM benchmark results
stress-ng: info:  [86665] stress-ng-stream: Using CPU cache size of 46080K
stress-ng: debug: [86913] stress-ng-zero: started [86913] (instance 1)
stress-ng: debug: [86910] stress-ng-vm: started [86910] (instance 1)
stress-ng: debug: [86909] stress-ng-tsearch: started [86909] (instance 1)
stress-ng: debug: [86911] stress-ng-vm-rw: started [86911] (instance 1)
stress-ng: debug: [86912] stress-ng-wcs: started [86912] (instance 1)
stress-ng: debug: [86908] stress-ng-tmpfs: started [86908] (instance 1)
stress-ng: debug: [86914] stress-ng-zlib: started [86914] (instance 1)
stress-ng: debug: [86907] stress-ng-tlb-shootdown: started [86907] (instance 1)
stress-ng: debug: [87444] stress-ng-atomic: started [87444] (instance 2)
stress-ng: debug: [87445] stress-ng-bsearch: started [87445] (instance 2)
stress-ng: error: [86908] stress-ng-tmpfs: cannot find writeable free space on a tmpfs filesystem
stress-ng: debug: [86908] stress-ng-tmpfs: exited [86908] (instance 1)
stress-ng: debug: [87454] stress-ng-full: started [87454] (instance 2)
stress-ng: debug: [87456] stress-ng-hsearch: started [87456] (instance 2)
stress-ng: debug: [87457] stress-ng-lockbus: started [87457] (instance 2)
stress-ng: debug: [87455] stress-ng-heapsort: started [87455] (instance 2)
stress-ng: debug: [87458] stress-ng-lsearch: started [87458] (instance 2)
stress-ng: debug: [87459] stress-ng-malloc: started [87459] (instance 2)
stress-ng: debug: [87453] stress-ng-context: started [87453] (instance 2)
stress-ng: debug: [87499] stress-ng-membarrier: started [87499] (instance 2)
stress-ng: debug: [87500] stress-ng-memcpy: started [87500] (instance 2)
stress-ng: debug: [87501] stress-ng-memfd: started [87501] (instance 2)
stress-ng: info:  [87499] stress-ng-membarrier: this stressor is not implemented on this system: x86_64 Linux 3.10.0-1160.95.1.1chaos.ch6.x86_64
stress-ng: debug: [87499] stress-ng-membarrier: exited [87499] (instance 2)
stress-ng: debug: [87498] stress-ng-matrix: started [87498] (instance 2)
stress-ng: debug: [87518] stress-ng-mincore: started [87518] (instance 2)
stress-ng: debug: [87517] stress-ng-mergesort: started [87517] (instance 2)
stress-ng: debug: [87530] stress-ng-pipe: started [87530] (instance 2)
stress-ng: debug: [87533] stress-ng-resources: started [87533] (instance 2)
stress-ng: debug: [87529] stress-ng-oom-pipe: started [87529] (instance 2)
stress-ng: debug: [87534] stress-ng-rmap: started [87534] (instance 2)
stress-ng: debug: [87528] stress-ng-numa: started [87528] (instance 2)
stress-ng: debug: [87527] stress-ng-null: started [87527] (instance 2)
stress-ng: debug: [87531] stress-ng-qsort: started [87531] (instance 2)
stress-ng: debug: [87532] stress-ng-remap: started [87532] (instance 2)
stress-ng: debug: [87535] stress-ng-stack: started [87535] (instance 2)
stress-ng: debug: [87582] stress-ng-str: started [87582] (instance 2)
stress-ng: debug: [87584] stress-ng-stream: started [87584] (instance 2)
stress-ng: debug: [87585] stress-ng-tlb-shootdown: started [87585] (instance 2)
stress-ng: debug: [87586] stress-ng-tmpfs: started [87586] (instance 2)
stress-ng: debug: [87578] stress-ng-stackmmap: started [87578] (instance 2)
stress-ng: debug: [87587] stress-ng-tsearch: started [87587] (instance 2)
stress-ng: debug: [87588] stress-ng-vm: started [87588] (instance 2)
stress-ng: debug: [87589] stress-ng-vm-rw: started [87589] (instance 2)
stress-ng: debug: [87590] stress-ng-wcs: started [87590] (instance 2)
stress-ng: error: [87586] stress-ng-tmpfs: cannot find writeable free space on a tmpfs filesystem
stress-ng: debug: [87586] stress-ng-tmpfs: exited [87586] (instance 2)
stress-ng: debug: [87806] stress-ng-atomic: started [87806] (instance 3)
stress-ng: debug: [87808] stress-ng-context: started [87808] (instance 3)
stress-ng: debug: [87807] stress-ng-bsearch: started [87807] (instance 3)
stress-ng: debug: [87810] stress-ng-heapsort: started [87810] (instance 3)
stress-ng: debug: [87809] stress-ng-full: started [87809] (instance 3)
stress-ng: debug: [87805] stress-ng-zlib: started [87805] (instance 2)
stress-ng: debug: [87811] stress-ng-hsearch: started [87811] (instance 3)
stress-ng: debug: [87862] stress-ng-malloc: started [87862] (instance 3)
stress-ng: debug: [87861] stress-ng-lsearch: started [87861] (instance 3)
stress-ng: debug: [87804] stress-ng-zero: started [87804] (instance 2)
stress-ng: fail:  [86639] stress-ng-mergesort: mergesort failed: 22 (Invalid argument)
stress-ng: debug: [87885] stress-ng-membarrier: started [87885] (instance 3)
stress-ng: debug: [87884] stress-ng-matrix: started [87884] (instance 3)
stress-ng: debug: [87860] stress-ng-lockbus: started [87860] (instance 3)
stress-ng: info:  [87885] stress-ng-membarrier: this stressor is not implemented on this system: x86_64 Linux 3.10.0-1160.95.1.1chaos.ch6.x86_64
stress-ng: debug: [87885] stress-ng-membarrier: exited [87885] (instance 3)
stress-ng: debug: [87896] stress-ng-memcpy: started [87896] (instance 3)
stress-ng: debug: [87901] stress-ng-numa: started [87901] (instance 3)
stress-ng: debug: [87898] stress-ng-mergesort: started [87898] (instance 3)
stress-ng: debug: [87900] stress-ng-null: started [87900] (instance 3)
stress-ng: debug: [87902] stress-ng-oom-pipe: started [87902] (instance 3)
stress-ng: debug: [87897] stress-ng-memfd: started [87897] (instance 3)
stress-ng: debug: [87899] stress-ng-mincore: started [87899] (instance 3)
stress-ng: debug: [87903] stress-ng-pipe: started [87903] (instance 3)
stress-ng: fail:  [86639] stress-ng-mergesort: mergesort failed: 22 (Invalid argument)
stress-ng: debug: [87941] stress-ng-rmap: started [87941] (instance 3)
stress-ng: debug: [87940] stress-ng-resources: started [87940] (instance 3)
stress-ng: debug: [87939] stress-ng-remap: started [87939] (instance 3)
stress-ng: debug: [87956] stress-ng-stackmmap: started [87956] (instance 3)
stress-ng: debug: [87957] stress-ng-str: started [87957] (instance 3)
stress-ng: debug: [87958] stress-ng-stream: started [87958] (instance 3)
stress-ng: debug: [87955] stress-ng-stack: started [87955] (instance 3)
stress-ng: debug: [87938] stress-ng-qsort: started [87938] (instance 3)
stress-ng: fail:  [86639] stress-ng-mergesort: mergesort failed: 22 (Invalid argument)
stress-ng: debug: [88004] stress-ng-tmpfs: started [88004] (instance 3)
stress-ng: debug: [88003] stress-ng-tlb-shootdown: started [88003] (instance 3)
stress-ng: debug: [88028] stress-ng-tsearch: started [88028] (instance 3)
stress-ng: error: [88004] stress-ng-tmpfs: cannot find writeable free space on a tmpfs filesystem
stress-ng: debug: [88004] stress-ng-tmpfs: exited [88004] (instance 3)
stress-ng: debug: [88032] stress-ng-zero: started [88032] (instance 3)
stress-ng: debug: [88029] stress-ng-vm: started [88029] (instance 3)
stress-ng: debug: [88031] stress-ng-wcs: started [88031] (instance 3)
stress-ng: debug: [88033] stress-ng-zlib: started [88033] (instance 3)
stress-ng: debug: [88030] stress-ng-vm-rw: started [88030] (instance 3)
stress-ng: debug: [86616] 140 stressors spawned
stress-ng: fail:  [86639] stress-ng-mergesort: mergesort failed: 22 (Invalid argument)
stress-ng: fail:  [86758] stress-ng-mergesort: mergesort failed: 22 (Invalid argument)
stress-ng: fail:  [86639] stress-ng-mergesort: mergesort failed: 22 (Invalid argument)
info: 5 failures reached, aborting stress process
stress-ng: debug: [86639] stress-ng-mergesort: exited [86639] (instance 0)
stress-ng: fail:  [86758] stress-ng-mergesort: mergesort failed: 22 (Invalid argument)
stress-ng: fail:  [86758] stress-ng-mergesort: mergesort failed: 22 (Invalid argument)
stress-ng: fail:  [86758] stress-ng-mergesort: mergesort failed: 22 (Invalid argument)
stress-ng: fail:  [86758] stress-ng-mergesort: mergesort failed: 22 (Invalid argument)
info: 5 failures reached, aborting stress process
stress-ng: debug: [86758] stress-ng-mergesort: exited [86758] (instance 1)
stress-ng: fail:  [87517] stress-ng-mergesort: mergesort failed: 22 (Invalid argument)
stress-ng: fail:  [87517] stress-ng-mergesort: mergesort failed: 22 (Invalid argument)
stress-ng: fail:  [87517] stress-ng-mergesort: mergesort failed: 22 (Invalid argument)
stress-ng: fail:  [87517] stress-ng-mergesort: mergesort failed: 22 (Invalid argument)
stress-ng: fail:  [87898] stress-ng-mergesort: mergesort failed: 22 (Invalid argument)
stress-ng: fail:  [87517] stress-ng-mergesort: mergesort failed: 22 (Invalid argument)
info: 5 failures reached, aborting stress process
stress-ng: debug: [87517] stress-ng-mergesort: exited [87517] (instance 2)
stress-ng: fail:  [87898] stress-ng-mergesort: mergesort failed: 22 (Invalid argument)
stress-ng: fail:  [87898] stress-ng-mergesort: mergesort failed: 22 (Invalid argument)
stress-ng: fail:  [87898] stress-ng-mergesort: mergesort failed: 22 (Invalid argument)
stress-ng: fail:  [87898] stress-ng-mergesort: mergesort failed: 22 (Invalid argument)
info: 5 failures reached, aborting stress process
stress-ng: debug: [87898] stress-ng-mergesort: exited [87898] (instance 3)
