stress-ng: debug: [195433] 72 processors online, 72 processors configured
stress-ng: info:  [195433] defaulting to a 86400 second run per stressor
stress-ng: info:  [195433] dispatching hogs: 4 af-alg, 4 atomic, 4 bsearch, 4 context, 4 cpu, 4 cpu-online, 4 crypt, 4 fp-error, 4 getrandom, 4 heapsort, 4 hsearch, 4 longjmp, 4 lsearch, 4 matrix, 4 mergesort, 4 nop, 4 numa, 4 opcode, 4 qsort, 4 rdrand, 4 str, 4 stream, 4 tsc, 4 tsearch, 4 vecmath, 4 wcs, 4 zlib
stress-ng: debug: [195433] cache allocate: default cache size: 46080K
stress-ng: debug: [195433] starting stressors
stress-ng: debug: [195449] stress-ng-crypt: started [195449] (instance 0)
stress-ng: debug: [195448] stress-ng-cpu-online: started [195448] (instance 0)
stress-ng: info:  [195448] stress-ng-cpu-online: need root privilege to run this stressor
stress-ng: debug: [195448] stress-ng-cpu-online: exited [195448] (instance 0)
stress-ng: debug: [195447] stress-ng-cpu: started [195447] (instance 0)
stress-ng: debug: [195450] stress-ng-fp-error: started [195450] (instance 0)
stress-ng: debug: [195451] stress-ng-getrandom: started [195451] (instance 0)
stress-ng: debug: [195446] stress-ng-context: started [195446] (instance 0)
stress-ng: debug: [195452] stress-ng-heapsort: started [195452] (instance 0)
stress-ng: debug: [195453] stress-ng-hsearch: started [195453] (instance 0)
stress-ng: debug: [195445] stress-ng-bsearch: started [195445] (instance 0)
stress-ng: debug: [195454] stress-ng-longjmp: started [195454] (instance 0)
stress-ng: debug: [195455] stress-ng-lsearch: started [195455] (instance 0)
stress-ng: debug: [195456] stress-ng-matrix: started [195456] (instance 0)
stress-ng: debug: [195457] stress-ng-mergesort: started [195457] (instance 0)
stress-ng: debug: [195459] stress-ng-numa: started [195459] (instance 0)
stress-ng: debug: [195460] stress-ng-opcode: started [195460] (instance 0)
stress-ng: debug: [195462] stress-ng-rdrand: started [195462] (instance 0)
stress-ng: debug: [195465] stress-ng-tsc: started [195465] (instance 0)
stress-ng: debug: [195458] stress-ng-nop: started [195458] (instance 0)
stress-ng: debug: [195461] stress-ng-qsort: started [195461] (instance 0)
stress-ng: debug: [195463] stress-ng-str: started [195463] (instance 0)
stress-ng: debug: [195466] stress-ng-tsearch: started [195466] (instance 0)
stress-ng: debug: [195464] stress-ng-stream: started [195464] (instance 0)
stress-ng: debug: [195467] stress-ng-vecmath: started [195467] (instance 0)
stress-ng: info:  [195459] stress-ng-numa: system has 2 of a maximum 1024 memory NUMA nodes
stress-ng: debug: [195444] stress-ng-atomic: started [195444] (instance 0)
stress-ng: debug: [195465] stress-ng-tsc: exited [195465] (instance 0)
stress-ng: debug: [195462] stress-ng-rdrand: exited [195462] (instance 0)
stress-ng: debug: [195443] stress-ng-af-alg: started [195443] (instance 0)
stress-ng: debug: [195477] stress-ng-crypt: started [195477] (instance 1)
stress-ng: debug: [195479] stress-ng-getrandom: started [195479] (instance 1)
stress-ng: debug: [195472] stress-ng-atomic: started [195472] (instance 1)
stress-ng: debug: [195473] stress-ng-bsearch: started [195473] (instance 1)
stress-ng: debug: [195471] stress-ng-af-alg: started [195471] (instance 1)
stress-ng: debug: [195474] stress-ng-context: started [195474] (instance 1)
stress-ng: debug: [195470] stress-ng-zlib: started [195470] (instance 0)
stress-ng: debug: [195475] stress-ng-cpu: started [195475] (instance 1)
stress-ng: debug: [195476] stress-ng-cpu-online: started [195476] (instance 1)
stress-ng: debug: [195478] stress-ng-fp-error: started [195478] (instance 1)
stress-ng: debug: [195480] stress-ng-heapsort: started [195480] (instance 1)
stress-ng: debug: [195476] stress-ng-cpu-online: exited [195476] (instance 1)
stress-ng: debug: [195469] stress-ng-wcs: started [195469] (instance 0)
stress-ng: debug: [195511] stress-ng-opcode: started [195511] (instance 1)
stress-ng: debug: [195508] stress-ng-mergesort: started [195508] (instance 1)
stress-ng: debug: [195505] stress-ng-longjmp: started [195505] (instance 1)
stress-ng: debug: [195506] stress-ng-lsearch: started [195506] (instance 1)
stress-ng: debug: [195510] stress-ng-numa: started [195510] (instance 1)
stress-ng: debug: [195507] stress-ng-matrix: started [195507] (instance 1)
stress-ng: debug: [195509] stress-ng-nop: started [195509] (instance 1)
stress-ng: debug: [195512] stress-ng-qsort: started [195512] (instance 1)
stress-ng: debug: [195513] stress-ng-rdrand: started [195513] (instance 1)
stress-ng: debug: [195513] stress-ng-rdrand: exited [195513] (instance 1)
stress-ng: debug: [195504] stress-ng-hsearch: started [195504] (instance 1)
stress-ng: debug: [195605] stress-ng-bsearch: started [195605] (instance 2)
stress-ng: debug: [195604] stress-ng-atomic: started [195604] (instance 2)
stress-ng: debug: [195597] stress-ng-stream: started [195597] (instance 1)
stress-ng: debug: [195598] stress-ng-tsc: started [195598] (instance 1)
stress-ng: debug: [195599] stress-ng-tsearch: started [195599] (instance 1)
stress-ng: debug: [195600] stress-ng-vecmath: started [195600] (instance 1)
stress-ng: debug: [195603] stress-ng-af-alg: started [195603] (instance 2)
stress-ng: debug: [195602] stress-ng-zlib: started [195602] (instance 1)
stress-ng: debug: [195601] stress-ng-wcs: started [195601] (instance 1)
stress-ng: debug: [195606] stress-ng-context: started [195606] (instance 2)
stress-ng: debug: [195598] stress-ng-tsc: exited [195598] (instance 1)
stress-ng: debug: [195596] stress-ng-str: started [195596] (instance 1)
stress-ng: debug: [195612] stress-ng-cpu-online: started [195612] (instance 2)
stress-ng: debug: [195613] stress-ng-crypt: started [195613] (instance 2)
stress-ng: debug: [195612] stress-ng-cpu-online: exited [195612] (instance 2)
stress-ng: debug: [195616] stress-ng-getrandom: started [195616] (instance 2)
stress-ng: debug: [195615] stress-ng-fp-error: started [195615] (instance 2)
stress-ng: debug: [195625] stress-ng-matrix: started [195625] (instance 2)
stress-ng: debug: [195623] stress-ng-longjmp: started [195623] (instance 2)
stress-ng: debug: [195621] stress-ng-heapsort: started [195621] (instance 2)
stress-ng: debug: [195624] stress-ng-lsearch: started [195624] (instance 2)
stress-ng: debug: [195611] stress-ng-cpu: started [195611] (instance 2)
stress-ng: debug: [195622] stress-ng-hsearch: started [195622] (instance 2)
stress-ng: info:  [195464] stress-ng-stream: stressor loosely based on a variant of the STREAM benchmark code
stress-ng: info:  [195464] stress-ng-stream: do NOT submit any of these results to the STREAM benchmark results
stress-ng: info:  [195464] stress-ng-stream: Using CPU cache size of 46080K
stress-ng: debug: [195634] stress-ng-nop: started [195634] (instance 2)
stress-ng: debug: [195633] stress-ng-mergesort: started [195633] (instance 2)
stress-ng: debug: [195637] stress-ng-numa: started [195637] (instance 2)
stress-ng: debug: [195638] stress-ng-opcode: started [195638] (instance 2)
stress-ng: debug: [195639] stress-ng-qsort: started [195639] (instance 2)
stress-ng: debug: [195640] stress-ng-rdrand: started [195640] (instance 2)
stress-ng: debug: [195640] stress-ng-rdrand: exited [195640] (instance 2)
stress-ng: debug: [195645] stress-ng-stream: started [195645] (instance 2)
stress-ng: debug: [195646] stress-ng-tsc: started [195646] (instance 2)
stress-ng: debug: [195644] stress-ng-str: started [195644] (instance 2)
stress-ng: debug: [195646] stress-ng-tsc: exited [195646] (instance 2)
stress-ng: debug: [195686] stress-ng-wcs: started [195686] (instance 2)
stress-ng: debug: [195685] stress-ng-vecmath: started [195685] (instance 2)
stress-ng: debug: [195687] stress-ng-zlib: started [195687] (instance 2)
stress-ng: debug: [195684] stress-ng-tsearch: started [195684] (instance 2)
stress-ng: debug: [195695] stress-ng-bsearch: started [195695] (instance 3)
stress-ng: debug: [195697] stress-ng-cpu: started [195697] (instance 3)
stress-ng: debug: [195694] stress-ng-atomic: started [195694] (instance 3)
stress-ng: debug: [195696] stress-ng-context: started [195696] (instance 3)
stress-ng: debug: [195693] stress-ng-af-alg: started [195693] (instance 3)
stress-ng: debug: [195703] stress-ng-crypt: started [195703] (instance 3)
stress-ng: debug: [195702] stress-ng-cpu-online: started [195702] (instance 3)
stress-ng: debug: [195820] stress-ng-fp-error: started [195820] (instance 3)
stress-ng: debug: [195702] stress-ng-cpu-online: exited [195702] (instance 3)
stress-ng: debug: [195821] stress-ng-getrandom: started [195821] (instance 3)
stress-ng: debug: [195822] stress-ng-heapsort: started [195822] (instance 3)
stress-ng: debug: [195823] stress-ng-hsearch: started [195823] (instance 3)
stress-ng: debug: [195824] stress-ng-longjmp: started [195824] (instance 3)
stress-ng: debug: [195825] stress-ng-lsearch: started [195825] (instance 3)
stress-ng: debug: [195849] stress-ng-mergesort: started [195849] (instance 3)
stress-ng: debug: [195851] stress-ng-numa: started [195851] (instance 3)
stress-ng: debug: [195850] stress-ng-nop: started [195850] (instance 3)
stress-ng: debug: [195852] stress-ng-opcode: started [195852] (instance 3)
stress-ng: debug: [195853] stress-ng-qsort: started [195853] (instance 3)
stress-ng: debug: [195869] stress-ng-str: started [195869] (instance 3)
stress-ng: debug: [195901] stress-ng-stream: started [195901] (instance 3)
stress-ng: debug: [195902] stress-ng-tsc: started [195902] (instance 3)
stress-ng: debug: [195902] stress-ng-tsc: exited [195902] (instance 3)
stress-ng: debug: [195868] stress-ng-rdrand: started [195868] (instance 3)
stress-ng: debug: [195903] stress-ng-tsearch: started [195903] (instance 3)
stress-ng: debug: [195848] stress-ng-matrix: started [195848] (instance 3)
stress-ng: debug: [195868] stress-ng-rdrand: exited [195868] (instance 3)
stress-ng: debug: [195904] stress-ng-vecmath: started [195904] (instance 3)
stress-ng: debug: [195905] stress-ng-wcs: started [195905] (instance 3)
stress-ng: debug: [195906] stress-ng-zlib: started [195906] (instance 3)
stress-ng: debug: [195433] 108 stressors spawned
stress-ng: fail:  [195457] stress-ng-mergesort: mergesort failed: 22 (Invalid argument)
stress-ng: fail:  [195457] stress-ng-mergesort: mergesort failed: 22 (Invalid argument)
stress-ng: fail:  [195508] stress-ng-mergesort: mergesort failed: 22 (Invalid argument)
stress-ng: fail:  [195457] stress-ng-mergesort: mergesort failed: 22 (Invalid argument)
stress-ng: fail:  [195508] stress-ng-mergesort: mergesort failed: 22 (Invalid argument)
stress-ng: fail:  [195457] stress-ng-mergesort: mergesort failed: 22 (Invalid argument)
stress-ng: fail:  [195508] stress-ng-mergesort: mergesort failed: 22 (Invalid argument)
stress-ng: fail:  [195457] stress-ng-mergesort: mergesort failed: 22 (Invalid argument)
info: 5 failures reached, aborting stress process
stress-ng: debug: [195457] stress-ng-mergesort: exited [195457] (instance 0)
stress-ng: fail:  [195633] stress-ng-mergesort: mergesort failed: 22 (Invalid argument)
stress-ng: fail:  [195508] stress-ng-mergesort: mergesort failed: 22 (Invalid argument)
stress-ng: fail:  [195633] stress-ng-mergesort: mergesort failed: 22 (Invalid argument)
stress-ng: fail:  [195508] stress-ng-mergesort: mergesort failed: 22 (Invalid argument)
info: 5 failures reached, aborting stress process
stress-ng: debug: [195508] stress-ng-mergesort: exited [195508] (instance 1)
stress-ng: fail:  [195633] stress-ng-mergesort: mergesort failed: 22 (Invalid argument)
stress-ng: fail:  [195849] stress-ng-mergesort: mergesort failed: 22 (Invalid argument)
stress-ng: fail:  [195633] stress-ng-mergesort: mergesort failed: 22 (Invalid argument)
stress-ng: fail:  [195849] stress-ng-mergesort: mergesort failed: 22 (Invalid argument)
stress-ng: fail:  [195633] stress-ng-mergesort: mergesort failed: 22 (Invalid argument)
info: 5 failures reached, aborting stress process
stress-ng: fail:  [195849] stress-ng-mergesort: mergesort failed: 22 (Invalid argument)
stress-ng: debug: [195633] stress-ng-mergesort: exited [195633] (instance 2)
stress-ng: fail:  [195849] stress-ng-mergesort: mergesort failed: 22 (Invalid argument)
stress-ng: fail:  [195849] stress-ng-mergesort: mergesort failed: 22 (Invalid argument)
info: 5 failures reached, aborting stress process
stress-ng: debug: [195849] stress-ng-mergesort: exited [195849] (instance 3)
