stress-ng: debug: [154128] 72 processors online, 72 processors configured
stress-ng: info:  [154128] defaulting to a 86400 second run per stressor
stress-ng: info:  [154128] dispatching hogs: 4 atomic, 4 bsearch, 4 context, 4 full, 4 heapsort, 4 hsearch, 4 lockbus, 4 lsearch, 4 malloc, 4 matrix, 4 membarrier, 4 memcpy, 4 memfd, 4 mergesort, 4 mincore, 4 null, 4 numa, 4 oom-pipe, 4 pipe, 4 qsort, 4 remap, 4 resources, 4 rmap, 4 stack, 4 stackmmap, 4 str, 4 stream, 4 tlb-shootdown, 4 tmpfs, 4 tsearch, 4 vm, 4 vm-rw, 4 wcs, 4 zero, 4 zlib
stress-ng: debug: [154128] cache allocate: default cache size: 46080K
stress-ng: debug: [154128] starting stressors
stress-ng: debug: [154143] stress-ng-lockbus: started [154143] (instance 0)
stress-ng: debug: [154142] stress-ng-hsearch: started [154142] (instance 0)
stress-ng: debug: [154141] stress-ng-heapsort: started [154141] (instance 0)
stress-ng: debug: [154144] stress-ng-lsearch: started [154144] (instance 0)
stress-ng: debug: [154140] stress-ng-full: started [154140] (instance 0)
stress-ng: debug: [154145] stress-ng-malloc: started [154145] (instance 0)
stress-ng: debug: [154146] stress-ng-matrix: started [154146] (instance 0)
stress-ng: debug: [154139] stress-ng-context: started [154139] (instance 0)
stress-ng: debug: [154147] stress-ng-membarrier: started [154147] (instance 0)
stress-ng: info:  [154147] stress-ng-membarrier: this stressor is not implemented on this system: x86_64 Linux 3.10.0-1160.95.1.1chaos.ch6.x86_64
stress-ng: debug: [154147] stress-ng-membarrier: exited [154147] (instance 0)
stress-ng: debug: [154148] stress-ng-memcpy: started [154148] (instance 0)
stress-ng: debug: [154149] stress-ng-memfd: started [154149] (instance 0)
stress-ng: debug: [154150] stress-ng-mergesort: started [154150] (instance 0)
stress-ng: debug: [154151] stress-ng-mincore: started [154151] (instance 0)
stress-ng: debug: [154152] stress-ng-null: started [154152] (instance 0)
stress-ng: debug: [154138] stress-ng-bsearch: started [154138] (instance 0)
stress-ng: debug: [154153] stress-ng-numa: started [154153] (instance 0)
stress-ng: debug: [154154] stress-ng-oom-pipe: started [154154] (instance 0)
stress-ng: debug: [154156] stress-ng-qsort: started [154156] (instance 0)
stress-ng: debug: [154159] stress-ng-rmap: started [154159] (instance 0)
stress-ng: debug: [154161] stress-ng-stackmmap: started [154161] (instance 0)
stress-ng: debug: [154155] stress-ng-pipe: started [154155] (instance 0)
stress-ng: debug: [154157] stress-ng-remap: started [154157] (instance 0)
stress-ng: debug: [154160] stress-ng-stack: started [154160] (instance 0)
stress-ng: debug: [154158] stress-ng-resources: started [154158] (instance 0)
stress-ng: debug: [154162] stress-ng-str: started [154162] (instance 0)
stress-ng: info:  [154153] stress-ng-numa: system has 2 of a maximum 1024 memory NUMA nodes
stress-ng: debug: [154163] stress-ng-stream: started [154163] (instance 0)
stress-ng: debug: [154137] stress-ng-atomic: started [154137] (instance 0)
stress-ng: debug: [154185] stress-ng-tmpfs: started [154185] (instance 0)
stress-ng: debug: [154186] stress-ng-tsearch: started [154186] (instance 0)
stress-ng: debug: [154187] stress-ng-vm: started [154187] (instance 0)
stress-ng: debug: [154188] stress-ng-vm-rw: started [154188] (instance 0)
stress-ng: debug: [154184] stress-ng-tlb-shootdown: started [154184] (instance 0)
stress-ng: error: [154185] stress-ng-tmpfs: cannot find writeable free space on a tmpfs filesystem
stress-ng: debug: [154185] stress-ng-tmpfs: exited [154185] (instance 0)
stress-ng: debug: [154209] stress-ng-context: started [154209] (instance 1)
stress-ng: debug: [154210] stress-ng-full: started [154210] (instance 1)
stress-ng: debug: [154207] stress-ng-atomic: started [154207] (instance 1)
stress-ng: debug: [154206] stress-ng-zlib: started [154206] (instance 0)
stress-ng: debug: [154211] stress-ng-heapsort: started [154211] (instance 1)
stress-ng: debug: [154204] stress-ng-wcs: started [154204] (instance 0)
stress-ng: debug: [154205] stress-ng-zero: started [154205] (instance 0)
stress-ng: debug: [154208] stress-ng-bsearch: started [154208] (instance 1)
stress-ng: debug: [154315] stress-ng-lockbus: started [154315] (instance 1)
stress-ng: debug: [154319] stress-ng-membarrier: started [154319] (instance 1)
stress-ng: debug: [154316] stress-ng-lsearch: started [154316] (instance 1)
stress-ng: debug: [154322] stress-ng-mergesort: started [154322] (instance 1)
stress-ng: debug: [154321] stress-ng-memfd: started [154321] (instance 1)
stress-ng: debug: [154318] stress-ng-matrix: started [154318] (instance 1)
stress-ng: debug: [154317] stress-ng-malloc: started [154317] (instance 1)
stress-ng: debug: [154320] stress-ng-memcpy: started [154320] (instance 1)
stress-ng: info:  [154319] stress-ng-membarrier: this stressor is not implemented on this system: x86_64 Linux 3.10.0-1160.95.1.1chaos.ch6.x86_64
stress-ng: debug: [154319] stress-ng-membarrier: exited [154319] (instance 1)
stress-ng: debug: [154314] stress-ng-hsearch: started [154314] (instance 1)
stress-ng: debug: [154323] stress-ng-mincore: started [154323] (instance 1)
stress-ng: debug: [154350] stress-ng-remap: started [154350] (instance 1)
stress-ng: debug: [154351] stress-ng-resources: started [154351] (instance 1)
stress-ng: debug: [154347] stress-ng-oom-pipe: started [154347] (instance 1)
stress-ng: debug: [154349] stress-ng-qsort: started [154349] (instance 1)
stress-ng: debug: [154346] stress-ng-numa: started [154346] (instance 1)
stress-ng: debug: [154348] stress-ng-pipe: started [154348] (instance 1)
stress-ng: debug: [154352] stress-ng-rmap: started [154352] (instance 1)
stress-ng: debug: [154345] stress-ng-null: started [154345] (instance 1)
stress-ng: debug: [154353] stress-ng-stack: started [154353] (instance 1)
stress-ng: debug: [154428] stress-ng-vm: started [154428] (instance 1)
stress-ng: debug: [154426] stress-ng-tmpfs: started [154426] (instance 1)
stress-ng: debug: [154427] stress-ng-tsearch: started [154427] (instance 1)
stress-ng: debug: [154423] stress-ng-str: started [154423] (instance 1)
stress-ng: debug: [154424] stress-ng-stream: started [154424] (instance 1)
stress-ng: debug: [154425] stress-ng-tlb-shootdown: started [154425] (instance 1)
stress-ng: debug: [154429] stress-ng-vm-rw: started [154429] (instance 1)
stress-ng: debug: [154430] stress-ng-wcs: started [154430] (instance 1)
stress-ng: error: [154426] stress-ng-tmpfs: cannot find writeable free space on a tmpfs filesystem
stress-ng: debug: [154426] stress-ng-tmpfs: exited [154426] (instance 1)
stress-ng: debug: [154422] stress-ng-stackmmap: started [154422] (instance 1)
stress-ng: debug: [154475] stress-ng-atomic: started [154475] (instance 2)
stress-ng: debug: [154478] stress-ng-full: started [154478] (instance 2)
stress-ng: debug: [154474] stress-ng-zlib: started [154474] (instance 1)
stress-ng: debug: [154476] stress-ng-bsearch: started [154476] (instance 2)
stress-ng: debug: [154477] stress-ng-context: started [154477] (instance 2)
stress-ng: debug: [154479] stress-ng-heapsort: started [154479] (instance 2)
stress-ng: debug: [154473] stress-ng-zero: started [154473] (instance 1)
stress-ng: debug: [154480] stress-ng-hsearch: started [154480] (instance 2)
stress-ng: debug: [154527] stress-ng-lsearch: started [154527] (instance 2)
stress-ng: debug: [154536] stress-ng-membarrier: started [154536] (instance 2)
stress-ng: debug: [154537] stress-ng-memcpy: started [154537] (instance 2)
stress-ng: debug: [154535] stress-ng-matrix: started [154535] (instance 2)
stress-ng: debug: [154534] stress-ng-malloc: started [154534] (instance 2)
stress-ng: debug: [154538] stress-ng-memfd: started [154538] (instance 2)
stress-ng: info:  [154536] stress-ng-membarrier: this stressor is not implemented on this system: x86_64 Linux 3.10.0-1160.95.1.1chaos.ch6.x86_64
stress-ng: debug: [154536] stress-ng-membarrier: exited [154536] (instance 2)
stress-ng: debug: [154539] stress-ng-mergesort: started [154539] (instance 2)
stress-ng: debug: [154540] stress-ng-mincore: started [154540] (instance 2)
stress-ng: debug: [154526] stress-ng-lockbus: started [154526] (instance 2)
stress-ng: debug: [154541] stress-ng-null: started [154541] (instance 2)
stress-ng: debug: [154568] stress-ng-oom-pipe: started [154568] (instance 2)
stress-ng: debug: [154571] stress-ng-remap: started [154571] (instance 2)
stress-ng: debug: [154572] stress-ng-resources: started [154572] (instance 2)
stress-ng: debug: [154569] stress-ng-pipe: started [154569] (instance 2)
stress-ng: debug: [154570] stress-ng-qsort: started [154570] (instance 2)
stress-ng: debug: [154573] stress-ng-rmap: started [154573] (instance 2)
stress-ng: debug: [154567] stress-ng-numa: started [154567] (instance 2)
stress-ng: debug: [154612] stress-ng-stackmmap: started [154612] (instance 2)
stress-ng: debug: [154615] stress-ng-stream: started [154615] (instance 2)
stress-ng: debug: [154614] stress-ng-str: started [154614] (instance 2)
stress-ng: debug: [154633] stress-ng-tlb-shootdown: started [154633] (instance 2)
stress-ng: debug: [154635] stress-ng-tsearch: started [154635] (instance 2)
stress-ng: debug: [154634] stress-ng-tmpfs: started [154634] (instance 2)
stress-ng: debug: [154611] stress-ng-stack: started [154611] (instance 2)
stress-ng: error: [154634] stress-ng-tmpfs: cannot find writeable free space on a tmpfs filesystem
stress-ng: debug: [154634] stress-ng-tmpfs: exited [154634] (instance 2)
stress-ng: info:  [154163] stress-ng-stream: stressor loosely based on a variant of the STREAM benchmark code
stress-ng: info:  [154163] stress-ng-stream: do NOT submit any of these results to the STREAM benchmark results
stress-ng: info:  [154163] stress-ng-stream: Using CPU cache size of 46080K
stress-ng: debug: [154654] stress-ng-vm-rw: started [154654] (instance 2)
stress-ng: debug: [154653] stress-ng-vm: started [154653] (instance 2)
stress-ng: debug: [154660] stress-ng-wcs: started [154660] (instance 2)
stress-ng: debug: [154661] stress-ng-zero: started [154661] (instance 2)
stress-ng: debug: [154687] stress-ng-bsearch: started [154687] (instance 3)
stress-ng: debug: [154685] stress-ng-zlib: started [154685] (instance 2)
stress-ng: debug: [154686] stress-ng-atomic: started [154686] (instance 3)
stress-ng: debug: [154720] stress-ng-hsearch: started [154720] (instance 3)
stress-ng: debug: [154718] stress-ng-full: started [154718] (instance 3)
stress-ng: debug: [154719] stress-ng-heapsort: started [154719] (instance 3)
stress-ng: debug: [154717] stress-ng-context: started [154717] (instance 3)
stress-ng: debug: [154747] stress-ng-lockbus: started [154747] (instance 3)
stress-ng: debug: [154751] stress-ng-membarrier: started [154751] (instance 3)
stress-ng: debug: [154749] stress-ng-malloc: started [154749] (instance 3)
stress-ng: debug: [154753] stress-ng-memfd: started [154753] (instance 3)
stress-ng: debug: [154752] stress-ng-memcpy: started [154752] (instance 3)
stress-ng: debug: [154750] stress-ng-matrix: started [154750] (instance 3)
stress-ng: debug: [154754] stress-ng-mergesort: started [154754] (instance 3)
stress-ng: debug: [154748] stress-ng-lsearch: started [154748] (instance 3)
stress-ng: info:  [154751] stress-ng-membarrier: this stressor is not implemented on this system: x86_64 Linux 3.10.0-1160.95.1.1chaos.ch6.x86_64
stress-ng: debug: [154751] stress-ng-membarrier: exited [154751] (instance 3)
stress-ng: fail:  [154150] stress-ng-mergesort: mergesort failed: 22 (Invalid argument)
stress-ng: debug: [154798] stress-ng-numa: started [154798] (instance 3)
stress-ng: debug: [154797] stress-ng-null: started [154797] (instance 3)
stress-ng: debug: [154809] stress-ng-oom-pipe: started [154809] (instance 3)
stress-ng: debug: [154810] stress-ng-pipe: started [154810] (instance 3)
stress-ng: debug: [154796] stress-ng-mincore: started [154796] (instance 3)
stress-ng: debug: [154829] stress-ng-rmap: started [154829] (instance 3)
stress-ng: debug: [154827] stress-ng-remap: started [154827] (instance 3)
stress-ng: debug: [154828] stress-ng-resources: started [154828] (instance 3)
stress-ng: debug: [154826] stress-ng-qsort: started [154826] (instance 3)
stress-ng: fail:  [154150] stress-ng-mergesort: mergesort failed: 22 (Invalid argument)
stress-ng: debug: [154871] stress-ng-stack: started [154871] (instance 3)
stress-ng: debug: [154874] stress-ng-stream: started [154874] (instance 3)
stress-ng: debug: [154872] stress-ng-stackmmap: started [154872] (instance 3)
stress-ng: debug: [154873] stress-ng-str: started [154873] (instance 3)
stress-ng: fail:  [154150] stress-ng-mergesort: mergesort failed: 22 (Invalid argument)
stress-ng: debug: [154128] 140 stressors spawned
stress-ng: debug: [154900] stress-ng-tsearch: started [154900] (instance 3)
stress-ng: debug: [154901] stress-ng-vm: started [154901] (instance 3)
stress-ng: debug: [154899] stress-ng-tmpfs: started [154899] (instance 3)
stress-ng: debug: [154898] stress-ng-tlb-shootdown: started [154898] (instance 3)
stress-ng: debug: [154902] stress-ng-vm-rw: started [154902] (instance 3)
stress-ng: error: [154899] stress-ng-tmpfs: cannot find writeable free space on a tmpfs filesystem
stress-ng: debug: [154899] stress-ng-tmpfs: exited [154899] (instance 3)
stress-ng: fail:  [154322] stress-ng-mergesort: mergesort failed: 22 (Invalid argument)
stress-ng: debug: [154936] stress-ng-wcs: started [154936] (instance 3)
stress-ng: debug: [154938] stress-ng-zlib: started [154938] (instance 3)
stress-ng: debug: [154937] stress-ng-zero: started [154937] (instance 3)
stress-ng: fail:  [154150] stress-ng-mergesort: mergesort failed: 22 (Invalid argument)
stress-ng: fail:  [154150] stress-ng-mergesort: mergesort failed: 22 (Invalid argument)
info: 5 failures reached, aborting stress process
stress-ng: fail:  [154322] stress-ng-mergesort: mergesort failed: 22 (Invalid argument)
stress-ng: debug: [154150] stress-ng-mergesort: exited [154150] (instance 0)
stress-ng: fail:  [154322] stress-ng-mergesort: mergesort failed: 22 (Invalid argument)
stress-ng: fail:  [154322] stress-ng-mergesort: mergesort failed: 22 (Invalid argument)
stress-ng: fail:  [154539] stress-ng-mergesort: mergesort failed: 22 (Invalid argument)
stress-ng: fail:  [154322] stress-ng-mergesort: mergesort failed: 22 (Invalid argument)
info: 5 failures reached, aborting stress process
stress-ng: debug: [154322] stress-ng-mergesort: exited [154322] (instance 1)
stress-ng: fail:  [154539] stress-ng-mergesort: mergesort failed: 22 (Invalid argument)
stress-ng: fail:  [154539] stress-ng-mergesort: mergesort failed: 22 (Invalid argument)
stress-ng: fail:  [154539] stress-ng-mergesort: mergesort failed: 22 (Invalid argument)
stress-ng: fail:  [154754] stress-ng-mergesort: mergesort failed: 22 (Invalid argument)
stress-ng: fail:  [154539] stress-ng-mergesort: mergesort failed: 22 (Invalid argument)
info: 5 failures reached, aborting stress process
stress-ng: debug: [154539] stress-ng-mergesort: exited [154539] (instance 2)
stress-ng: fail:  [154754] stress-ng-mergesort: mergesort failed: 22 (Invalid argument)
stress-ng: fail:  [154754] stress-ng-mergesort: mergesort failed: 22 (Invalid argument)
stress-ng: fail:  [154754] stress-ng-mergesort: mergesort failed: 22 (Invalid argument)
stress-ng: fail:  [154754] stress-ng-mergesort: mergesort failed: 22 (Invalid argument)
info: 5 failures reached, aborting stress process
stress-ng: debug: [154754] stress-ng-mergesort: exited [154754] (instance 3)
