stress-ng: debug: [105110] 72 processors online, 72 processors configured
stress-ng: info:  [105110] defaulting to a 86400 second run per stressor
stress-ng: info:  [105110] dispatching hogs: 4 bsearch, 4 cache, 4 heapsort, 4 hsearch, 4 icache, 4 lockbus, 4 lsearch, 4 malloc, 4 matrix, 4 membarrier, 4 memcpy, 4 mergesort, 4 qsort, 4 str, 4 stream, 4 tsearch, 4 vecmath, 4 wcs, 4 zlib
stress-ng: debug: [105110] cache allocate: default cache size: 46080K
stress-ng: debug: [105110] starting stressors
stress-ng: debug: [105112] stress-ng-bsearch: started [105112] (instance 0)
stress-ng: debug: [105113] stress-ng-cache: started [105113] (instance 0)
stress-ng: debug: [105113] stress-ng-cache: using cache buffer size of 46080K
stress-ng: debug: [105114] stress-ng-heapsort: started [105114] (instance 0)
stress-ng: debug: [105115] stress-ng-hsearch: started [105115] (instance 0)
stress-ng: debug: [105116] stress-ng-icache: started [105116] (instance 0)
stress-ng: debug: [105117] stress-ng-lockbus: started [105117] (instance 0)
stress-ng: debug: [105118] stress-ng-lsearch: started [105118] (instance 0)
stress-ng: debug: [105119] stress-ng-malloc: started [105119] (instance 0)
stress-ng: debug: [105120] stress-ng-matrix: started [105120] (instance 0)
stress-ng: debug: [105121] stress-ng-membarrier: started [105121] (instance 0)
stress-ng: info:  [105121] stress-ng-membarrier: this stressor is not implemented on this system: x86_64 Linux 3.10.0-1160.90.1.1chaos.ch6.x86_64
stress-ng: debug: [105121] stress-ng-membarrier: exited [105121] (instance 0)
stress-ng: debug: [105123] stress-ng-memcpy: started [105123] (instance 0)
stress-ng: debug: [105124] stress-ng-mergesort: started [105124] (instance 0)
stress-ng: debug: [105125] stress-ng-qsort: started [105125] (instance 0)
stress-ng: debug: [105126] stress-ng-str: started [105126] (instance 0)
stress-ng: debug: [105127] stress-ng-stream: started [105127] (instance 0)
stress-ng: debug: [105128] stress-ng-tsearch: started [105128] (instance 0)
stress-ng: debug: [105129] stress-ng-vecmath: started [105129] (instance 0)
stress-ng: debug: [105130] stress-ng-wcs: started [105130] (instance 0)
stress-ng: debug: [105131] stress-ng-zlib: started [105131] (instance 0)
stress-ng: debug: [105132] stress-ng-bsearch: started [105132] (instance 1)
stress-ng: debug: [105133] stress-ng-cache: started [105133] (instance 1)
stress-ng: debug: [105135] stress-ng-heapsort: started [105135] (instance 1)
stress-ng: debug: [105136] stress-ng-hsearch: started [105136] (instance 1)
stress-ng: debug: [105137] stress-ng-icache: started [105137] (instance 1)
stress-ng: debug: [105138] stress-ng-lockbus: started [105138] (instance 1)
stress-ng: debug: [105139] stress-ng-lsearch: started [105139] (instance 1)
stress-ng: debug: [105140] stress-ng-malloc: started [105140] (instance 1)
stress-ng: debug: [105141] stress-ng-matrix: started [105141] (instance 1)
stress-ng: debug: [105142] stress-ng-membarrier: started [105142] (instance 1)
stress-ng: info:  [105142] stress-ng-membarrier: this stressor is not implemented on this system: x86_64 Linux 3.10.0-1160.90.1.1chaos.ch6.x86_64
stress-ng: debug: [105142] stress-ng-membarrier: exited [105142] (instance 1)
stress-ng: debug: [105144] stress-ng-memcpy: started [105144] (instance 1)
stress-ng: debug: [105145] stress-ng-mergesort: started [105145] (instance 1)
stress-ng: debug: [105146] stress-ng-qsort: started [105146] (instance 1)
stress-ng: debug: [105147] stress-ng-str: started [105147] (instance 1)
stress-ng: debug: [105148] stress-ng-stream: started [105148] (instance 1)
stress-ng: debug: [105149] stress-ng-tsearch: started [105149] (instance 1)
stress-ng: debug: [105150] stress-ng-vecmath: started [105150] (instance 1)
stress-ng: debug: [105151] stress-ng-wcs: started [105151] (instance 1)
stress-ng: debug: [105152] stress-ng-zlib: started [105152] (instance 1)
stress-ng: debug: [105153] stress-ng-bsearch: started [105153] (instance 2)
stress-ng: debug: [105154] stress-ng-cache: started [105154] (instance 2)
stress-ng: debug: [105156] stress-ng-heapsort: started [105156] (instance 2)
stress-ng: debug: [105157] stress-ng-hsearch: started [105157] (instance 2)
stress-ng: debug: [105158] stress-ng-icache: started [105158] (instance 2)
stress-ng: debug: [105159] stress-ng-lockbus: started [105159] (instance 2)
stress-ng: debug: [105160] stress-ng-lsearch: started [105160] (instance 2)
stress-ng: debug: [105162] stress-ng-matrix: started [105162] (instance 2)
stress-ng: debug: [105163] stress-ng-membarrier: started [105163] (instance 2)
stress-ng: info:  [105163] stress-ng-membarrier: this stressor is not implemented on this system: x86_64 Linux 3.10.0-1160.90.1.1chaos.ch6.x86_64
stress-ng: debug: [105163] stress-ng-membarrier: exited [105163] (instance 2)
stress-ng: debug: [105164] stress-ng-memcpy: started [105164] (instance 2)
stress-ng: debug: [105165] stress-ng-mergesort: started [105165] (instance 2)
stress-ng: debug: [105161] stress-ng-malloc: started [105161] (instance 2)
stress-ng: debug: [105166] stress-ng-qsort: started [105166] (instance 2)
stress-ng: debug: [105167] stress-ng-str: started [105167] (instance 2)
stress-ng: debug: [105169] stress-ng-stream: started [105169] (instance 2)
stress-ng: debug: [105170] stress-ng-tsearch: started [105170] (instance 2)
stress-ng: debug: [105171] stress-ng-vecmath: started [105171] (instance 2)
stress-ng: debug: [105173] stress-ng-zlib: started [105173] (instance 2)
stress-ng: debug: [105174] stress-ng-bsearch: started [105174] (instance 3)
stress-ng: debug: [105176] stress-ng-cache: started [105176] (instance 3)
stress-ng: debug: [105172] stress-ng-wcs: started [105172] (instance 2)
stress-ng: debug: [105178] stress-ng-hsearch: started [105178] (instance 3)
stress-ng: debug: [105180] stress-ng-lockbus: started [105180] (instance 3)
stress-ng: debug: [105179] stress-ng-icache: started [105179] (instance 3)
stress-ng: debug: [105177] stress-ng-heapsort: started [105177] (instance 3)
stress-ng: debug: [105182] stress-ng-malloc: started [105182] (instance 3)
stress-ng: debug: [105183] stress-ng-matrix: started [105183] (instance 3)
stress-ng: debug: [105181] stress-ng-lsearch: started [105181] (instance 3)
stress-ng: debug: [105184] stress-ng-membarrier: started [105184] (instance 3)
stress-ng: info:  [105184] stress-ng-membarrier: this stressor is not implemented on this system: x86_64 Linux 3.10.0-1160.90.1.1chaos.ch6.x86_64
stress-ng: debug: [105184] stress-ng-membarrier: exited [105184] (instance 3)
stress-ng: debug: [105186] stress-ng-memcpy: started [105186] (instance 3)
stress-ng: debug: [105187] stress-ng-mergesort: started [105187] (instance 3)
stress-ng: debug: [105188] stress-ng-qsort: started [105188] (instance 3)
stress-ng: debug: [105189] stress-ng-str: started [105189] (instance 3)
stress-ng: debug: [105190] stress-ng-stream: started [105190] (instance 3)
stress-ng: debug: [105192] stress-ng-vecmath: started [105192] (instance 3)
stress-ng: debug: [105110] 76 stressors spawned
stress-ng: debug: [105191] stress-ng-tsearch: started [105191] (instance 3)
stress-ng: debug: [105193] stress-ng-wcs: started [105193] (instance 3)
stress-ng: debug: [105194] stress-ng-zlib: started [105194] (instance 3)
stress-ng: info:  [105127] stress-ng-stream: stressor loosely based on a variant of the STREAM benchmark code
stress-ng: info:  [105127] stress-ng-stream: do NOT submit any of these results to the STREAM benchmark results
stress-ng: info:  [105127] stress-ng-stream: Using CPU cache size of 46080K
stress-ng: fail:  [105124] stress-ng-mergesort: mergesort failed: 22 (Invalid argument)
stress-ng: fail:  [105145] stress-ng-mergesort: mergesort failed: 22 (Invalid argument)
stress-ng: fail:  [105124] stress-ng-mergesort: mergesort failed: 22 (Invalid argument)
stress-ng: fail:  [105145] stress-ng-mergesort: mergesort failed: 22 (Invalid argument)
stress-ng: fail:  [105124] stress-ng-mergesort: mergesort failed: 22 (Invalid argument)
stress-ng: fail:  [105145] stress-ng-mergesort: mergesort failed: 22 (Invalid argument)
stress-ng: fail:  [105165] stress-ng-mergesort: mergesort failed: 22 (Invalid argument)
stress-ng: fail:  [105145] stress-ng-mergesort: mergesort failed: 22 (Invalid argument)
stress-ng: fail:  [105124] stress-ng-mergesort: mergesort failed: 22 (Invalid argument)
stress-ng: fail:  [105165] stress-ng-mergesort: mergesort failed: 22 (Invalid argument)
stress-ng: fail:  [105187] stress-ng-mergesort: mergesort failed: 22 (Invalid argument)
stress-ng: fail:  [105145] stress-ng-mergesort: mergesort failed: 22 (Invalid argument)
info: 5 failures reached, aborting stress process
stress-ng: debug: [105145] stress-ng-mergesort: exited [105145] (instance 1)
stress-ng: fail:  [105124] stress-ng-mergesort: mergesort failed: 22 (Invalid argument)
info: 5 failures reached, aborting stress process
stress-ng: debug: [105124] stress-ng-mergesort: exited [105124] (instance 0)
stress-ng: fail:  [105165] stress-ng-mergesort: mergesort failed: 22 (Invalid argument)
stress-ng: fail:  [105187] stress-ng-mergesort: mergesort failed: 22 (Invalid argument)
stress-ng: fail:  [105165] stress-ng-mergesort: mergesort failed: 22 (Invalid argument)
stress-ng: fail:  [105187] stress-ng-mergesort: mergesort failed: 22 (Invalid argument)
stress-ng: fail:  [105165] stress-ng-mergesort: mergesort failed: 22 (Invalid argument)
info: 5 failures reached, aborting stress process
stress-ng: debug: [105165] stress-ng-mergesort: exited [105165] (instance 2)
stress-ng: fail:  [105187] stress-ng-mergesort: mergesort failed: 22 (Invalid argument)
stress-ng: fail:  [105187] stress-ng-mergesort: mergesort failed: 22 (Invalid argument)
info: 5 failures reached, aborting stress process
stress-ng: debug: [105187] stress-ng-mergesort: exited [105187] (instance 3)
