stress-ng: debug: [108499] 72 processors online, 72 processors configured
stress-ng: info:  [108499] defaulting to a 86400 second run per stressor
stress-ng: info:  [108499] dispatching hogs: 4 chdir, 4 chmod, 4 chown, 4 copy-file, 4 dentry, 4 dir, 4 dirdeep, 4 dnotify, 4 dup, 4 eventfd, 4 fallocate, 4 fanotify, 4 fcntl, 4 fiemap, 4 filename, 4 flock, 4 fstat, 4 getdent, 4 handle, 4 inotify, 4 io, 4 iomix, 4 ioprio, 4 lease, 4 link, 4 locka, 4 lockf, 4 lockofd, 4 mknod, 4 open, 4 procfs, 4 rename, 4 symlink, 4 sync-file, 4 utime, 4 xattr
stress-ng: debug: [108499] cache allocate: default cache size: 46080K
stress-ng: debug: [108499] starting stressors
stress-ng: debug: [108502] stress-ng-chdir: started [108502] (instance 0)
stress-ng: debug: [108503] stress-ng-chmod: started [108503] (instance 0)
stress-ng: debug: [108504] stress-ng-chown: started [108504] (instance 0)
stress-ng: debug: [108505] stress-ng-copy-file: started [108505] (instance 0)
stress-ng: debug: [108506] stress-ng-dentry: started [108506] (instance 0)
stress-ng: debug: [108507] stress-ng-dir: started [108507] (instance 0)
stress-ng: debug: [108508] stress-ng-dirdeep: started [108508] (instance 0)
stress-ng: debug: [108509] stress-ng-dnotify: started [108509] (instance 0)
stress-ng: debug: [108510] stress-ng-dup: started [108510] (instance 0)
stress-ng: debug: [108511] stress-ng-eventfd: started [108511] (instance 0)
stress-ng: debug: [108512] stress-ng-fallocate: started [108512] (instance 0)
stress-ng: debug: [108513] stress-ng-fanotify: started [108513] (instance 0)
stress-ng: debug: [108515] stress-ng-fcntl: started [108515] (instance 0)
stress-ng: debug: [108516] stress-ng-fiemap: started [108516] (instance 0)
stress-ng: fail:  [108505] stress-ng-copy-file: copy_file_range failed, errno=38 (Function not implemented)
stress-ng: error: [108513] stress-ng-fanotify: cannot initialize fanotify, errno=1 (Operation not permitted)
stress-ng: debug: [108505] stress-ng-copy-file: exited [108505] (instance 0)
stress-ng: debug: [108518] stress-ng-filename: started [108518] (instance 0)
stress-ng: debug: [108513] stress-ng-fanotify: exited [108513] (instance 0)
stress-ng: debug: [108519] stress-ng-flock: started [108519] (instance 0)
stress-ng: debug: [108518] stress-ng-filename: maximum file size: 255 bytes
stress-ng: fail:  [108520] stress-ng-fiemap: FS_IOC_FIEMAP ioctl() failed, errno=95 (Operation not supported)
stress-ng: debug: [108521] stress-ng-fstat: started [108521] (instance 0)
stress-ng: fail:  [108522] stress-ng-fiemap: FS_IOC_FIEMAP ioctl() failed, errno=95 (Operation not supported)
stress-ng: debug: [108523] stress-ng-getdent: started [108523] (instance 0)
stress-ng: fail:  [108524] stress-ng-fiemap: FS_IOC_FIEMAP ioctl() failed, errno=95 (Operation not supported)
stress-ng: fail:  [108530] stress-ng-fiemap: FS_IOC_FIEMAP ioctl() failed, errno=95 (Operation not supported)
stress-ng: debug: [108540] stress-ng-io: started [108540] (instance 0)
stress-ng: debug: [108549] stress-ng-iomix: started [108549] (instance 0)
stress-ng: debug: [108527] stress-ng-handle: started [108527] (instance 0)
stress-ng: debug: [108535] stress-ng-inotify: started [108535] (instance 0)
stress-ng: debug: [108554] stress-ng-ioprio: started [108554] (instance 0)
stress-ng: debug: [108559] stress-ng-lease: started [108559] (instance 0)
stress-ng: debug: [108563] stress-ng-link: started [108563] (instance 0)
stress-ng: debug: [108565] stress-ng-locka: started [108565] (instance 0)
stress-ng: debug: [108570] stress-ng-lockf: started [108570] (instance 0)
stress-ng: debug: [108579] stress-ng-lockofd: started [108579] (instance 0)
stress-ng: debug: [108588] stress-ng-mknod: started [108588] (instance 0)
stress-ng: debug: [108601] stress-ng-open: started [108601] (instance 0)
stress-ng: debug: [108610] stress-ng-procfs: started [108610] (instance 0)
stress-ng: debug: [108619] stress-ng-rename: started [108619] (instance 0)
stress-ng: debug: [108631] stress-ng-symlink: started [108631] (instance 0)
stress-ng: debug: [108641] stress-ng-sync-file: started [108641] (instance 0)
stress-ng: info:  [108579] stress-ng-lockofd: this stressor is not implemented on this system: x86_64 Linux 3.10.0-1160.90.1.1chaos.ch6.x86_64
stress-ng: debug: [108650] stress-ng-utime: started [108650] (instance 0)
stress-ng: debug: [108579] stress-ng-lockofd: exited [108579] (instance 0)
stress-ng: debug: [108659] stress-ng-xattr: started [108659] (instance 0)
stress-ng: debug: [108668] stress-ng-chdir: started [108668] (instance 1)
stress-ng: debug: [108680] stress-ng-chmod: started [108680] (instance 1)
stress-ng: debug: [108690] stress-ng-chown: started [108690] (instance 1)
stress-ng: debug: [108699] stress-ng-copy-file: started [108699] (instance 1)
stress-ng: debug: [108711] stress-ng-dentry: started [108711] (instance 1)
stress-ng: debug: [108722] stress-ng-dir: started [108722] (instance 1)
stress-ng: debug: [108731] stress-ng-dirdeep: started [108731] (instance 1)
stress-ng: debug: [108744] stress-ng-dnotify: started [108744] (instance 1)
stress-ng: debug: [108753] stress-ng-dup: started [108753] (instance 1)
stress-ng: debug: [108765] stress-ng-eventfd: started [108765] (instance 1)
stress-ng: debug: [108775] stress-ng-fallocate: started [108775] (instance 1)
stress-ng: debug: [108784] stress-ng-fanotify: started [108784] (instance 1)
stress-ng: debug: [108793] stress-ng-fcntl: started [108793] (instance 1)
stress-ng: debug: [108802] stress-ng-fiemap: started [108802] (instance 1)
stress-ng: debug: [108811] stress-ng-filename: started [108811] (instance 1)
stress-ng: debug: [108820] stress-ng-flock: started [108820] (instance 1)
stress-ng: debug: [108833] stress-ng-fstat: started [108833] (instance 1)
stress-ng: debug: [108842] stress-ng-getdent: started [108842] (instance 1)
stress-ng: debug: [108851] stress-ng-handle: started [108851] (instance 1)
stress-ng: debug: [108864] stress-ng-inotify: started [108864] (instance 1)
stress-ng: debug: [108873] stress-ng-io: started [108873] (instance 1)
stress-ng: debug: [108882] stress-ng-iomix: started [108882] (instance 1)
stress-ng: debug: [108891] stress-ng-ioprio: started [108891] (instance 1)
stress-ng: debug: [108897] stress-ng-lease: started [108897] (instance 1)
stress-ng: debug: [108905] stress-ng-link: started [108905] (instance 1)
stress-ng: debug: [108906] stress-ng-locka: started [108906] (instance 1)
stress-ng: debug: [108907] stress-ng-lockf: started [108907] (instance 1)
stress-ng: debug: [108908] stress-ng-lockofd: started [108908] (instance 1)
stress-ng: debug: [108909] stress-ng-mknod: started [108909] (instance 1)
stress-ng: debug: [108910] stress-ng-open: started [108910] (instance 1)
stress-ng: debug: [108911] stress-ng-procfs: started [108911] (instance 1)
stress-ng: debug: [108920] stress-ng-rename: started [108920] (instance 1)
stress-ng: debug: [108929] stress-ng-symlink: started [108929] (instance 1)
stress-ng: debug: [108934] stress-ng-sync-file: started [108934] (instance 1)
stress-ng: debug: [108943] stress-ng-utime: started [108943] (instance 1)
stress-ng: info:  [108908] stress-ng-lockofd: this stressor is not implemented on this system: x86_64 Linux 3.10.0-1160.90.1.1chaos.ch6.x86_64
stress-ng: debug: [108956] stress-ng-xattr: started [108956] (instance 1)
stress-ng: debug: [108908] stress-ng-lockofd: exited [108908] (instance 1)
stress-ng: debug: [108965] stress-ng-chdir: started [108965] (instance 2)
stress-ng: debug: [108970] stress-ng-chmod: started [108970] (instance 2)
stress-ng: debug: [108975] stress-ng-chown: started [108975] (instance 2)
stress-ng: debug: [108984] stress-ng-copy-file: started [108984] (instance 2)
stress-ng: debug: [108997] stress-ng-dentry: started [108997] (instance 2)
stress-ng: debug: [109006] stress-ng-dir: started [109006] (instance 2)
stress-ng: debug: [109015] stress-ng-dirdeep: started [109015] (instance 2)
stress-ng: debug: [109020] stress-ng-dnotify: started [109020] (instance 2)
stress-ng: debug: [109029] stress-ng-dup: started [109029] (instance 2)
stress-ng: debug: [109034] stress-ng-eventfd: started [109034] (instance 2)
stress-ng: debug: [109035] stress-ng-fallocate: started [109035] (instance 2)
stress-ng: debug: [109040] stress-ng-fanotify: started [109040] (instance 2)
stress-ng: debug: [109041] stress-ng-fcntl: started [109041] (instance 2)
stress-ng: debug: [109046] stress-ng-fiemap: started [109046] (instance 2)
stress-ng: debug: [109047] stress-ng-filename: started [109047] (instance 2)
stress-ng: debug: [109048] stress-ng-flock: started [109048] (instance 2)
stress-ng: debug: [109049] stress-ng-fstat: started [109049] (instance 2)
stress-ng: debug: [109050] stress-ng-getdent: started [109050] (instance 2)
stress-ng: debug: [109051] stress-ng-handle: started [109051] (instance 2)
stress-ng: debug: [109052] stress-ng-inotify: started [109052] (instance 2)
stress-ng: debug: [109053] stress-ng-io: started [109053] (instance 2)
stress-ng: debug: [109054] stress-ng-iomix: started [109054] (instance 2)
stress-ng: debug: [109055] stress-ng-ioprio: started [109055] (instance 2)
stress-ng: debug: [109056] stress-ng-lease: started [109056] (instance 2)
stress-ng: debug: [109057] stress-ng-link: started [109057] (instance 2)
stress-ng: debug: [109058] stress-ng-locka: started [109058] (instance 2)
stress-ng: debug: [109059] stress-ng-lockf: started [109059] (instance 2)
stress-ng: debug: [109060] stress-ng-lockofd: started [109060] (instance 2)
stress-ng: debug: [109061] stress-ng-mknod: started [109061] (instance 2)
stress-ng: debug: [109062] stress-ng-open: started [109062] (instance 2)
stress-ng: debug: [109063] stress-ng-procfs: started [109063] (instance 2)
stress-ng: debug: [109064] stress-ng-rename: started [109064] (instance 2)
stress-ng: debug: [109065] stress-ng-symlink: started [109065] (instance 2)
stress-ng: debug: [109066] stress-ng-sync-file: started [109066] (instance 2)
stress-ng: debug: [109067] stress-ng-utime: started [109067] (instance 2)
stress-ng: debug: [109068] stress-ng-xattr: started [109068] (instance 2)
stress-ng: debug: [109069] stress-ng-chdir: started [109069] (instance 3)
stress-ng: debug: [109070] stress-ng-chmod: started [109070] (instance 3)
stress-ng: debug: [109071] stress-ng-chown: started [109071] (instance 3)
stress-ng: debug: [109072] stress-ng-copy-file: started [109072] (instance 3)
stress-ng: debug: [109073] stress-ng-dentry: started [109073] (instance 3)
stress-ng: debug: [109074] stress-ng-dir: started [109074] (instance 3)
stress-ng: debug: [109075] stress-ng-dirdeep: started [109075] (instance 3)
stress-ng: debug: [109076] stress-ng-dnotify: started [109076] (instance 3)
stress-ng: debug: [109077] stress-ng-dup: started [109077] (instance 3)
stress-ng: debug: [109078] stress-ng-eventfd: started [109078] (instance 3)
stress-ng: debug: [109079] stress-ng-fallocate: started [109079] (instance 3)
stress-ng: debug: [109080] stress-ng-fanotify: started [109080] (instance 3)
stress-ng: debug: [109081] stress-ng-fcntl: started [109081] (instance 3)
stress-ng: debug: [109082] stress-ng-fiemap: started [109082] (instance 3)
stress-ng: debug: [109083] stress-ng-filename: started [109083] (instance 3)
stress-ng: debug: [109084] stress-ng-flock: started [109084] (instance 3)
stress-ng: debug: [109085] stress-ng-fstat: started [109085] (instance 3)
stress-ng: debug: [109086] stress-ng-getdent: started [109086] (instance 3)
stress-ng: debug: [109087] stress-ng-handle: started [109087] (instance 3)
stress-ng: debug: [109088] stress-ng-inotify: started [109088] (instance 3)
stress-ng: debug: [109089] stress-ng-io: started [109089] (instance 3)
stress-ng: debug: [109090] stress-ng-iomix: started [109090] (instance 3)
stress-ng: debug: [109091] stress-ng-ioprio: started [109091] (instance 3)
stress-ng: debug: [109092] stress-ng-lease: started [109092] (instance 3)
stress-ng: debug: [109093] stress-ng-link: started [109093] (instance 3)
stress-ng: debug: [109094] stress-ng-locka: started [109094] (instance 3)
stress-ng: debug: [109095] stress-ng-lockf: started [109095] (instance 3)
stress-ng: debug: [109096] stress-ng-lockofd: started [109096] (instance 3)
stress-ng: debug: [109097] stress-ng-mknod: started [109097] (instance 3)
stress-ng: debug: [109098] stress-ng-open: started [109098] (instance 3)
stress-ng: debug: [109099] stress-ng-procfs: started [109099] (instance 3)
stress-ng: debug: [109100] stress-ng-rename: started [109100] (instance 3)
stress-ng: debug: [109101] stress-ng-symlink: started [109101] (instance 3)
stress-ng: debug: [109102] stress-ng-sync-file: started [109102] (instance 3)
stress-ng: debug: [109103] stress-ng-utime: started [109103] (instance 3)
stress-ng: debug: [109104] stress-ng-xattr: started [109104] (instance 3)
stress-ng: debug: [108499] 144 stressors spawned
stress-ng: debug: [108518] stress-ng-filename: filesystem allows 254 unique characters in a filename
stress-ng: info:  [109060] stress-ng-lockofd: this stressor is not implemented on this system: x86_64 Linux 3.10.0-1160.90.1.1chaos.ch6.x86_64
stress-ng: info:  [109096] stress-ng-lockofd: this stressor is not implemented on this system: x86_64 Linux 3.10.0-1160.90.1.1chaos.ch6.x86_64
stress-ng: debug: [109060] stress-ng-lockofd: exited [109060] (instance 2)
stress-ng: debug: [109096] stress-ng-lockofd: exited [109096] (instance 3)
stress-ng: fail:  [108699] stress-ng-copy-file: copy_file_range failed, errno=38 (Function not implemented)
stress-ng: error: [108784] stress-ng-fanotify: cannot initialize fanotify, errno=1 (Operation not permitted)
stress-ng: fail:  [113513] stress-ng-fiemap: FS_IOC_FIEMAP ioctl() failed, errno=95 (Operation not supported)
stress-ng: fail:  [113526] stress-ng-fiemap: FS_IOC_FIEMAP ioctl() failed, errno=95 (Operation not supported)
stress-ng: fail:  [113531] stress-ng-fiemap: FS_IOC_FIEMAP ioctl() failed, errno=95 (Operation not supported)
stress-ng: fail:  [113544] stress-ng-fiemap: FS_IOC_FIEMAP ioctl() failed, errno=95 (Operation not supported)
stress-ng: error: [109040] stress-ng-fanotify: cannot initialize fanotify, errno=1 (Operation not permitted)
stress-ng: fail:  [118600] stress-ng-fiemap: FS_IOC_FIEMAP ioctl() failed, errno=95 (Operation not supported)
stress-ng: fail:  [118614] stress-ng-fiemap: FS_IOC_FIEMAP ioctl() failed, errno=95 (Operation not supported)
stress-ng: fail:  [118632] stress-ng-fiemap: FS_IOC_FIEMAP ioctl() failed, errno=95 (Operation not supported)
stress-ng: fail:  [118653] stress-ng-fiemap: FS_IOC_FIEMAP ioctl() failed, errno=95 (Operation not supported)
stress-ng: fail:  [108984] stress-ng-copy-file: copy_file_range failed, errno=38 (Function not implemented)
stress-ng: fail:  [109072] stress-ng-copy-file: copy_file_range failed, errno=38 (Function not implemented)
stress-ng: error: [109080] stress-ng-fanotify: cannot initialize fanotify, errno=1 (Operation not permitted)
stress-ng: fail:  [127173] stress-ng-fiemap: FS_IOC_FIEMAP ioctl() failed, errno=95 (Operation not supported)
stress-ng: fail:  [127174] stress-ng-fiemap: FS_IOC_FIEMAP ioctl() failed, errno=95 (Operation not supported)
stress-ng: fail:  [127175] stress-ng-fiemap: FS_IOC_FIEMAP ioctl() failed, errno=95 (Operation not supported)
stress-ng: fail:  [127176] stress-ng-fiemap: FS_IOC_FIEMAP ioctl() failed, errno=95 (Operation not supported)
stress-ng: debug: [108699] stress-ng-copy-file: exited [108699] (instance 1)
stress-ng: debug: [108784] stress-ng-fanotify: exited [108784] (instance 1)
stress-ng: debug: [109040] stress-ng-fanotify: exited [109040] (instance 2)
stress-ng: debug: [108984] stress-ng-copy-file: exited [108984] (instance 2)
stress-ng: debug: [109072] stress-ng-copy-file: exited [109072] (instance 3)
stress-ng: debug: [109080] stress-ng-fanotify: exited [109080] (instance 3)
