stress-ng: debug: [214551] 72 processors online, 72 processors configured
stress-ng: info:  [214551] defaulting to a 86400 second run per stressor
stress-ng: info:  [214551] dispatching hogs: 4 af-alg, 4 atomic, 4 bsearch, 4 context, 4 cpu, 4 cpu-online, 4 crypt, 4 fp-error, 4 getrandom, 4 heapsort, 4 hsearch, 4 longjmp, 4 lsearch, 4 matrix, 4 mergesort, 4 nop, 4 numa, 4 opcode, 4 qsort, 4 rdrand, 4 str, 4 stream, 4 tsc, 4 tsearch, 4 vecmath, 4 wcs, 4 zlib
stress-ng: debug: [214551] cache allocate: default cache size: 46080K
stress-ng: debug: [214551] starting stressors
stress-ng: debug: [214553] stress-ng-af-alg: started [214553] (instance 0)
stress-ng: debug: [214554] stress-ng-atomic: started [214554] (instance 0)
stress-ng: debug: [214555] stress-ng-bsearch: started [214555] (instance 0)
stress-ng: debug: [214556] stress-ng-context: started [214556] (instance 0)
stress-ng: debug: [214557] stress-ng-cpu: started [214557] (instance 0)
stress-ng: debug: [214558] stress-ng-cpu-online: started [214558] (instance 0)
stress-ng: info:  [214558] stress-ng-cpu-online: need root privilege to run this stressor
stress-ng: debug: [214558] stress-ng-cpu-online: exited [214558] (instance 0)
stress-ng: debug: [214559] stress-ng-crypt: started [214559] (instance 0)
stress-ng: debug: [214560] stress-ng-fp-error: started [214560] (instance 0)
stress-ng: debug: [214561] stress-ng-getrandom: started [214561] (instance 0)
stress-ng: debug: [214562] stress-ng-heapsort: started [214562] (instance 0)
stress-ng: debug: [214563] stress-ng-hsearch: started [214563] (instance 0)
stress-ng: debug: [214566] stress-ng-longjmp: started [214566] (instance 0)
stress-ng: debug: [214567] stress-ng-lsearch: started [214567] (instance 0)
stress-ng: debug: [214568] stress-ng-matrix: started [214568] (instance 0)
stress-ng: debug: [214569] stress-ng-mergesort: started [214569] (instance 0)
stress-ng: debug: [214570] stress-ng-nop: started [214570] (instance 0)
stress-ng: debug: [214571] stress-ng-numa: started [214571] (instance 0)
stress-ng: info:  [214571] stress-ng-numa: system has 2 of a maximum 1024 memory NUMA nodes
stress-ng: debug: [214572] stress-ng-opcode: started [214572] (instance 0)
stress-ng: debug: [214573] stress-ng-qsort: started [214573] (instance 0)
stress-ng: debug: [214575] stress-ng-rdrand: started [214575] (instance 0)
stress-ng: debug: [214575] stress-ng-rdrand: exited [214575] (instance 0)
stress-ng: debug: [214576] stress-ng-str: started [214576] (instance 0)
stress-ng: debug: [214577] stress-ng-stream: started [214577] (instance 0)
stress-ng: debug: [214579] stress-ng-tsc: started [214579] (instance 0)
stress-ng: debug: [214579] stress-ng-tsc: exited [214579] (instance 0)
stress-ng: debug: [214580] stress-ng-tsearch: started [214580] (instance 0)
stress-ng: debug: [214581] stress-ng-vecmath: started [214581] (instance 0)
stress-ng: debug: [214582] stress-ng-wcs: started [214582] (instance 0)
stress-ng: debug: [214584] stress-ng-zlib: started [214584] (instance 0)
stress-ng: debug: [214585] stress-ng-af-alg: started [214585] (instance 1)
stress-ng: debug: [214587] stress-ng-atomic: started [214587] (instance 1)
stress-ng: debug: [214589] stress-ng-bsearch: started [214589] (instance 1)
stress-ng: debug: [214590] stress-ng-context: started [214590] (instance 1)
stress-ng: debug: [214592] stress-ng-cpu: started [214592] (instance 1)
stress-ng: debug: [214593] stress-ng-cpu-online: started [214593] (instance 1)
stress-ng: debug: [214593] stress-ng-cpu-online: exited [214593] (instance 1)
stress-ng: debug: [214594] stress-ng-crypt: started [214594] (instance 1)
stress-ng: debug: [214596] stress-ng-fp-error: started [214596] (instance 1)
stress-ng: debug: [214599] stress-ng-getrandom: started [214599] (instance 1)
stress-ng: debug: [214600] stress-ng-heapsort: started [214600] (instance 1)
stress-ng: debug: [214602] stress-ng-hsearch: started [214602] (instance 1)
stress-ng: debug: [214603] stress-ng-longjmp: started [214603] (instance 1)
stress-ng: debug: [214604] stress-ng-lsearch: started [214604] (instance 1)
stress-ng: debug: [214606] stress-ng-matrix: started [214606] (instance 1)
stress-ng: debug: [214607] stress-ng-mergesort: started [214607] (instance 1)
stress-ng: debug: [214609] stress-ng-nop: started [214609] (instance 1)
stress-ng: debug: [214610] stress-ng-numa: started [214610] (instance 1)
stress-ng: debug: [214611] stress-ng-opcode: started [214611] (instance 1)
stress-ng: debug: [214613] stress-ng-qsort: started [214613] (instance 1)
stress-ng: debug: [214615] stress-ng-rdrand: started [214615] (instance 1)
stress-ng: debug: [214615] stress-ng-rdrand: exited [214615] (instance 1)
stress-ng: debug: [214616] stress-ng-str: started [214616] (instance 1)
stress-ng: debug: [214618] stress-ng-stream: started [214618] (instance 1)
stress-ng: debug: [214620] stress-ng-tsc: started [214620] (instance 1)
stress-ng: debug: [214620] stress-ng-tsc: exited [214620] (instance 1)
stress-ng: debug: [214621] stress-ng-tsearch: started [214621] (instance 1)
stress-ng: debug: [214623] stress-ng-vecmath: started [214623] (instance 1)
stress-ng: debug: [214625] stress-ng-wcs: started [214625] (instance 1)
stress-ng: debug: [214627] stress-ng-zlib: started [214627] (instance 1)
stress-ng: debug: [214628] stress-ng-af-alg: started [214628] (instance 2)
stress-ng: debug: [214631] stress-ng-atomic: started [214631] (instance 2)
stress-ng: debug: [214633] stress-ng-bsearch: started [214633] (instance 2)
stress-ng: debug: [214635] stress-ng-context: started [214635] (instance 2)
stress-ng: debug: [214637] stress-ng-cpu: started [214637] (instance 2)
stress-ng: debug: [214638] stress-ng-cpu-online: started [214638] (instance 2)
stress-ng: debug: [214638] stress-ng-cpu-online: exited [214638] (instance 2)
stress-ng: debug: [214640] stress-ng-crypt: started [214640] (instance 2)
stress-ng: debug: [214642] stress-ng-fp-error: started [214642] (instance 2)
stress-ng: debug: [214644] stress-ng-getrandom: started [214644] (instance 2)
stress-ng: debug: [214646] stress-ng-heapsort: started [214646] (instance 2)
stress-ng: debug: [214650] stress-ng-hsearch: started [214650] (instance 2)
stress-ng: debug: [214652] stress-ng-longjmp: started [214652] (instance 2)
stress-ng: debug: [214653] stress-ng-lsearch: started [214653] (instance 2)
stress-ng: debug: [214656] stress-ng-matrix: started [214656] (instance 2)
stress-ng: debug: [214657] stress-ng-mergesort: started [214657] (instance 2)
stress-ng: debug: [214659] stress-ng-nop: started [214659] (instance 2)
stress-ng: debug: [214661] stress-ng-numa: started [214661] (instance 2)
stress-ng: debug: [214663] stress-ng-opcode: started [214663] (instance 2)
stress-ng: debug: [214665] stress-ng-qsort: started [214665] (instance 2)
stress-ng: info:  [214577] stress-ng-stream: stressor loosely based on a variant of the STREAM benchmark code
stress-ng: info:  [214577] stress-ng-stream: do NOT submit any of these results to the STREAM benchmark results
stress-ng: info:  [214577] stress-ng-stream: Using CPU cache size of 46080K
stress-ng: debug: [214668] stress-ng-rdrand: started [214668] (instance 2)
stress-ng: debug: [214668] stress-ng-rdrand: exited [214668] (instance 2)
stress-ng: debug: [214670] stress-ng-str: started [214670] (instance 2)
stress-ng: debug: [214671] stress-ng-stream: started [214671] (instance 2)
stress-ng: debug: [214675] stress-ng-tsc: started [214675] (instance 2)
stress-ng: debug: [214675] stress-ng-tsc: exited [214675] (instance 2)
stress-ng: debug: [214676] stress-ng-tsearch: started [214676] (instance 2)
stress-ng: debug: [214677] stress-ng-vecmath: started [214677] (instance 2)
stress-ng: debug: [214681] stress-ng-wcs: started [214681] (instance 2)
stress-ng: debug: [214683] stress-ng-af-alg: started [214683] (instance 3)
stress-ng: debug: [214687] stress-ng-atomic: started [214687] (instance 3)
stress-ng: debug: [214690] stress-ng-context: started [214690] (instance 3)
stress-ng: debug: [214688] stress-ng-bsearch: started [214688] (instance 3)
stress-ng: debug: [214692] stress-ng-cpu: started [214692] (instance 3)
stress-ng: debug: [214696] stress-ng-crypt: started [214696] (instance 3)
stress-ng: debug: [214697] stress-ng-fp-error: started [214697] (instance 3)
stress-ng: debug: [214710] stress-ng-mergesort: started [214710] (instance 3)
stress-ng: debug: [214693] stress-ng-cpu-online: started [214693] (instance 3)
stress-ng: debug: [214682] stress-ng-zlib: started [214682] (instance 2)
stress-ng: debug: [214693] stress-ng-cpu-online: exited [214693] (instance 3)
stress-ng: debug: [214705] stress-ng-heapsort: started [214705] (instance 3)
stress-ng: debug: [214551] 108 stressors spawned
stress-ng: debug: [214707] stress-ng-longjmp: started [214707] (instance 3)
stress-ng: debug: [214706] stress-ng-hsearch: started [214706] (instance 3)
stress-ng: debug: [214708] stress-ng-lsearch: started [214708] (instance 3)
stress-ng: debug: [214700] stress-ng-getrandom: started [214700] (instance 3)
stress-ng: debug: [214709] stress-ng-matrix: started [214709] (instance 3)
stress-ng: debug: [214712] stress-ng-numa: started [214712] (instance 3)
stress-ng: debug: [214714] stress-ng-qsort: started [214714] (instance 3)
stress-ng: debug: [214716] stress-ng-str: started [214716] (instance 3)
stress-ng: debug: [214715] stress-ng-rdrand: started [214715] (instance 3)
stress-ng: debug: [214715] stress-ng-rdrand: exited [214715] (instance 3)
stress-ng: debug: [214718] stress-ng-stream: started [214718] (instance 3)
stress-ng: debug: [214711] stress-ng-nop: started [214711] (instance 3)
stress-ng: debug: [214723] stress-ng-tsearch: started [214723] (instance 3)
stress-ng: debug: [214729] stress-ng-wcs: started [214729] (instance 3)
stress-ng: debug: [214727] stress-ng-vecmath: started [214727] (instance 3)
stress-ng: debug: [214713] stress-ng-opcode: started [214713] (instance 3)
stress-ng: debug: [214731] stress-ng-zlib: started [214731] (instance 3)
stress-ng: debug: [214721] stress-ng-tsc: started [214721] (instance 3)
stress-ng: debug: [214721] stress-ng-tsc: exited [214721] (instance 3)
stress-ng: fail:  [214569] stress-ng-mergesort: mergesort failed: 22 (Invalid argument)
stress-ng: fail:  [214569] stress-ng-mergesort: mergesort failed: 22 (Invalid argument)
stress-ng: fail:  [214569] stress-ng-mergesort: mergesort failed: 22 (Invalid argument)
stress-ng: fail:  [214607] stress-ng-mergesort: mergesort failed: 22 (Invalid argument)
stress-ng: fail:  [214569] stress-ng-mergesort: mergesort failed: 22 (Invalid argument)
stress-ng: fail:  [214607] stress-ng-mergesort: mergesort failed: 22 (Invalid argument)
stress-ng: fail:  [214569] stress-ng-mergesort: mergesort failed: 22 (Invalid argument)
info: 5 failures reached, aborting stress process
stress-ng: debug: [214569] stress-ng-mergesort: exited [214569] (instance 0)
stress-ng: fail:  [214607] stress-ng-mergesort: mergesort failed: 22 (Invalid argument)
stress-ng: fail:  [214607] stress-ng-mergesort: mergesort failed: 22 (Invalid argument)
stress-ng: fail:  [214607] stress-ng-mergesort: mergesort failed: 22 (Invalid argument)
info: 5 failures reached, aborting stress process
stress-ng: debug: [214607] stress-ng-mergesort: exited [214607] (instance 1)
stress-ng: fail:  [214710] stress-ng-mergesort: mergesort failed: 22 (Invalid argument)
stress-ng: fail:  [214710] stress-ng-mergesort: mergesort failed: 22 (Invalid argument)
stress-ng: fail:  [214710] stress-ng-mergesort: mergesort failed: 22 (Invalid argument)
stress-ng: fail:  [214657] stress-ng-mergesort: mergesort failed: 22 (Invalid argument)
stress-ng: fail:  [214710] stress-ng-mergesort: mergesort failed: 22 (Invalid argument)
stress-ng: fail:  [214657] stress-ng-mergesort: mergesort failed: 22 (Invalid argument)
stress-ng: fail:  [214710] stress-ng-mergesort: mergesort failed: 22 (Invalid argument)
info: 5 failures reached, aborting stress process
stress-ng: debug: [214710] stress-ng-mergesort: exited [214710] (instance 3)
stress-ng: fail:  [214657] stress-ng-mergesort: mergesort failed: 22 (Invalid argument)
stress-ng: fail:  [214657] stress-ng-mergesort: mergesort failed: 22 (Invalid argument)
stress-ng: fail:  [214657] stress-ng-mergesort: mergesort failed: 22 (Invalid argument)
info: 5 failures reached, aborting stress process
stress-ng: debug: [214657] stress-ng-mergesort: exited [214657] (instance 2)
